#
# A fatal error has been detected by the Java Runtime Environment:
#
#  SIGSEGV (0xb) at pc=0x0000000000000000, pid=24999, tid=0x00007f5fe8808700
#
# JRE version: Java(TM) SE Runtime Environment (8.0_101-b13) (build 1.8.0_101-b13)
# Java VM: Java HotSpot(TM) 64-Bit Server VM (25.101-b13 mixed mode linux-amd64 compressed oops)
# Problematic frame:
# C  0x0000000000000000
#
# Failed to write core dump. Core dumps have been disabled. To enable core dumping, try "ulimit -c unlimited" before starting Java again
#
# If you would like to submit a bug report, please visit:
#   http://bugreport.java.com/bugreport/crash.jsp
#

---------------  T H R E A D  ---------------

Current thread (0x00007f60210e6800):  JavaThread "main" [_thread_in_Java, id=25027, stack(0x00007f5fe8708000,0x00007f5fe8809000)]

siginfo: si_signo: 11 (SIGSEGV), si_code: 1 (SEGV_MAPERR), si_addr: 0x0000000000000000

Registers:
RAX=0x0000000100475508, RBX=0x00007f5fab97bd98, RCX=0x00000000d9ffd708, RDX=0x0000000000000000
RSP=0x00007f5fe88059d0, RBP=0x00007f5fe8805a28, RSI=0x00007f5fab97bd98, RDI=0x0000000000000000
R8 =0x0000000000000000, R9 =0x000000000000000b, R10=0x00007f6027d23ca0, R11=0x000000000000000b
R12=0x0000000000000000, R13=0x00007f5fe88059d8, R14=0x0000000000000000, R15=0x00007f60210e6800
RIP=0x0000000000000000, EFLAGS=0x0000000000010246, CSGSFS=0x0000000000000033, ERR=0x0000000000000014
  TRAPNO=0x000000000000000e

Top of Stack: (sp=0x00007f5fe88059d0)
0x00007f5fe88059d0:   00007f601100833d 00000000859681a8
0x00007f5fe88059e0:   00000000d9ffd708 00007f5fe88059e8
0x00007f5fe88059f0:   00007f5fab4bfe1d 00007f5fe8805a38
0x00007f5fe8805a00:   00007f5faafdfe50 0000000000000000
0x00007f5fe8805a10:   00007f5fab4bfe68 00007f5fe88059d8
0x00007f5fe8805a20:   00007f5fe8805a38 00007f5fe8805a80
0x00007f5fe8805a30:   00007f601100833d 00000000d7283c78
0x00007f5fe8805a40:   00007f5fe8805a40 00007f5fab4be291
0x00007f5fe8805a50:   00007f5fe8805a90 00007f5faafe12e8
0x00007f5fe8805a60:   0000000000000000 00007f5fab4be2d0
0x00007f5fe8805a70:   00007f5fe8805a38 00007f5fe8805a90
0x00007f5fe8805a80:   00007f5fe8805ad8 00007f6011008382
0x00007f5fe8805a90:   00000000d7283c78 00007f5fe8805a98
0x00007f5fe8805aa0:   00007f5fe816adbd 00007f5fe8805b10
0x00007f5fe8805ab0:   00007f5fe819f000 0000000000000000
0x00007f5fe8805ac0:   00007f5fe816ae78 00007f5fe8805a90
0x00007f5fe8805ad0:   00007f5fe8805af8 00007f5fe8805b58
0x00007f5fe8805ae0:   00007f601100833d 0000000000000000
0x00007f5fe8805af0:   0000000000000001 00000000d724a3d8
0x00007f5fe8805b00:   00000000d7283c78 00000000862f4c70
0x00007f5fe8805b10:   00000000862ce5a0 00007f5fe8805b18
0x00007f5fe8805b20:   00007f5fe816aaad 00007f5fe8805b90
0x00007f5fe8805b30:   00007f5fe819f000 0000000000000000
0x00007f5fe8805b40:   00007f5fe816ab58 00007f5fe8805af8
0x00007f5fe8805b50:   00007f5fe8805b78 00007f5fe8805be8
0x00007f5fe8805b60:   00007f60110080c0 0000000000000000
0x00007f5fe8805b70:   00000000d7283c78 00000000d724a3d8
0x00007f5fe8805b80:   00000000d7283c78 00000000862f4c70
0x00007f5fe8805b90:   00000000862ce5a0 0000000000000001
0x00007f5fe8805ba0:   0000000000000000 00007f5fe8805b98
0x00007f5fe8805bb0:   00007f5fe81577c3 00007f5fe8805c70
0x00007f5fe8805bc0:   00007f5fe819f000 0000000000000000 

Instructions: (pc=0x0000000000000000)
0xffffffffffffffe0:   

Register to memory mapping:

RAX=0x0000000100475508 is pointing into metadata
RBX={method} {0x00007f5fab97bd98} 'setBeanClassLoader' '(Ljava/lang/ClassLoader;)V' in 'org/springframework/data/repository/core/support/RepositoryFactorySupport'
RCX=0x00000000d9ffd708 is an oop
org.springframework.data.mongodb.repository.support.MongoRepositoryFactory 
 - klass: 'org/springframework/data/mongodb/repository/support/MongoRepositoryFactory'
RDX=0x0000000000000000 is an unknown value
RSP=0x00007f5fe88059d0 is pointing into the stack for thread: 0x00007f60210e6800
RBP=0x00007f5fe8805a28 is pointing into the stack for thread: 0x00007f60210e6800
RSI={method} {0x00007f5fab97bd98} 'setBeanClassLoader' '(Ljava/lang/ClassLoader;)V' in 'org/springframework/data/repository/core/support/RepositoryFactorySupport'
RDI=0x0000000000000000 is an unknown value
R8 =0x0000000000000000 is an unknown value
R9 =0x000000000000000b is an unknown value
R10=0x00007f6027d23ca0: <offset 0xfc3ca0> in /usr/lib/jvm/java-8-oracle/jre/lib/amd64/server/libjvm.so at 0x00007f6026d60000
R11=0x000000000000000b is an unknown value
R12=0x0000000000000000 is an unknown value
R13=0x00007f5fe88059d8 is pointing into the stack for thread: 0x00007f60210e6800
R14=0x0000000000000000 is an unknown value
R15=0x00007f60210e6800 is a thread


Stack: [0x00007f5fe8708000,0x00007f5fe8809000],  sp=0x00007f5fe88059d0,  free space=1014k

---------------  P R O C E S S  ---------------

Java Threads: ( => current thread )
  0x00007f5fb0f5a000 JavaThread "pool-2-thread-1" daemon [_thread_blocked, id=25039, stack(0x00007f5faa843000,0x00007f5faa944000)]
  0x00007f5fb0f55800 JavaThread "cluster-ClusterId{value='57adc7b12bfc5861a70f692b', description='null'}-127.0.0.1:27017" daemon [_thread_blocked, id=25038, stack(0x00007f5faa944000,0x00007f5faaa45000)]
  0x00007f5fb01da000 JavaThread "container-0" [_thread_blocked, id=25037, stack(0x00007f5faac45000,0x00007f5faad46000)]
  0x00007f5f9c059800 JavaThread "ContainerBackgroundProcessor[StandardEngine[Tomcat].StandardHost[localhost].StandardContext[]]" daemon [_thread_blocked, id=25036, stack(0x00007f5faad46000,0x00007f5faae47000)]
  0x00007f5fa4778000 JavaThread "localhost-startStop-1" daemon [_thread_blocked, id=25035, stack(0x00007f5fab701000,0x00007f5fab802000)]
  0x00007f5fb0f0c000 JavaThread "Tomcat-startStop-1" daemon [_thread_blocked, id=25034, stack(0x00007f5faba02000,0x00007f5fabb03000)]
=>0x00007f60210e6800 JavaThread "main" [_thread_in_Java, id=25027, stack(0x00007f5fe8708000,0x00007f5fe8809000)]
  0x00007f602095d800 JavaThread "process reaper" daemon [_thread_blocked, id=25026, stack(0x00007f5fe931c000,0x00007f5fe9355000)]
  0x00007f60200e6000 JavaThread "Service Thread" daemon [_thread_blocked, id=25022, stack(0x00007f5fe98b6000,0x00007f5fe99b7000)]
  0x00007f60200da800 JavaThread "C1 CompilerThread3" daemon [_thread_blocked, id=25021, stack(0x00007f5fe99b7000,0x00007f5fe9ab8000)]
  0x00007f60200d8800 JavaThread "C2 CompilerThread2" daemon [_thread_blocked, id=25020, stack(0x00007f5fe9ab8000,0x00007f5fe9bb9000)]
  0x00007f60200d6800 JavaThread "C2 CompilerThread1" daemon [_thread_blocked, id=25019, stack(0x00007f5fe9bb9000,0x00007f5fe9cba000)]
  0x00007f60200d3800 JavaThread "C2 CompilerThread0" daemon [_thread_blocked, id=25018, stack(0x00007f5fe9cba000,0x00007f5fe9dbb000)]
  0x00007f5fd8001000 JavaThread "JDWP Command Reader" daemon [_thread_in_native, id=25017, stack(0x00007f5fe9dbb000,0x00007f5fe9ebc000)]
  0x00007f60200d1800 JavaThread "JDWP Event Helper Thread" daemon [_thread_blocked, id=25015, stack(0x00007f5fe9ebc000,0x00007f5fe9fbd000)]
  0x00007f60200ce000 JavaThread "JDWP Transport Listener: dt_socket" daemon [_thread_blocked, id=25013, stack(0x00007f5fe9fbd000,0x00007f5fea0be000)]
  0x00007f60200c2000 JavaThread "Signal Dispatcher" daemon [_thread_blocked, id=25012, stack(0x00007f5fea2c2000,0x00007f5fea3c3000)]
  0x00007f602008f800 JavaThread "Finalizer" daemon [_thread_blocked, id=25011, stack(0x00007f5fea3c3000,0x00007f5fea4c4000)]
  0x00007f602008b000 JavaThread "Reference Handler" daemon [_thread_blocked, id=25010, stack(0x00007f5fea4c4000,0x00007f5fea5c5000)]
  0x00007f602000d800 JavaThread "main" [_thread_blocked, id=25000, stack(0x00007f602884b000,0x00007f602894c000)]

Other Threads:
  0x00007f6020083800 VMThread [stack: 0x00007f5fea5c5000,0x00007f5fea6c6000] [id=25009]
  0x00007f60200e9000 WatcherThread [stack: 0x00007f5fe97b5000,0x00007f5fe98b6000] [id=25023]

VM state:not at safepoint (normal execution)

VM Mutex/Monitor currently owned by a thread: None

Heap:
 PSYoungGen      total 264704K, used 51929K [0x00000000d7000000, 0x00000000e9780000, 0x0000000100000000)
  eden space 248832K, 20% used [0x00000000d7000000,0x00000000da2b65b8,0x00000000e6300000)
  from space 15872K, 0% used [0x00000000e6300000,0x00000000e6300000,0x00000000e7280000)
  to   space 18944K, 0% used [0x00000000e8500000,0x00000000e8500000,0x00000000e9780000)
 ParOldGen       total 105472K, used 31695K [0x0000000085000000, 0x000000008b700000, 0x00000000d7000000)
  object space 105472K, 30% used [0x0000000085000000,0x0000000086ef3d10,0x000000008b700000)
 Metaspace       used 38661K, capacity 39310K, committed 39592K, reserved 1083392K
  class space    used 4819K, capacity 5015K, committed 5032K, reserved 1048576K

Card table byte_map: [0x00007f60249ac000,0x00007f6024d85000] byte_map_base: 0x00007f6024584000

Marking Bits: (ParMarkBitMap*) 0x00007f6027d21120
 Begin Bits: [0x00007f5ff8280000, 0x00007f5ffa140000)
 End Bits:   [0x00007f5ffa140000, 0x00007f5ffc000000)

Polling page: 0x00007f6028970000

CodeCache: size=245760Kb used=15692Kb max_used=16514Kb free=230067Kb
 bounds [0x00007f6011000000, 0x00007f6012050000, 0x00007f6020000000]
 total_blobs=4745 nmethods=4346 adapters=319
 compilation: enabled

Compilation events (10 events):
Event: 4,448 Thread 0x00007f60200da800 nmethod 4982 0x00007f601115ce10 code [0x00007f601115cf80, 0x00007f601115d150]
Event: 4,449 Thread 0x00007f60200da800 4983       3       java.lang.Throwable::<init> (34 bytes)
Event: 4,449 Thread 0x00007f60200d3800 4985       4       org.springframework.beans.factory.support.AbstractBeanFactory::isFactoryBean (35 bytes)
Event: 4,449 Thread 0x00007f60200da800 nmethod 4983 0x00007f601167db10 code [0x00007f601167dc80, 0x00007f601167df68]
Event: 4,449 Thread 0x00007f60200da800 4984       3       org.springframework.beans.factory.annotation.InjectionMetadata::needsRefresh (18 bytes)
Event: 4,449 Thread 0x00007f60200da800 nmethod 4984 0x00007f6011afae50 code [0x00007f6011afafc0, 0x00007f6011afb190]
Event: 4,450 Thread 0x00007f60200da800 4986       3       org.springframework.core.MethodParameter::setContainingClass (6 bytes)
Event: 4,450 Thread 0x00007f60200da800 nmethod 4986 0x00007f6012020310 code [0x00007f6012020460, 0x00007f60120205d0]
Event: 4,450 Thread 0x00007f60200d3800 nmethod 4985 0x00007f6011b79190 code [0x00007f6011b79300, 0x00007f6011b79488]
Event: 4,451 Thread 0x00007f60200d8800 nmethod 4978 0x00007f6011951610 code [0x00007f6011951780, 0x00007f6011951d18]

GC Heap History (10 events):
Event: 2,363 GC heap before
{Heap before GC invocations=7 (full 0):
 PSYoungGen      total 136704K, used 64218K [0x00000000d7000000, 0x00000000dff00000, 0x0000000100000000)
  eden space 126976K, 44% used [0x00000000d7000000,0x00000000da6a8b10,0x00000000dec00000)
  from space 9728K, 84% used [0x00000000df580000,0x00000000dfd8dd50,0x00000000dff00000)
  to   space 9728K, 0% used [0x00000000dec00000,0x00000000dec00000,0x00000000df580000)
 ParOldGen       total 84992K, used 9241K [0x0000000085000000, 0x000000008a300000, 0x00000000d7000000)
  object space 84992K, 10% used [0x0000000085000000,0x00000000859066a8,0x000000008a300000)
 Metaspace       used 20639K, capacity 21152K, committed 21296K, reserved 1069056K
  class space    used 2409K, capacity 2563K, committed 2608K, reserved 1048576K
Event: 2,379 GC heap after
Heap after GC invocations=7 (full 0):
 PSYoungGen      total 136704K, used 9727K [0x00000000d7000000, 0x00000000e8200000, 0x0000000100000000)
  eden space 126976K, 0% used [0x00000000d7000000,0x00000000d7000000,0x00000000dec00000)
  from space 9728K, 99% used [0x00000000dec00000,0x00000000df57fef0,0x00000000df580000)
  to   space 13312K, 0% used [0x00000000e7500000,0x00000000e7500000,0x00000000e8200000)
 ParOldGen       total 84992K, used 13712K [0x0000000085000000, 0x000000008a300000, 0x00000000d7000000)
  object space 84992K, 16% used [0x0000000085000000,0x0000000085d64028,0x000000008a300000)
 Metaspace       used 20639K, capacity 21152K, committed 21296K, reserved 1069056K
  class space    used 2409K, capacity 2563K, committed 2608K, reserved 1048576K
}
Event: 2,379 GC heap before
{Heap before GC invocations=8 (full 1):
 PSYoungGen      total 136704K, used 9727K [0x00000000d7000000, 0x00000000e8200000, 0x0000000100000000)
  eden space 126976K, 0% used [0x00000000d7000000,0x00000000d7000000,0x00000000dec00000)
  from space 9728K, 99% used [0x00000000dec00000,0x00000000df57fef0,0x00000000df580000)
  to   space 13312K, 0% used [0x00000000e7500000,0x00000000e7500000,0x00000000e8200000)
 ParOldGen       total 84992K, used 13712K [0x0000000085000000, 0x000000008a300000, 0x00000000d7000000)
  object space 84992K, 16% used [0x0000000085000000,0x0000000085d64028,0x000000008a300000)
 Metaspace       used 20639K, capacity 21152K, committed 21296K, reserved 1069056K
  class space    used 2409K, capacity 2563K, committed 2608K, reserved 1048576K
Event: 2,438 GC heap after
Heap after GC invocations=8 (full 1):
 PSYoungGen      total 136704K, used 0K [0x00000000d7000000, 0x00000000e8200000, 0x0000000100000000)
  eden space 126976K, 0% used [0x00000000d7000000,0x00000000d7000000,0x00000000dec00000)
  from space 9728K, 0% used [0x00000000dec00000,0x00000000dec00000,0x00000000df580000)
  to   space 13312K, 0% used [0x00000000e7500000,0x00000000e7500000,0x00000000e8200000)
 ParOldGen       total 69120K, used 18797K [0x0000000085000000, 0x0000000089380000, 0x00000000d7000000)
  object space 69120K, 27% used [0x0000000085000000,0x000000008625b428,0x0000000089380000)
 Metaspace       used 20639K, capacity 21152K, committed 21296K, reserved 1069056K
  class space    used 2409K, capacity 2563K, committed 2608K, reserved 1048576K
}
Event: 3,075 GC heap before
{Heap before GC invocations=9 (full 1):
 PSYoungGen      total 136704K, used 126976K [0x00000000d7000000, 0x00000000e8200000, 0x0000000100000000)
  eden space 126976K, 100% used [0x00000000d7000000,0x00000000dec00000,0x00000000dec00000)
  from space 9728K, 0% used [0x00000000dec00000,0x00000000dec00000,0x00000000df580000)
  to   space 13312K, 0% used [0x00000000e7500000,0x00000000e7500000,0x00000000e8200000)
 ParOldGen       total 69120K, used 18797K [0x0000000085000000, 0x0000000089380000, 0x00000000d7000000)
  object space 69120K, 27% used [0x0000000085000000,0x000000008625b428,0x0000000089380000)
 Metaspace       used 28973K, capacity 29534K, committed 29872K, reserved 1075200K
  class space    used 3500K, capacity 3663K, committed 3760K, reserved 1048576K
Event: 3,093 GC heap after
Heap after GC invocations=9 (full 1):
 PSYoungGen      total 212992K, used 13311K [0x00000000d7000000, 0x00000000e8200000, 0x0000000100000000)
  eden space 199680K, 0% used [0x00000000d7000000,0x00000000d7000000,0x00000000e3300000)
  from space 13312K, 99% used [0x00000000e7500000,0x00000000e81ffd80,0x00000000e8200000)
  to   space 15872K, 0% used [0x00000000e6300000,0x00000000e6300000,0x00000000e7280000)
 ParOldGen       total 69120K, used 21463K [0x0000000085000000, 0x0000000089380000, 0x00000000d7000000)
  object space 69120K, 31% used [0x0000000085000000,0x00000000864f5f48,0x0000000089380000)
 Metaspace       used 28973K, capacity 29534K, committed 29872K, reserved 1075200K
  class space    used 3500K, capacity 3663K, committed 3760K, reserved 1048576K
}
Event: 3,880 GC heap before
{Heap before GC invocations=10 (full 1):
 PSYoungGen      total 212992K, used 110618K [0x00000000d7000000, 0x00000000e8200000, 0x0000000100000000)
  eden space 199680K, 48% used [0x00000000d7000000,0x00000000dcf06e48,0x00000000e3300000)
  from space 13312K, 99% used [0x00000000e7500000,0x00000000e81ffd80,0x00000000e8200000)
  to   space 15872K, 0% used [0x00000000e6300000,0x00000000e6300000,0x00000000e7280000)
 ParOldGen       total 69120K, used 21463K [0x0000000085000000, 0x0000000089380000, 0x00000000d7000000)
  object space 69120K, 31% used [0x0000000085000000,0x00000000864f5f48,0x0000000089380000)
 Metaspace       used 34651K, capacity 35228K, committed 35496K, reserved 1081344K
  class space    used 4228K, capacity 4404K, committed 4520K, reserved 1048576K
Event: 3,894 GC heap after
Heap after GC invocations=10 (full 1):
 PSYoungGen      total 264704K, used 15849K [0x00000000d7000000, 0x00000000e9780000, 0x0000000100000000)
  eden space 248832K, 0% used [0x00000000d7000000,0x00000000d7000000,0x00000000e6300000)
  from space 15872K, 99% used [0x00000000e6300000,0x00000000e727a7f0,0x00000000e7280000)
  to   space 18944K, 0% used [0x00000000e8500000,0x00000000e8500000,0x00000000e9780000)
 ParOldGen       total 69120K, used 24304K [0x0000000085000000, 0x0000000089380000, 0x00000000d7000000)
  object space 69120K, 35% used [0x0000000085000000,0x00000000867bc1e8,0x0000000089380000)
 Metaspace       used 34651K, capacity 35228K, committed 35496K, reserved 1081344K
  class space    used 4228K, capacity 4404K, committed 4520K, reserved 1048576K
}
Event: 3,894 GC heap before
{Heap before GC invocations=11 (full 2):
 PSYoungGen      total 264704K, used 15849K [0x00000000d7000000, 0x00000000e9780000, 0x0000000100000000)
  eden space 248832K, 0% used [0x00000000d7000000,0x00000000d7000000,0x00000000e6300000)
  from space 15872K, 99% used [0x00000000e6300000,0x00000000e727a7f0,0x00000000e7280000)
  to   space 18944K, 0% used [0x00000000e8500000,0x00000000e8500000,0x00000000e9780000)
 ParOldGen       total 69120K, used 24304K [0x0000000085000000, 0x0000000089380000, 0x00000000d7000000)
  object space 69120K, 35% used [0x0000000085000000,0x00000000867bc1e8,0x0000000089380000)
 Metaspace       used 34651K, capacity 35228K, committed 35496K, reserved 1081344K
  class space    used 4228K, capacity 4404K, committed 4520K, reserved 1048576K
Event: 3,949 GC heap after
Heap after GC invocations=11 (full 2):
 PSYoungGen      total 264704K, used 0K [0x00000000d7000000, 0x00000000e9780000, 0x0000000100000000)
  eden space 248832K, 0% used [0x00000000d7000000,0x00000000d7000000,0x00000000e6300000)
  from space 15872K, 0% used [0x00000000e6300000,0x00000000e6300000,0x00000000e7280000)
  to   space 18944K, 0% used [0x00000000e8500000,0x00000000e8500000,0x00000000e9780000)
 ParOldGen       total 105472K, used 31695K [0x0000000085000000, 0x000000008b700000, 0x00000000d7000000)
  object space 105472K, 30% used [0x0000000085000000,0x0000000086ef3d10,0x000000008b700000)
 Metaspace       used 34651K, capacity 35228K, committed 35496K, reserved 1081344K
  class space    used 4228K, capacity 4404K, committed 4520K, reserved 1048576K
}

Deoptimization events (10 events):
Event: 4,118 Thread 0x00007f5fa4778000 Uncommon trap: reason=array_check action=maybe_recompile pc=0x00007f601151e7f0 method=java.util.AbstractCollection.toArray([Ljava/lang/Object;)[Ljava/lang/Object; @ 119
Event: 4,118 Thread 0x00007f5fa4778000 Uncommon trap: reason=array_check action=maybe_recompile pc=0x00007f601151e7f0 method=java.util.AbstractCollection.toArray([Ljava/lang/Object;)[Ljava/lang/Object; @ 119
Event: 4,123 Thread 0x00007f5fa4778000 Uncommon trap: reason=unstable_if action=reinterpret pc=0x00007f601116a65c method=org.springframework.util.ConcurrentReferenceHashMap$Segment.findInChain(Lorg/springframework/util/ConcurrentReferenceHashMap$Reference;Ljava/lang/Object;I)Lorg/springframewo
Event: 4,220 Thread 0x00007f5fa4778000 Uncommon trap: reason=unstable_if action=reinterpret pc=0x00007f6011565104 method=java.lang.StringCoding$StringEncoder.encode([CII)[B @ 20
Event: 4,250 Thread 0x00007f60210e6800 Uncommon trap: reason=unstable_if action=reinterpret pc=0x00007f6011e0ced0 method=java.net.URLClassLoader.getAndVerifyPackage(Ljava/lang/String;Ljava/util/jar/Manifest;Ljava/net/URL;)Ljava/lang/Package; @ 62
Event: 4,353 Thread 0x00007f60210e6800 Uncommon trap: reason=class_check action=maybe_recompile pc=0x00007f60114f3030 method=java.util.AbstractList$Itr.hasNext()Z @ 8
Event: 4,353 Thread 0x00007f60210e6800 Uncommon trap: reason=class_check action=maybe_recompile pc=0x00007f60115854d4 method=java.util.AbstractList$Itr.next()Ljava/lang/Object; @ 14
Event: 4,380 Thread 0x00007f60210e6800 Uncommon trap: reason=predicate action=maybe_recompile pc=0x00007f6011ee33b8 method=java.util.AbstractCollection.addAll(Ljava/util/Collection;)Z @ 18
Event: 4,386 Thread 0x00007f5fb0f55800 Uncommon trap: reason=unstable_if action=reinterpret pc=0x00007f6011886700 method=java.net.URI.match(CJJ)Z @ 19
Event: 4,433 Thread 0x00007f60210e6800 Uncommon trap: reason=unstable_if action=reinterpret pc=0x00007f601132c474 method=org.springframework.util.ConcurrentReferenceHashMap$Segment.clear()V @ 4

Internal exceptions (10 events):
Event: 4,277 Thread 0x00007f60210e6800 Exception <a 'java/lang/ClassNotFoundException': com/be/config/DbConfig$$EnhancerBySpringCGLIB$$14122f39Customizer> (0x00000000d8d459b8) thrown at [/HUDSON3/workspace/8-2-build-linux-amd64/jdk8u101/7261/hotspot/src/share/vm/classfile/systemDictionary.cpp,
Event: 4,278 Thread 0x00007f60210e6800 Exception <a 'java/lang/ClassNotFoundException': org/springframework/context/annotation/ConfigurationClassEnhancer$EnhancedConfigurationCustomizer> (0x00000000d8d61840) thrown at [/HUDSON3/workspace/8-2-build-linux-amd64/jdk8u101/7261/hotspot/src/share/vm
Event: 4,385 Thread 0x00007f60210e6800 Exception <a 'java/lang/ClassNotFoundException': java/lang/ObjectCustomizer> (0x00000000d94f64f0) thrown at [/HUDSON3/workspace/8-2-build-linux-amd64/jdk8u101/7261/hotspot/src/share/vm/classfile/systemDictionary.cpp, line 210]
Event: 4,385 Thread 0x00007f60210e6800 Exception <a 'java/lang/ClassNotFoundException': org/springframework/data/mongodb/core/SimpleMongoDbFactoryCustomizer> (0x00000000d950a4a0) thrown at [/HUDSON3/workspace/8-2-build-linux-amd64/jdk8u101/7261/hotspot/src/share/vm/classfile/systemDictionary.c
Event: 4,386 Thread 0x00007f60210e6800 Exception <a 'java/lang/ClassNotFoundException': org/springframework/beans/factory/DisposableBeanCustomizer> (0x00000000d9520920) thrown at [/HUDSON3/workspace/8-2-build-linux-amd64/jdk8u101/7261/hotspot/src/share/vm/classfile/systemDictionary.cpp, line 2
Event: 4,386 Thread 0x00007f60210e6800 Exception <a 'java/lang/ClassNotFoundException': org/springframework/data/mongodb/MongoDbFactoryCustomizer> (0x00000000d952fc38) thrown at [/HUDSON3/workspace/8-2-build-linux-amd64/jdk8u101/7261/hotspot/src/share/vm/classfile/systemDictionary.cpp, line 21
Event: 4,444 Thread 0x00007f60210e6800 Exception <a 'java/lang/ClassNotFoundException': java/lang/ObjectCustomizer> (0x00000000d9e54338) thrown at [/HUDSON3/workspace/8-2-build-linux-amd64/jdk8u101/7261/hotspot/src/share/vm/classfile/systemDictionary.cpp, line 210]
Event: 4,445 Thread 0x00007f60210e6800 Exception <a 'java/lang/ClassNotFoundException': org/springframework/data/mongodb/core/MongoTemplateCustomizer> (0x00000000d9e66fd8) thrown at [/HUDSON3/workspace/8-2-build-linux-amd64/jdk8u101/7261/hotspot/src/share/vm/classfile/systemDictionary.cpp, lin
Event: 4,447 Thread 0x00007f60210e6800 Exception <a 'java/lang/ClassNotFoundException': org/springframework/data/mongodb/core/MongoOperationsCustomizer> (0x00000000d9f34628) thrown at [/HUDSON3/workspace/8-2-build-linux-amd64/jdk8u101/7261/hotspot/src/share/vm/classfile/systemDictionary.cpp, l
Event: 4,449 Thread 0x00007f60210e6800 Exception <a 'java/lang/ClassNotFoundException': org/springframework/context/ApplicationContextAwareCustomizer> (0x00000000d9fdf5a8) thrown at [/HUDSON3/workspace/8-2-build-linux-amd64/jdk8u101/7261/hotspot/src/share/vm/classfile/systemDictionary.cpp, lin

Events (10 events):
Event: 4,451 Thread 0x00007f60210e6800 DEOPT PACKING pc=0x00007f6011fcb184 sp=0x00007f5fe8804ef0
Event: 4,451 Thread 0x00007f60210e6800 DEOPT UNPACKING pc=0x00007f6011047633 sp=0x00007f5fe8804c90 mode 1
Event: 4,451 Thread 0x00007f60210e6800 DEOPT PACKING pc=0x00007f6011fcc304 sp=0x00007f5fe8804fe0
Event: 4,451 Thread 0x00007f60210e6800 DEOPT UNPACKING pc=0x00007f6011047633 sp=0x00007f5fe8804c58 mode 1
Event: 4,451 loading class org/springframework/data/repository/core/support/RepositoryFactorySupport$QueryCollectingQueryCreationListener
Event: 4,451 loading class org/springframework/data/repository/core/support/RepositoryFactorySupport$QueryCollectingQueryCreationListener done
Event: 4,451 Thread 0x00007f60210e6800 DEOPT PACKING pc=0x00007f6011fcb184 sp=0x00007f5fe8804840
Event: 4,451 Thread 0x00007f60210e6800 DEOPT UNPACKING pc=0x00007f6011047633 sp=0x00007f5fe88045e0 mode 1
Event: 4,451 Thread 0x00007f60210e6800 DEOPT PACKING pc=0x00007f6011fcc304 sp=0x00007f5fe8804930
Event: 4,451 Thread 0x00007f60210e6800 DEOPT UNPACKING pc=0x00007f6011047633 sp=0x00007f5fe88045a8 mode 1


Dynamic libraries:
00400000-00401000 r-xp 00000000 08:04 1187000                            /usr/lib/jvm/java-8-oracle/bin/java
00600000-00601000 rw-p 00000000 08:04 1187000                            /usr/lib/jvm/java-8-oracle/bin/java
00bf2000-00c13000 rw-p 00000000 00:00 0                                  [heap]
85000000-8b700000 rw-p 00000000 00:00 0 
8b700000-d7000000 ---p 00000000 00:00 0 
d7000000-e9780000 rw-p 00000000 00:00 0 
e9780000-100000000 ---p 00000000 00:00 0 
100000000-1004ea000 rw-p 00000000 00:00 0 
1004ea000-140000000 ---p 00000000 00:00 0 
7f5f8c000000-7f5f8c021000 rw-p 00000000 00:00 0 
7f5f8c021000-7f5f90000000 ---p 00000000 00:00 0 
7f5f94000000-7f5f94021000 rw-p 00000000 00:00 0 
7f5f94021000-7f5f98000000 ---p 00000000 00:00 0 
7f5f98000000-7f5f98022000 rw-p 00000000 00:00 0 
7f5f98022000-7f5f9c000000 ---p 00000000 00:00 0 
7f5f9c000000-7f5f9c063000 rw-p 00000000 00:00 0 
7f5f9c063000-7f5fa0000000 ---p 00000000 00:00 0 
7f5fa0000000-7f5fa0021000 rw-p 00000000 00:00 0 
7f5fa0021000-7f5fa4000000 ---p 00000000 00:00 0 
7f5fa4000000-7f5fa477a000 rw-p 00000000 00:00 0 
7f5fa477a000-7f5fa8000000 ---p 00000000 00:00 0 
7f5faa843000-7f5faa846000 ---p 00000000 00:00 0 
7f5faa846000-7f5faa944000 rw-p 00000000 00:00 0 
7f5faa944000-7f5faa947000 ---p 00000000 00:00 0 
7f5faa947000-7f5faac05000 rw-p 00000000 00:00 0 
7f5faac05000-7f5faac45000 ---p 00000000 00:00 0 
7f5faac45000-7f5faac48000 ---p 00000000 00:00 0 
7f5faac48000-7f5faad46000 rw-p 00000000 00:00 0 
7f5faad46000-7f5faad49000 ---p 00000000 00:00 0 
7f5faad49000-7f5fab047000 rw-p 00000000 00:00 0 
7f5fab047000-7f5fab247000 rw-p 00000000 00:00 0 
7f5fab247000-7f5fab447000 rw-p 00000000 00:00 0 
7f5fab447000-7f5fab647000 rw-p 00000000 00:00 0 
7f5fab701000-7f5fab704000 ---p 00000000 00:00 0 
7f5fab704000-7f5faba02000 rw-p 00000000 00:00 0 
7f5faba02000-7f5faba05000 ---p 00000000 00:00 0 
7f5faba05000-7f5fabb03000 rw-p 00000000 00:00 0 
7f5fabb03000-7f5fabb0c000 r-xp 00000000 08:04 1187116                    /usr/lib/jvm/java-8-oracle/jre/lib/amd64/libmanagement.so
7f5fabb0c000-7f5fabd0b000 ---p 00009000 08:04 1187116                    /usr/lib/jvm/java-8-oracle/jre/lib/amd64/libmanagement.so
7f5fabd0b000-7f5fabd0c000 rw-p 00008000 08:04 1187116                    /usr/lib/jvm/java-8-oracle/jre/lib/amd64/libmanagement.so
7f5fabd6a000-7f5fabe00000 r--s 01102000 08:04 1187155                    /usr/lib/jvm/java-8-oracle/jre/lib/ext/jfxrt.jar
7f5fabe00000-7f5fac000000 rw-p 00000000 00:00 0 
7f5fac000000-7f5fac021000 rw-p 00000000 00:00 0 
7f5fac021000-7f5fb0000000 ---p 00000000 00:00 0 
7f5fb0000000-7f5fb0fb3000 rw-p 00000000 00:00 0 
7f5fb0fb3000-7f5fb4000000 ---p 00000000 00:00 0 
7f5fb4000000-7f5fb4021000 rw-p 00000000 00:00 0 
7f5fb4021000-7f5fb8000000 ---p 00000000 00:00 0 
7f5fb8000000-7f5fb8021000 rw-p 00000000 00:00 0 
7f5fb8021000-7f5fbc000000 ---p 00000000 00:00 0 
7f5fbc000000-7f5fbd972000 rw-p 00000000 00:00 0 
7f5fbd972000-7f5fc0000000 ---p 00000000 00:00 0 
7f5fc0000000-7f5fc0e2c000 rw-p 00000000 00:00 0 
7f5fc0e2c000-7f5fc4000000 ---p 00000000 00:00 0 
7f5fc4000000-7f5fc5c01000 rw-p 00000000 00:00 0 
7f5fc5c01000-7f5fc8000000 ---p 00000000 00:00 0 
7f5fc8000000-7f5fc9fe8000 rw-p 00000000 00:00 0 
7f5fc9fe8000-7f5fcc000000 ---p 00000000 00:00 0 
7f5fcc000000-7f5fcc08c000 rw-p 00000000 00:00 0 
7f5fcc08c000-7f5fd0000000 ---p 00000000 00:00 0 
7f5fd0000000-7f5fd0021000 rw-p 00000000 00:00 0 
7f5fd0021000-7f5fd4000000 ---p 00000000 00:00 0 
7f5fd4000000-7f5fd4021000 rw-p 00000000 00:00 0 
7f5fd4021000-7f5fd8000000 ---p 00000000 00:00 0 
7f5fd8000000-7f5fd8021000 rw-p 00000000 00:00 0 
7f5fd8021000-7f5fdc000000 ---p 00000000 00:00 0 
7f5fdc000000-7f5fdc021000 rw-p 00000000 00:00 0 
7f5fdc021000-7f5fe0000000 ---p 00000000 00:00 0 
7f5fe0000000-7f5fe0021000 rw-p 00000000 00:00 0 
7f5fe0021000-7f5fe4000000 ---p 00000000 00:00 0 
7f5fe4000000-7f5fe4021000 rw-p 00000000 00:00 0 
7f5fe4021000-7f5fe8000000 ---p 00000000 00:00 0 
7f5fe8051000-7f5fe8064000 r--s 00345000 08:04 1187303                    /usr/lib/jvm/java-8-oracle/jre/lib/resources.jar
7f5fe8064000-7f5fe8069000 r--s 002f9000 08:04 1187027                    /usr/lib/jvm/java-8-oracle/jre/lib/charsets.jar
7f5fe8069000-7f5fe8269000 rw-p 00000000 00:00 0 
7f5fe8269000-7f5fe8469000 rw-p 00000000 00:00 0 
7f5fe8469000-7f5fe846a000 r--p 00000000 08:04 1450506                    /usr/share/locale-langpack/en_GB/LC_MESSAGES/libc.mo
7f5fe846a000-7f5fe866a000 rw-p 00000000 00:00 0 
7f5fe866a000-7f5fe866c000 r--s 0000f000 08:04 5251567                    /home/jaeger/.m2/repository/org/jboss/logging/jboss-logging/3.3.0.Final/jboss-logging-3.3.0.Final.jar
7f5fe866c000-7f5fe866d000 r--s 00000000 08:04 3807555                    /home/jaeger/.m2/repository/org/springframework/boot/spring-boot-starter-data-mongodb/1.4.0.RELEASE/spring-boot-starter-data-mongodb-1.4.0.RELEASE.jar
7f5fe866d000-7f5fe8676000 r--s 00054000 08:04 3940755                    /home/jaeger/.m2/repository/org/springframework/spring-aop/4.3.2.RELEASE/spring-aop-4.3.2.RELEASE.jar
7f5fe8676000-7f5fe8678000 r--s 00004000 08:04 4330842                    /home/jaeger/.m2/repository/org/slf4j/log4j-over-slf4j/1.7.21/log4j-over-slf4j-1.7.21.jar
7f5fe8678000-7f5fe867a000 r--s 00003000 08:04 4201245                    /home/jaeger/.m2/repository/org/slf4j/jcl-over-slf4j/1.7.21/jcl-over-slf4j-1.7.21.jar
7f5fe867a000-7f5fe868c000 r--s 0011b000 08:04 4859855                    /home/jaeger/.m2/repository/com/fasterxml/jackson/core/jackson-databind/2.8.1/jackson-databind-2.8.1.jar
7f5fe868c000-7f5fe8698000 r--s 000a6000 08:04 5379325                    /home/jaeger/.m2/repository/net/sourceforge/jexcelapi/jxl/2.6.12/jxl-2.6.12.jar
7f5fe8698000-7f5fe869c000 r--s 0000c000 08:04 4069629                    /home/jaeger/.m2/repository/javax/validation/validation-api/1.1.0.Final/validation-api-1.1.0.Final.jar
7f5fe869c000-7f5fe86a6000 r--s 00069000 08:04 4069627                    /home/jaeger/.m2/repository/ch/qos/logback/logback-core/1.1.7/logback-core-1.1.7.jar
7f5fe86a6000-7f5fe86ab000 r--s 0003c000 08:04 3940751                    /home/jaeger/.m2/repository/org/springframework/spring-expression/4.3.2.RELEASE/spring-expression-4.3.2.RELEASE.jar
7f5fe86ab000-7f5fe86ba000 r--s 0008f000 08:04 3807557                    /home/jaeger/.m2/repository/org/springframework/boot/spring-boot/1.4.0.RELEASE/spring-boot-1.4.0.RELEASE.jar
7f5fe86ba000-7f5fe86c1000 r--s 00044000 08:04 3940746                    /home/jaeger/.m2/repository/ch/qos/logback/logback-classic/1.1.7/logback-classic-1.1.7.jar
7f5fe86c1000-7f5fe86c9000 r--s 0003a000 08:04 4726339                    /home/jaeger/.m2/repository/org/springframework/spring-tx/4.3.2.RELEASE/spring-tx-4.3.2.RELEASE.jar
7f5fe86c9000-7f5fe86ce000 r--s 00036000 08:04 4990212                    /home/jaeger/.m2/repository/org/apache/tomcat/embed/tomcat-embed-websocket/8.5.4/tomcat-embed-websocket-8.5.4.jar
7f5fe86ce000-7f5fe86df000 r--s 00098000 08:04 4726341                    /home/jaeger/.m2/repository/org/springframework/data/spring-data-commons/1.12.2.RELEASE/spring-data-commons-1.12.2.RELEASE.jar
7f5fe86df000-7f5fe86e6000 r--s 00053000 08:04 5379327                    /home/jaeger/.m2/repository/log4j/log4j/1.2.14/log4j-1.2.14.jar
7f5fe86e6000-7f5fe86e9000 r--s 0000b000 08:04 5251570                    /home/jaeger/.m2/repository/com/fasterxml/jackson/core/jackson-annotations/2.8.1/jackson-annotations-2.8.1.jar
7f5fe86e9000-7f5fe86f6000 r--s 000ac000 08:04 3940750                    /home/jaeger/.m2/repository/org/springframework/spring-beans/4.3.2.RELEASE/spring-beans-4.3.2.RELEASE.jar
7f5fe86f6000-7f5fe8708000 r--s 000ce000 08:04 5251575                    /home/jaeger/.m2/repository/org/springframework/spring-webmvc/4.3.2.RELEASE/spring-webmvc-4.3.2.RELEASE.jar
7f5fe8708000-7f5fe870b000 ---p 00000000 00:00 0 
7f5fe870b000-7f5fe8809000 rw-p 00000000 00:00 0 
7f5fe8809000-7f5fe880b000 r--s 0000d000 08:04 5505324                    /home/jaeger/.m2/repository/org/codehaus/plexus/plexus-interpolation/1.13/plexus-interpolation-1.13.jar
7f5fe880b000-7f5fe880c000 r--s 00001000 08:04 5505323                    /home/jaeger/.m2/repository/org/sonatype/plexus/plexus-build-api/0.0.4/plexus-build-api-0.0.4.jar
7f5fe880c000-7f5fe880e000 r--s 00009000 08:04 5505319                    /home/jaeger/.m2/repository/org/apache/maven/shared/maven-filtering/1.1/maven-filtering-1.1.jar
7f5fe880e000-7f5fe8812000 r--s 00033000 08:04 5505320                    /home/jaeger/.m2/repository/org/codehaus/plexus/plexus-utils/2.0.5/plexus-utils-2.0.5.jar
7f5fe8812000-7f5fe8815000 r--s 0001b000 08:04 5379801                    /home/jaeger/.m2/repository/junit/junit/3.8.1/junit-3.8.1.jar
7f5fe8815000-7f5fe8817000 r--s 00002000 08:04 5379803                    /home/jaeger/.m2/repository/org/codehaus/plexus/plexus-interactivity-api/1.0-alpha-4/plexus-interactivity-api-1.0-alpha-4.jar
7f5fe8817000-7f5fe8819000 r--s 00006000 08:04 5505318                    /home/jaeger/.m2/repository/commons-cli/commons-cli/1.0/commons-cli-1.0.jar
7f5fe8819000-7f5fe881a000 r--s 00001000 08:04 5380481                    /home/jaeger/.m2/repository/org/apache/maven/doxia/doxia-sink-api/1.0-alpha-7/doxia-sink-api-1.0-alpha-7.jar
7f5fe881a000-7f5fe881b000 r--s 00002000 08:04 5380482                    /home/jaeger/.m2/repository/org/apache/maven/reporting/maven-reporting-api/2.0.6/maven-reporting-api-2.0.6.jar
7f5fe881b000-7f5fe881d000 r--s 00006000 08:04 5505266                    /home/jaeger/.m2/repository/org/apache/maven/plugins/maven-resources-plugin/2.6/maven-resources-plugin-2.6.jar
7f5fe881d000-7f5fe881e000 r--s 00000000 08:04 3807556                    /home/jaeger/.m2/repository/org/springframework/boot/spring-boot-starter/1.4.0.RELEASE/spring-boot-starter-1.4.0.RELEASE.jar
7f5fe881e000-7f5fe8820000 r--s 00009000 08:04 4201243                    /home/jaeger/.m2/repository/org/slf4j/slf4j-api/1.7.21/slf4j-api-1.7.21.jar
7f5fe8820000-7f5fe8821000 r--s 00000000 08:04 3940743                    /home/jaeger/.m2/repository/org/springframework/boot/spring-boot-starter-logging/1.4.0.RELEASE/spring-boot-starter-logging-1.4.0.RELEASE.jar
7f5fe8821000-7f5fe8822000 r--s 00000000 08:04 4859851                    /home/jaeger/.m2/repository/org/springframework/boot/spring-boot-starter-web/1.4.0.RELEASE/spring-boot-starter-web-1.4.0.RELEASE.jar
7f5fe8822000-7f5fe8834000 r--s 000cd000 08:04 4464566                    /home/jaeger/.m2/repository/org/mongodb/mongodb-driver-core/3.2.2/mongodb-driver-core-3.2.2.jar
7f5fe8834000-7f5fe8839000 r--s 00033000 08:04 4591165                    /home/jaeger/.m2/repository/org/mongodb/bson/3.2.2/bson-3.2.2.jar
7f5fe8839000-7f5fe883f000 r--s 0003d000 08:04 4330844                    /home/jaeger/.m2/repository/org/yaml/snakeyaml/1.17/snakeyaml-1.17.jar
7f5fe883f000-7f5fe885c000 r--s 000c7000 08:04 3940744                    /home/jaeger/.m2/repository/org/springframework/boot/spring-boot-autoconfigure/1.4.0.RELEASE/spring-boot-autoconfigure-1.4.0.RELEASE.jar
7f5fe885c000-7f5fe885d000 r--s 00000000 08:04 4859852                    /home/jaeger/.m2/repository/org/springframework/boot/spring-boot-starter-tomcat/1.4.0.RELEASE/spring-boot-starter-tomcat-1.4.0.RELEASE.jar
7f5fe885d000-7f5fe886d000 r--s 0009c000 08:04 3807560                    /home/jaeger/.m2/repository/org/springframework/data/spring-data-mongodb/1.9.2.RELEASE/spring-data-mongodb-1.9.2.RELEASE.jar
7f5fe886d000-7f5fe8886000 r--s 000fc000 08:04 3940749                    /home/jaeger/.m2/repository/org/springframework/spring-context/4.3.2.RELEASE/spring-context-4.3.2.RELEASE.jar
7f5fe8886000-7f5fe888c000 r--s 0004f000 08:04 4464565                    /home/jaeger/.m2/repository/org/mongodb/mongodb-driver/3.2.2/mongodb-driver-3.2.2.jar
7f5fe888c000-7f5fe88b5000 r--s 002af000 08:04 4990210                    /home/jaeger/.m2/repository/org/apache/tomcat/embed/tomcat-embed-core/8.5.4/tomcat-embed-core-8.5.4.jar
7f5fe88b5000-7f5fe88ba000 r--s 00036000 08:04 4990211                    /home/jaeger/.m2/repository/org/apache/tomcat/embed/tomcat-embed-el/8.5.4/tomcat-embed-el-8.5.4.jar
7f5fe88ba000-7f5fe88bc000 r--s 0000e000 08:04 4330846                    /home/jaeger/.m2/repository/com/fasterxml/classmate/1.3.1/classmate-1.3.1.jar
7f5fe88bc000-7f5fe88d1000 r--s 00141000 08:04 4726343                    /home/jaeger/.m2/repository/org/projectlombok/lombok/1.16.10/lombok-1.16.10.jar
7f5fe88d1000-7f5fe88e1000 r--s 0009c000 08:04 5251566                    /home/jaeger/.m2/repository/org/hibernate/hibernate-validator/5.2.4.Final/hibernate-validator-5.2.4.Final.jar
7f5fe88e1000-7f5fe88e3000 r--s 00000000 08:04 4330840                    /home/jaeger/.m2/repository/org/slf4j/jul-to-slf4j/1.7.21/jul-to-slf4j-1.7.21.jar
7f5fe88e3000-7f5fe88f5000 r--s 000b5000 08:04 5251573                    /home/jaeger/.m2/repository/org/springframework/spring-web/4.3.2.RELEASE/spring-web-4.3.2.RELEASE.jar
7f5fe88f5000-7f5fe88f9000 r--s 00041000 08:04 5251572                    /home/jaeger/.m2/repository/com/fasterxml/jackson/core/jackson-core/2.8.1/jackson-core-2.8.1.jar
7f5fe88f9000-7f5fe8924000 r--s 001fc000 08:04 5380475                    /home/jaeger/.m2/repository/com/google/guava/guava/18.0/guava-18.0.jar
7f5fe8924000-7f5fe8925000 r--s 00008000 08:04 5505219                    /home/jaeger/.m2/repository/asm/asm-util/3.2/asm-util-3.2.jar
7f5fe8925000-7f5fe8926000 r--s 00004000 08:04 5505218                    /home/jaeger/.m2/repository/asm/asm-analysis/3.2/asm-analysis-3.2.jar
7f5fe8926000-7f5fe8929000 r--s 00013000 08:04 5505216                    /home/jaeger/.m2/repository/commons-io/commons-io/1.3.2/commons-io-1.3.2.jar
7f5fe8929000-7f5fe892a000 r--s 00002000 08:04 5505214                    /home/jaeger/.m2/repository/org/vafer/jdependency/0.7/jdependency-0.7.jar
7f5fe892a000-7f5fe892d000 r--s 0000c000 08:04 5505211                    /home/jaeger/.m2/repository/org/apache/maven/shared/maven-dependency-tree/2.1/maven-dependency-tree-2.1.jar
7f5fe892d000-7f5fe8930000 r--s 00023000 08:04 5505209                    /home/jaeger/.m2/repository/org/jdom/jdom/1.1/jdom-1.1.jar
7f5fe8930000-7f5fe8932000 r--s 00004000 08:04 5505208                    /home/jaeger/.m2/repository/asm/asm-tree/3.3.1/asm-tree-3.3.1.jar
7f5fe8932000-7f5fe8934000 r--s 00008000 08:04 5505205                    /home/jaeger/.m2/repository/asm/asm-commons/3.3.1/asm-commons-3.3.1.jar
7f5fe8934000-7f5fe8935000 r--s 0000a000 08:04 5505204                    /home/jaeger/.m2/repository/asm/asm/3.3.1/asm-3.3.1.jar
7f5fe8935000-7f5fe8940000 r--s 00069000 08:04 5505203                    /home/jaeger/.m2/repository/org/sonatype/sisu/sisu-guice/2.1.7/sisu-guice-2.1.7-noaop.jar
7f5fe8940000-7f5fe8945000 r--s 00021000 08:04 5505202                    /home/jaeger/.m2/repository/org/sonatype/sisu/sisu-inject-bean/1.4.2/sisu-inject-bean-1.4.2.jar
7f5fe8945000-7f5fe8947000 r--s 00017000 08:04 5380470                    /home/jaeger/.m2/repository/org/apache/maven/plugins/maven-shade-plugin/2.2/maven-shade-plugin-2.2.jar
7f5fe8947000-7f5fe894b000 r--s 00038000 08:04 5380467                    /home/jaeger/.m2/repository/org/codehaus/plexus/plexus-utils/3.0.20/plexus-utils-3.0.20.jar
7f5fe894b000-7f5fe8952000 r--s 00056000 08:04 5380466                    /home/jaeger/.m2/repository/org/apache/commons/commons-compress/1.9/commons-compress-1.9.jar
7f5fe8952000-7f5fe8956000 r--s 0000f000 08:04 5380463                    /home/jaeger/.m2/repository/org/codehaus/plexus/plexus-io/2.3.2/plexus-io-2.3.2.jar
7f5fe8956000-7f5fe895a000 r--s 0001f000 08:04 5380461                    /home/jaeger/.m2/repository/org/codehaus/plexus/plexus-archiver/2.8.1/plexus-archiver-2.8.1.jar
7f5fe895a000-7f5fe895c000 r--s 00009000 08:04 5379316                    /home/jaeger/.m2/repository/org/hamcrest/hamcrest-core/1.3/hamcrest-core-1.3.jar
7f5fe895c000-7f5fe8964000 r--s 00045000 08:04 5379300                    /home/jaeger/.m2/repository/junit/junit/4.12/junit-4.12.jar
7f5fe8964000-7f5fe896d000 r--s 0006f000 08:04 5380455                    /home/jaeger/.m2/repository/log4j/log4j/1.2.17/log4j-1.2.17.jar
7f5fe896d000-7f5fe896f000 r--s 00006000 08:04 5380451                    /home/jaeger/.m2/repository/org/apache/maven/shared/maven-common-artifact-filters/1.4/maven-common-artifact-filters-1.4.jar
7f5fe896f000-7f5fe8971000 r--s 00002000 08:04 5379794                    /home/jaeger/.m2/repository/org/sonatype/plexus/plexus-cipher/1.4/plexus-cipher-1.4.jar
7f5fe8971000-7f5fe8972000 r--s 00006000 08:04 5379792                    /home/jaeger/.m2/repository/org/sonatype/plexus/plexus-sec-dispatcher/1.3/plexus-sec-dispatcher-1.3.jar
7f5fe8972000-7f5fe8978000 r--s 00042000 08:04 5380447                    /home/jaeger/.m2/repository/org/eclipse/sisu/org.eclipse.sisu.inject/0.0.0.M5/org.eclipse.sisu.inject-0.0.0.M5.jar
7f5fe8978000-7f5fe897a000 r--s 00000000 08:04 5380448                    /home/jaeger/.m2/repository/aopalliance/aopalliance/1.0/aopalliance-1.0.jar
7f5fe897a000-7f5fe8982000 r--s 00050000 08:04 5380445                    /home/jaeger/.m2/repository/org/sonatype/sisu/sisu-guice/3.1.0/sisu-guice-3.1.0-no_aop.jar
7f5fe8982000-7f5fe8983000 r--s 00000000 08:04 3940787                    /home/jaeger/.m2/repository/javax/inject/javax.inject/1/javax.inject-1.jar
7f5fe8983000-7f5fe8984000 r--s 00001000 08:04 3940785                    /home/jaeger/.m2/repository/javax/annotation/jsr250-api/1.0/jsr250-api-1.0.jar
7f5fe8984000-7f5fe8987000 r--s 00008000 08:04 3940784                    /home/jaeger/.m2/repository/javax/enterprise/cdi-api/1.0/cdi-api-1.0.jar
7f5fe8987000-7f5fe898d000 r--s 0002a000 08:04 5380441                    /home/jaeger/.m2/repository/org/eclipse/sisu/org.eclipse.sisu.plexus/0.0.0.M5/org.eclipse.sisu.plexus-0.0.0.M5.jar
7f5fe898d000-7f5fe8991000 r--s 00020000 08:04 5380439                    /home/jaeger/.m2/repository/org/eclipse/aether/aether-util/1.0.2.v20150114/aether-util-1.0.2.v20150114.jar
7f5fe8991000-7f5fe8996000 r--s 0001d000 08:04 5380438                    /home/jaeger/.m2/repository/org/eclipse/aether/aether-api/1.0.2.v20150114/aether-api-1.0.2.v20150114.jar
7f5fe8996000-7f5fe899a000 r--s 00027000 08:04 5380434                    /home/jaeger/.m2/repository/org/eclipse/aether/aether-impl/1.0.2.v20150114/aether-impl-1.0.2.v20150114.jar
7f5fe899a000-7f5fe899c000 r--s 00006000 08:04 5380435                    /home/jaeger/.m2/repository/org/eclipse/aether/aether-spi/1.0.2.v20150114/aether-spi-1.0.2.v20150114.jar
7f5fe899c000-7f5fe899f000 r--s 0000d000 08:04 5380433                    /home/jaeger/.m2/repository/org/codehaus/plexus/plexus-interpolation/1.21/plexus-interpolation-1.21.jar
7f5fe899f000-7f5fe89a3000 r--s 00026000 08:04 5380429                    /home/jaeger/.m2/repository/org/apache/maven/shared/maven-shared-utils/0.7/maven-shared-utils-0.7.jar
7f5fe89a3000-7f5fe89a4000 r--s 00005000 08:04 5380427                    /home/jaeger/.m2/repository/org/apache/maven/maven-archiver/2.6/maven-archiver-2.6.jar
7f5fe89a4000-7f5fe89a6000 r--s 0000e000 08:04 5380426                    /home/jaeger/.m2/repository/commons-logging/commons-logging/1.2/commons-logging-1.2.jar
7f5fe89a6000-7f5fe89bd000 r--s 000f9000 08:04 3807563                    /home/jaeger/.m2/repository/org/springframework/spring-core/4.3.2.RELEASE/spring-core-4.3.2.RELEASE.jar
7f5fe89bd000-7f5fe89c0000 r--s 00020000 08:04 5380425                    /home/jaeger/.m2/repository/org/springframework/boot/spring-boot-loader-tools/1.4.0.RELEASE/spring-boot-loader-tools-1.4.0.RELEASE.jar
7f5fe89c0000-7f5fe89c2000 r--s 0000e000 08:04 5251605                    /home/jaeger/.m2/repository/org/springframework/boot/spring-boot-maven-plugin/1.4.0.RELEASE/spring-boot-maven-plugin-1.4.0.RELEASE.jar
7f5fe89c2000-7f5fe89c5000 r--s 0001b000 08:04 5380490                    /home/jaeger/.m2/repository/junit/junit/3.8.2/junit-3.8.2.jar
7f5fe89c5000-7f5fe89d3000 r--s 0008f000 08:04 5380459                    /home/jaeger/.m2/repository/com/google/collections/google-collections/1.0/google-collections-1.0.jar
7f5fe89d3000-7f5fe89d4000 r--s 0000a000 08:04 5380457                    /home/jaeger/.m2/repository/commons-logging/commons-logging-api/1.1/commons-logging-api-1.1.jar
7f5fe89d4000-7f5fe89db000 r--s 00051000 08:04 5506017                    /home/jaeger/.m2/repository/log4j/log4j/1.2.12/log4j-1.2.12.jar
7f5fe89db000-7f5fe89df000 r--s 0001d000 08:04 5380456                    /home/jaeger/.m2/repository/org/apache/xbean/xbean-reflect/3.4/xbean-reflect-3.4.jar
7f5fe89df000-7f5fe89e0000 r--s 00004000 08:04 5506016                    /home/jaeger/.m2/repository/org/codehaus/plexus/plexus-compiler-javac/2.2/plexus-compiler-javac-2.2.jar
7f5fe89e0000-7f5fe89e2000 r--s 00000000 08:04 5506012                    /home/jaeger/.m2/repository/org/codehaus/plexus/plexus-compiler-manager/2.2/plexus-compiler-manager-2.2.jar
7f5fe89e2000-7f5fe89e4000 r--s 00005000 08:04 5506009                    /home/jaeger/.m2/repository/org/codehaus/plexus/plexus-compiler-api/2.2/plexus-compiler-api-2.2.jar
7f5fe89e4000-7f5fe89e6000 r--s 00000000 08:04 5380450                    /home/jaeger/.m2/repository/org/codehaus/plexus/plexus-component-annotations/1.5.5/plexus-component-annotations-1.5.5.jar
7f5fe89e6000-7f5fe89e8000 r--s 00002000 08:04 5506011                    /home/jaeger/.m2/repository/org/apache/maven/shared/maven-shared-incremental/1.1/maven-shared-incremental-1.1.jar
7f5fe89e8000-7f5fe89ea000 r--s 00006000 08:04 5380428                    /home/jaeger/.m2/repository/com/google/code/findbugs/jsr305/2.0.1/jsr305-2.0.1.jar
7f5fe89ea000-7f5fe89ed000 r--s 00023000 08:04 5380489                    /home/jaeger/.m2/repository/org/apache/maven/shared/maven-shared-utils/0.1/maven-shared-utils-0.1.jar
7f5fe89ed000-7f5fe89f1000 r--s 00030000 08:04 5506010                    /home/jaeger/.m2/repository/org/codehaus/plexus/plexus-utils/1.5.1/plexus-utils-1.5.1.jar
7f5fe89f1000-7f5fe89f3000 r--s 00009000 08:04 5505378                    /home/jaeger/.m2/repository/org/apache/maven/plugins/maven-compiler-plugin/3.1/maven-compiler-plugin-3.1.jar
7f5fe89f3000-7f5fe8bf3000 rw-p 00000000 00:00 0 
7f5fe8bf3000-7f5fe8c04000 r-xp 00000000 08:04 1187105                    /usr/lib/jvm/java-8-oracle/jre/lib/amd64/libnio.so
7f5fe8c04000-7f5fe8e03000 ---p 00011000 08:04 1187105                    /usr/lib/jvm/java-8-oracle/jre/lib/amd64/libnio.so
7f5fe8e03000-7f5fe8e04000 rw-p 00010000 08:04 1187105                    /usr/lib/jvm/java-8-oracle/jre/lib/amd64/libnio.so
7f5fe8e04000-7f5fe9105000 rw-p 00000000 00:00 0 
7f5fe9105000-7f5fe911b000 r-xp 00000000 08:04 1187082                    /usr/lib/jvm/java-8-oracle/jre/lib/amd64/libnet.so
7f5fe911b000-7f5fe931b000 ---p 00016000 08:04 1187082                    /usr/lib/jvm/java-8-oracle/jre/lib/amd64/libnet.so
7f5fe931b000-7f5fe931c000 rw-p 00016000 08:04 1187082                    /usr/lib/jvm/java-8-oracle/jre/lib/amd64/libnet.so
7f5fe931c000-7f5fe931f000 ---p 00000000 00:00 0 
7f5fe931f000-7f5fe9355000 rw-p 00000000 00:00 0 
7f5fe9355000-7f5fe9356000 r--p 00000000 00:00 0 
7f5fe9356000-7f5fe9556000 rw-p 00000000 00:00 0 
7f5fe9556000-7f5fe955a000 r--s 00097000 08:04 1187026                    /usr/lib/jvm/java-8-oracle/jre/lib/jsse.jar
7f5fe955a000-7f5fe975a000 rw-p 00000000 00:00 0 
7f5fe975a000-7f5fe975e000 r--s 0001c000 08:04 4720424                    /home/jaeger/İndirilenler/idea-IU-162.1447.26/plugins/maven/lib/maven3/lib/aether-util-1.13.1.jar
7f5fe975e000-7f5fe975f000 r--s 0000a000 08:04 4720434                    /home/jaeger/İndirilenler/idea-IU-162.1447.26/plugins/maven/lib/maven3/lib/maven-embedder-3.0.5.jar
7f5fe975f000-7f5fe9760000 r--s 00003000 08:04 4720423                    /home/jaeger/İndirilenler/idea-IU-162.1447.26/plugins/maven/lib/maven3/lib/aether-spi-1.13.1.jar
7f5fe9760000-7f5fe9768000 r--s 00050000 08:04 4720447                    /home/jaeger/İndirilenler/idea-IU-162.1447.26/plugins/maven/lib/maven3/lib/sisu-guice-3.1.0-no_aop.jar
7f5fe9768000-7f5fe9796000 r--s 001fa000 08:04 4720451                    /home/jaeger/İndirilenler/idea-IU-162.1447.26/plugins/maven/lib/maven3/lib/wagon-http-2.8-shaded.jar
7f5fe9796000-7f5fe97b5000 r--s 00152000 08:04 4720446                    /home/jaeger/İndirilenler/idea-IU-162.1447.26/plugins/maven/lib/maven3/lib/sisu-guava-0.9.9.jar
7f5fe97b5000-7f5fe97b6000 ---p 00000000 00:00 0 
7f5fe97b6000-7f5fe98b6000 rw-p 00000000 00:00 0 
7f5fe98b6000-7f5fe98b9000 ---p 00000000 00:00 0 
7f5fe98b9000-7f5fe99b7000 rw-p 00000000 00:00 0 
7f5fe99b7000-7f5fe99ba000 ---p 00000000 00:00 0 
7f5fe99ba000-7f5fe9ab8000 rw-p 00000000 00:00 0 
7f5fe9ab8000-7f5fe9abb000 ---p 00000000 00:00 0 
7f5fe9abb000-7f5fe9bb9000 rw-p 00000000 00:00 0 
7f5fe9bb9000-7f5fe9bbc000 ---p 00000000 00:00 0 
7f5fe9bbc000-7f5fe9cba000 rw-p 00000000 00:00 0 
7f5fe9cba000-7f5fe9cbd000 ---p 00000000 00:00 0 
7f5fe9cbd000-7f5fe9dbb000 rw-p 00000000 00:00 0 
7f5fe9dbb000-7f5fe9dbe000 ---p 00000000 00:00 0 
7f5fe9dbe000-7f5fe9ebc000 rw-p 00000000 00:00 0 
7f5fe9ebc000-7f5fe9ebf000 ---p 00000000 00:00 0 
7f5fe9ebf000-7f5fe9fbd000 rw-p 00000000 00:00 0 
7f5fe9fbd000-7f5fe9fc0000 ---p 00000000 00:00 0 
7f5fe9fc0000-7f5fea0be000 rw-p 00000000 00:00 0 
7f5fea0be000-7f5fea0c2000 r-xp 00000000 08:04 1187121                    /usr/lib/jvm/java-8-oracle/jre/lib/amd64/libdt_socket.so
7f5fea0c2000-7f5fea2c1000 ---p 00004000 08:04 1187121                    /usr/lib/jvm/java-8-oracle/jre/lib/amd64/libdt_socket.so
7f5fea2c1000-7f5fea2c2000 rw-p 00003000 08:04 1187121                    /usr/lib/jvm/java-8-oracle/jre/lib/amd64/libdt_socket.so
7f5fea2c2000-7f5fea2c5000 ---p 00000000 00:00 0 
7f5fea2c5000-7f5fea3c3000 rw-p 00000000 00:00 0 
7f5fea3c3000-7f5fea3c6000 ---p 00000000 00:00 0 
7f5fea3c6000-7f5fea4c4000 rw-p 00000000 00:00 0 
7f5fea4c4000-7f5fea4c7000 ---p 00000000 00:00 0 
7f5fea4c7000-7f5fea5c5000 rw-p 00000000 00:00 0 
7f5fea5c5000-7f5fea5c6000 ---p 00000000 00:00 0 
7f5fea5c6000-7f5fec000000 rw-p 00000000 00:00 0 
7f5fec000000-7f5fec021000 rw-p 00000000 00:00 0 
7f5fec021000-7f5ff0000000 ---p 00000000 00:00 0 
7f5ff0000000-7f5ff0021000 rw-p 00000000 00:00 0 
7f5ff0021000-7f5ff4000000 ---p 00000000 00:00 0 
7f5ff4000000-7f5ff4021000 rw-p 00000000 00:00 0 
7f5ff4021000-7f5ff8000000 ---p 00000000 00:00 0 
7f5ff8000000-7f5ff8002000 r--s 0000c000 08:04 4720430                    /home/jaeger/İndirilenler/idea-IU-162.1447.26/plugins/maven/lib/maven3/lib/maven-aether-provider-3.0.5.jar
7f5ff8002000-7f5ff8003000 r--s 00002000 08:04 4720450                    /home/jaeger/İndirilenler/idea-IU-162.1447.26/plugins/maven/lib/maven3/lib/wagon-file-2.8.jar
7f5ff8003000-7f5ff8005000 r--s 0000b000 08:04 4720453                    /home/jaeger/İndirilenler/idea-IU-162.1447.26/plugins/maven/lib/maven3/lib/wagon-provider-api-2.8.jar
7f5ff8005000-7f5ff8007000 r--s 00002000 08:04 4720441                    /home/jaeger/İndirilenler/idea-IU-162.1447.26/plugins/maven/lib/maven3/lib/plexus-cipher-1.7.jar
7f5ff8007000-7f5ff8009000 r--s 00000000 08:04 4720442                    /home/jaeger/İndirilenler/idea-IU-162.1447.26/plugins/maven/lib/maven3/lib/plexus-component-annotations-1.5.5.jar
7f5ff8009000-7f5ff800b000 r--s 00009000 08:04 4720425                    /home/jaeger/İndirilenler/idea-IU-162.1447.26/plugins/maven/lib/maven3/lib/commons-cli-1.2.jar
7f5ff800b000-7f5ff800e000 r--s 0001d000 08:04 4720422                    /home/jaeger/İndirilenler/idea-IU-162.1447.26/plugins/maven/lib/maven3/lib/aether-impl-1.13.1.jar
7f5ff800e000-7f5ff8012000 r--s 00027000 08:04 4720426                    /home/jaeger/İndirilenler/idea-IU-162.1447.26/plugins/maven/lib/maven3/lib/commons-io-2.2.jar
7f5ff8012000-7f5ff8017000 r--s 00041000 08:04 4720427                    /home/jaeger/İndirilenler/idea-IU-162.1447.26/plugins/maven/lib/maven3/lib/commons-lang-2.6.jar
7f5ff8017000-7f5ff801b000 r--s 00021000 08:04 4720436                    /home/jaeger/İndirilenler/idea-IU-162.1447.26/plugins/maven/lib/maven3/lib/maven-model-builder-3.0.5.jar
7f5ff801b000-7f5ffc000000 rw-p 00000000 00:00 0 
7f5ffc000000-7f5ffc021000 rw-p 00000000 00:00 0 
7f5ffc021000-7f6000000000 ---p 00000000 00:00 0 
7f6000000000-7f6000021000 rw-p 00000000 00:00 0 
7f6000021000-7f6004000000 ---p 00000000 00:00 0 
7f6004000000-7f6004021000 rw-p 00000000 00:00 0 
7f6004021000-7f6008000000 ---p 00000000 00:00 0 
7f6008000000-7f6008021000 rw-p 00000000 00:00 0 
7f6008021000-7f600c000000 ---p 00000000 00:00 0 
7f600c000000-7f600c021000 rw-p 00000000 00:00 0 
7f600c021000-7f6010000000 ---p 00000000 00:00 0 
7f6010000000-7f6010002000 r--s 00006000 08:04 4720421                    /home/jaeger/İndirilenler/idea-IU-162.1447.26/plugins/maven/lib/maven3/lib/aether-connector-wagon-1.13.1.jar
7f6010002000-7f6010005000 r--s 00008000 08:04 4720440                    /home/jaeger/İndirilenler/idea-IU-162.1447.26/plugins/maven/lib/maven3/lib/maven-settings-builder-3.0.5.jar
7f6010005000-7f60100d8000 rw-p 00000000 00:00 0 
7f60100d8000-7f60102b1000 r--s 03d29000 08:04 1187074                    /usr/lib/jvm/java-8-oracle/jre/lib/rt.jar
7f60102b1000-7f6010eff000 rw-p 00000000 00:00 0 
7f6010eff000-7f6010f00000 ---p 00000000 00:00 0 
7f6010f00000-7f6011000000 rw-p 00000000 00:00 0 
7f6011000000-7f6012050000 rwxp 00000000 00:00 0 
7f6012050000-7f6020000000 ---p 00000000 00:00 0 
7f6020000000-7f602110c000 rw-p 00000000 00:00 0 
7f602110c000-7f6024000000 ---p 00000000 00:00 0 
7f6024000000-7f6024007000 r--s 00040000 08:04 4720448                    /home/jaeger/İndirilenler/idea-IU-162.1447.26/plugins/maven/lib/maven3/lib/sisu-inject-bean-2.3.0.jar
7f6024007000-7f6024009000 r--s 00026000 08:04 4720435                    /home/jaeger/İndirilenler/idea-IU-162.1447.26/plugins/maven/lib/maven3/lib/maven-model-3.0.5.jar
7f6024009000-7f602400c000 r--s 00013000 08:04 4720420                    /home/jaeger/İndirilenler/idea-IU-162.1447.26/plugins/maven/lib/maven3/lib/aether-api-1.13.1.jar
7f602400c000-7f6024010000 r--s 00033000 08:04 4720445                    /home/jaeger/İndirilenler/idea-IU-162.1447.26/plugins/maven/lib/maven3/lib/plexus-utils-2.0.6.jar
7f6024010000-7f6024012000 r--s 0000b000 08:04 4720431                    /home/jaeger/İndirilenler/idea-IU-162.1447.26/plugins/maven/lib/maven3/lib/maven-artifact-3.0.5.jar
7f6024012000-7f6024013000 r--s 00006000 08:04 4720444                    /home/jaeger/İndirilenler/idea-IU-162.1447.26/plugins/maven/lib/maven3/lib/plexus-sec-dispatcher-1.3.jar
7f6024013000-7f6024015000 r--s 00006000 08:04 4720438                    /home/jaeger/İndirilenler/idea-IU-162.1447.26/plugins/maven/lib/maven3/lib/maven-repository-metadata-3.0.5.jar
7f6024015000-7f6024016000 ---p 00000000 00:00 0 
7f6024016000-7f6024116000 rw-p 00000000 00:00 0 
7f6024116000-7f6024117000 ---p 00000000 00:00 0 
7f6024117000-7f6024217000 rw-p 00000000 00:00 0 
7f6024217000-7f6024218000 ---p 00000000 00:00 0 
7f6024218000-7f6024318000 rw-p 00000000 00:00 0 
7f6024318000-7f6024319000 ---p 00000000 00:00 0 
7f6024319000-7f6024419000 rw-p 00000000 00:00 0 
7f6024419000-7f602441a000 ---p 00000000 00:00 0 
7f602441a000-7f602451a000 rw-p 00000000 00:00 0 
7f602451a000-7f602451b000 ---p 00000000 00:00 0 
7f602451b000-7f602461b000 rw-p 00000000 00:00 0 
7f602461b000-7f602461c000 ---p 00000000 00:00 0 
7f602461c000-7f6024750000 rw-p 00000000 00:00 0 
7f6024750000-7f60249ac000 ---p 00000000 00:00 0 
7f60249ac000-7f60249e0000 rw-p 00000000 00:00 0 
7f60249e0000-7f6024c3c000 ---p 00000000 00:00 0 
7f6024c3c000-7f6024cd0000 rw-p 00000000 00:00 0 
7f6024cd0000-7f6024d84000 ---p 00000000 00:00 0 
7f6024d84000-7f6024dc7000 rw-p 00000000 00:00 0 
7f6024dc7000-7f6025145000 ---p 00000000 00:00 0 
7f6025145000-7f602515f000 r-xp 00000000 08:04 1187103                    /usr/lib/jvm/java-8-oracle/jre/lib/amd64/libzip.so
7f602515f000-7f602535f000 ---p 0001a000 08:04 1187103                    /usr/lib/jvm/java-8-oracle/jre/lib/amd64/libzip.so
7f602535f000-7f6025360000 rw-p 0001a000 08:04 1187103                    /usr/lib/jvm/java-8-oracle/jre/lib/amd64/libzip.so
7f6025360000-7f602536b000 r-xp 00000000 08:04 5247706                    /lib/x86_64-linux-gnu/libnss_files-2.23.so
7f602536b000-7f602556a000 ---p 0000b000 08:04 5247706                    /lib/x86_64-linux-gnu/libnss_files-2.23.so
7f602556a000-7f602556b000 r--p 0000a000 08:04 5247706                    /lib/x86_64-linux-gnu/libnss_files-2.23.so
7f602556b000-7f602556c000 rw-p 0000b000 08:04 5247706                    /lib/x86_64-linux-gnu/libnss_files-2.23.so
7f602556c000-7f6025572000 rw-p 00000000 00:00 0 
7f6025572000-7f602557d000 r-xp 00000000 08:04 5247716                    /lib/x86_64-linux-gnu/libnss_nis-2.23.so
7f602557d000-7f602577c000 ---p 0000b000 08:04 5247716                    /lib/x86_64-linux-gnu/libnss_nis-2.23.so
7f602577c000-7f602577d000 r--p 0000a000 08:04 5247716                    /lib/x86_64-linux-gnu/libnss_nis-2.23.so
7f602577d000-7f602577e000 rw-p 0000b000 08:04 5247716                    /lib/x86_64-linux-gnu/libnss_nis-2.23.so
7f602577e000-7f6025794000 r-xp 00000000 08:04 5247700                    /lib/x86_64-linux-gnu/libnsl-2.23.so
7f6025794000-7f6025993000 ---p 00016000 08:04 5247700                    /lib/x86_64-linux-gnu/libnsl-2.23.so
7f6025993000-7f6025994000 r--p 00015000 08:04 5247700                    /lib/x86_64-linux-gnu/libnsl-2.23.so
7f6025994000-7f6025995000 rw-p 00016000 08:04 5247700                    /lib/x86_64-linux-gnu/libnsl-2.23.so
7f6025995000-7f6025997000 rw-p 00000000 00:00 0 
7f6025997000-7f602599f000 r-xp 00000000 08:04 5247702                    /lib/x86_64-linux-gnu/libnss_compat-2.23.so
7f602599f000-7f6025b9e000 ---p 00008000 08:04 5247702                    /lib/x86_64-linux-gnu/libnss_compat-2.23.so
7f6025b9e000-7f6025b9f000 r--p 00007000 08:04 5247702                    /lib/x86_64-linux-gnu/libnss_compat-2.23.so
7f6025b9f000-7f6025ba0000 rw-p 00008000 08:04 5247702                    /lib/x86_64-linux-gnu/libnss_compat-2.23.so
7f6025ba0000-7f6025fd7000 r--p 00000000 08:04 400955                     /usr/lib/locale/locale-archive
7f6025fd7000-7f6025fd9000 r-xp 00000000 08:04 1187111                    /usr/lib/jvm/java-8-oracle/jre/lib/amd64/libnpt.so
7f6025fd9000-7f60261d9000 ---p 00002000 08:04 1187111                    /usr/lib/jvm/java-8-oracle/jre/lib/amd64/libnpt.so
7f60261d9000-7f60261da000 rw-p 00002000 08:04 1187111                    /usr/lib/jvm/java-8-oracle/jre/lib/amd64/libnpt.so
7f60261da000-7f6026213000 r-xp 00000000 08:04 1187079                    /usr/lib/jvm/java-8-oracle/jre/lib/amd64/libjdwp.so
7f6026213000-7f6026412000 ---p 00039000 08:04 1187079                    /usr/lib/jvm/java-8-oracle/jre/lib/amd64/libjdwp.so
7f6026412000-7f6026414000 rw-p 00038000 08:04 1187079                    /usr/lib/jvm/java-8-oracle/jre/lib/amd64/libjdwp.so
7f6026414000-7f602643e000 r-xp 00000000 08:04 1187129                    /usr/lib/jvm/java-8-oracle/jre/lib/amd64/libjava.so
7f602643e000-7f602663e000 ---p 0002a000 08:04 1187129                    /usr/lib/jvm/java-8-oracle/jre/lib/amd64/libjava.so
7f602663e000-7f6026640000 rw-p 0002a000 08:04 1187129                    /usr/lib/jvm/java-8-oracle/jre/lib/amd64/libjava.so
7f6026640000-7f602664d000 r-xp 00000000 08:04 1187083                    /usr/lib/jvm/java-8-oracle/jre/lib/amd64/libverify.so
7f602664d000-7f602684d000 ---p 0000d000 08:04 1187083                    /usr/lib/jvm/java-8-oracle/jre/lib/amd64/libverify.so
7f602684d000-7f602684f000 rw-p 0000d000 08:04 1187083                    /usr/lib/jvm/java-8-oracle/jre/lib/amd64/libverify.so
7f602684f000-7f6026856000 r-xp 00000000 08:04 5247761                    /lib/x86_64-linux-gnu/librt-2.23.so
7f6026856000-7f6026a55000 ---p 00007000 08:04 5247761                    /lib/x86_64-linux-gnu/librt-2.23.so
7f6026a55000-7f6026a56000 r--p 00006000 08:04 5247761                    /lib/x86_64-linux-gnu/librt-2.23.so
7f6026a56000-7f6026a57000 rw-p 00007000 08:04 5247761                    /lib/x86_64-linux-gnu/librt-2.23.so
7f6026a57000-7f6026b5f000 r-xp 00000000 08:04 5247677                    /lib/x86_64-linux-gnu/libm-2.23.so
7f6026b5f000-7f6026d5e000 ---p 00108000 08:04 5247677                    /lib/x86_64-linux-gnu/libm-2.23.so
7f6026d5e000-7f6026d5f000 r--p 00107000 08:04 5247677                    /lib/x86_64-linux-gnu/libm-2.23.so
7f6026d5f000-7f6026d60000 rw-p 00108000 08:04 5247677                    /lib/x86_64-linux-gnu/libm-2.23.so
7f6026d60000-7f6027a2b000 r-xp 00000000 08:04 1187133                    /usr/lib/jvm/java-8-oracle/jre/lib/amd64/server/libjvm.so
7f6027a2b000-7f6027c2a000 ---p 00ccb000 08:04 1187133                    /usr/lib/jvm/java-8-oracle/jre/lib/amd64/server/libjvm.so
7f6027c2a000-7f6027d03000 rw-p 00cca000 08:04 1187133                    /usr/lib/jvm/java-8-oracle/jre/lib/amd64/server/libjvm.so
7f6027d03000-7f6027d4e000 rw-p 00000000 00:00 0 
7f6027d4e000-7f6027f0e000 r-xp 00000000 08:04 5247607                    /lib/x86_64-linux-gnu/libc-2.23.so
7f6027f0e000-7f602810d000 ---p 001c0000 08:04 5247607                    /lib/x86_64-linux-gnu/libc-2.23.so
7f602810d000-7f6028111000 r--p 001bf000 08:04 5247607                    /lib/x86_64-linux-gnu/libc-2.23.so
7f6028111000-7f6028113000 rw-p 001c3000 08:04 5247607                    /lib/x86_64-linux-gnu/libc-2.23.so
7f6028113000-7f6028117000 rw-p 00000000 00:00 0 
7f6028117000-7f602811a000 r-xp 00000000 08:04 5247631                    /lib/x86_64-linux-gnu/libdl-2.23.so
7f602811a000-7f6028319000 ---p 00003000 08:04 5247631                    /lib/x86_64-linux-gnu/libdl-2.23.so
7f6028319000-7f602831a000 r--p 00002000 08:04 5247631                    /lib/x86_64-linux-gnu/libdl-2.23.so
7f602831a000-7f602831b000 rw-p 00003000 08:04 5247631                    /lib/x86_64-linux-gnu/libdl-2.23.so
7f602831b000-7f6028330000 r-xp 00000000 08:04 1186110                    /usr/lib/jvm/java-8-oracle/lib/amd64/jli/libjli.so
7f6028330000-7f6028530000 ---p 00015000 08:04 1186110                    /usr/lib/jvm/java-8-oracle/lib/amd64/jli/libjli.so
7f6028530000-7f6028531000 rw-p 00015000 08:04 1186110                    /usr/lib/jvm/java-8-oracle/lib/amd64/jli/libjli.so
7f6028531000-7f6028549000 r-xp 00000000 08:04 5247753                    /lib/x86_64-linux-gnu/libpthread-2.23.so
7f6028549000-7f6028748000 ---p 00018000 08:04 5247753                    /lib/x86_64-linux-gnu/libpthread-2.23.so
7f6028748000-7f6028749000 r--p 00017000 08:04 5247753                    /lib/x86_64-linux-gnu/libpthread-2.23.so
7f6028749000-7f602874a000 rw-p 00018000 08:04 5247753                    /lib/x86_64-linux-gnu/libpthread-2.23.so
7f602874a000-7f602874e000 rw-p 00000000 00:00 0 
7f602874e000-7f6028774000 r-xp 00000000 08:04 5247579                    /lib/x86_64-linux-gnu/ld-2.23.so
7f6028774000-7f6028776000 r--s 0000a000 08:04 4720439                    /home/jaeger/İndirilenler/idea-IU-162.1447.26/plugins/maven/lib/maven3/lib/maven-settings-3.0.5.jar
7f6028776000-7f6028778000 r--s 0000d000 08:04 4720443                    /home/jaeger/İndirilenler/idea-IU-162.1447.26/plugins/maven/lib/maven3/lib/plexus-interpolation-1.14.jar
7f6028778000-7f602877a000 r--s 0000b000 08:04 4720437                    /home/jaeger/İndirilenler/idea-IU-162.1447.26/plugins/maven/lib/maven3/lib/maven-plugin-api-3.0.5.jar
7f602877a000-7f6028780000 r--s 0002c000 08:04 4720449                    /home/jaeger/İndirilenler/idea-IU-162.1447.26/plugins/maven/lib/maven3/lib/sisu-inject-plexus-2.3.0.jar
7f6028780000-7f602884b000 rw-p 00000000 00:00 0 
7f602884b000-7f602884e000 ---p 00000000 00:00 0 
7f602884e000-7f6028950000 rw-p 00000000 00:00 0 
7f6028950000-7f6028951000 r--s 00002000 08:04 4720452                    /home/jaeger/İndirilenler/idea-IU-162.1447.26/plugins/maven/lib/maven3/lib/wagon-http-shared-2.8.jar
7f6028951000-7f602895d000 r--s 0007d000 08:04 4720433                    /home/jaeger/İndirilenler/idea-IU-162.1447.26/plugins/maven/lib/maven3/lib/maven-core-3.0.5.jar
7f602895d000-7f6028963000 r--s 0003f000 08:04 4720432                    /home/jaeger/İndirilenler/idea-IU-162.1447.26/plugins/maven/lib/maven3/lib/maven-compat-3.0.5.jar
7f6028963000-7f6028965000 r--s 0001e000 08:04 4329495                    /home/jaeger/İndirilenler/idea-IU-162.1447.26/lib/idea_rt.jar
7f6028965000-7f6028967000 r--s 0000a000 08:04 4720416                    /home/jaeger/İndirilenler/idea-IU-162.1447.26/plugins/maven/lib/maven3/boot/plexus-classworlds-2.4.jar
7f6028967000-7f602896f000 rw-s 00000000 08:04 1973822                    /tmp/hsperfdata_jaeger/24999
7f602896f000-7f6028970000 rw-p 00000000 00:00 0 
7f6028970000-7f6028971000 r--p 00000000 00:00 0 
7f6028971000-7f6028973000 rw-p 00000000 00:00 0 
7f6028973000-7f6028974000 r--p 00025000 08:04 5247579                    /lib/x86_64-linux-gnu/ld-2.23.so
7f6028974000-7f6028975000 rw-p 00026000 08:04 5247579                    /lib/x86_64-linux-gnu/ld-2.23.so
7f6028975000-7f6028976000 rw-p 00000000 00:00 0 
7fffe0a44000-7fffe0a65000 rw-p 00000000 00:00 0                          [stack]
7fffe0b8d000-7fffe0b8f000 r--p 00000000 00:00 0                          [vvar]
7fffe0b8f000-7fffe0b91000 r-xp 00000000 00:00 0                          [vdso]
ffffffffff600000-ffffffffff601000 r-xp 00000000 00:00 0                  [vsyscall]

VM Arguments:
jvm_args: -agentlib:jdwp=transport=dt_socket,address=127.0.0.1:32889,suspend=y,server=n -Dmaven.home=/home/jaeger/İndirilenler/idea-IU-162.1447.26/plugins/maven/lib/maven3 -Dclassworlds.conf=/home/jaeger/İndirilenler/idea-IU-162.1447.26/plugins/maven/lib/maven3/bin/m2.conf -Dfile.encoding=UTF-8 
java_command: org.codehaus.classworlds.Launcher -Didea.version=2016.2.1 spring-boot:run
java_class_path (initial): /home/jaeger/İndirilenler/idea-IU-162.1447.26/plugins/maven/lib/maven3/boot/plexus-classworlds-2.4.jar:/home/jaeger/İndirilenler/idea-IU-162.1447.26/lib/idea_rt.jar
Launcher Type: SUN_STANDARD

Environment Variables:
PATH=/usr/local/sbin:/usr/local/bin:/usr/sbin:/usr/bin:/sbin:/bin:/usr/games:/usr/local/games"JAVA_HOME=/usr/lib/jvm/java-8-oracle
USERNAME=jaeger
LD_LIBRARY_PATH=/home/jaeger/İndirilenler/idea-IU-162.1447.26/bin:
SHELL=/bin/bash
DISPLAY=:0.0

Signal Handlers:
SIGSEGV: [libjvm.so+0xac4790], sa_mask[0]=11111111011111111101111111111110, sa_flags=SA_RESTART|SA_SIGINFO
SIGBUS: [libjvm.so+0xac4790], sa_mask[0]=11111111011111111101111111111110, sa_flags=SA_RESTART|SA_SIGINFO
SIGFPE: [libjvm.so+0x91f140], sa_mask[0]=11111111011111111101111111111110, sa_flags=SA_RESTART|SA_SIGINFO
SIGPIPE: [libjvm.so+0x91f140], sa_mask[0]=11111111011111111101111111111110, sa_flags=SA_RESTART|SA_SIGINFO
SIGXFSZ: [libjvm.so+0x91f140], sa_mask[0]=11111111011111111101111111111110, sa_flags=SA_RESTART|SA_SIGINFO
SIGILL: [libjvm.so+0x91f140], sa_mask[0]=11111111011111111101111111111110, sa_flags=SA_RESTART|SA_SIGINFO
SIGUSR1: SIG_DFL, sa_mask[0]=00000000000000000000000000000000, sa_flags=none
SIGUSR2: [libjvm.so+0x920770], sa_mask[0]=00100000000000000000000000000000, sa_flags=SA_RESTART|SA_SIGINFO
SIGHUP: [libjvm.so+0x921b70], sa_mask[0]=11111111011111111101111111111110, sa_flags=SA_RESTART|SA_SIGINFO
SIGINT: [libjvm.so+0x921b70], sa_mask[0]=11111111011111111101111111111110, sa_flags=SA_RESTART|SA_SIGINFO
SIGTERM: [libjvm.so+0x921b70], sa_mask[0]=11111111011111111101111111111110, sa_flags=SA_RESTART|SA_SIGINFO
SIGQUIT: [libjvm.so+0x921b70], sa_mask[0]=11111111011111111101111111111110, sa_flags=SA_RESTART|SA_SIGINFO


---------------  S Y S T E M  ---------------

OS:DISTRIB_ID=LinuxMint
DISTRIB_RELEASE=18
DISTRIB_CODENAME=sarah
DISTRIB_DESCRIPTION="Linux Mint 18 Sarah"

uname:Linux 4.4.0-34-generic #53-Ubuntu SMP Wed Jul 27 16:06:39 UTC 2016 x86_64
libc:glibc 2.23 NPTL 2.23 
rlimit: STACK 8192k, CORE 0k, NPROC 31307, NOFILE 65536, AS infinity
load average:1,70 0,64 0,47

/proc/meminfo:
MemTotal:        8055332 kB
MemFree:          746884 kB
MemAvailable:    2106268 kB
Buffers:           76092 kB
Cached:          1754856 kB
SwapCached:            0 kB
Active:          6029944 kB
Inactive:         992652 kB
Active(anon):    5233016 kB
Inactive(anon):   266328 kB
Active(file):     796928 kB
Inactive(file):   726324 kB
Unevictable:         100 kB
Mlocked:             100 kB
SwapTotal:             0 kB
SwapFree:              0 kB
Dirty:             24520 kB
Writeback:             0 kB
AnonPages:       5196464 kB
Mapped:           717712 kB
Shmem:            307696 kB
Slab:             158696 kB
SReclaimable:     113096 kB
SUnreclaim:        45600 kB
KernelStack:       14368 kB
PageTables:        47168 kB
NFS_Unstable:          0 kB
Bounce:                0 kB
WritebackTmp:          0 kB
CommitLimit:     4027664 kB
Committed_AS:    9837280 kB
VmallocTotal:   34359738367 kB
VmallocUsed:           0 kB
VmallocChunk:          0 kB
HardwareCorrupted:     0 kB
AnonHugePages:   3194880 kB
CmaTotal:              0 kB
CmaFree:               0 kB
HugePages_Total:       0
HugePages_Free:        0
HugePages_Rsvd:        0
HugePages_Surp:        0
Hugepagesize:       2048 kB
DirectMap4k:      200144 kB
DirectMap2M:     8069120 kB
DirectMap1G:           0 kB


CPU:total 8 (4 cores per cpu, 2 threads per core) family 6 model 60 stepping 3, cmov, cx8, fxsr, mmx, sse, sse2, sse3, ssse3, sse4.1, sse4.2, popcnt, avx, avx2, aes, clmul, erms, lzcnt, ht, tsc, tscinvbit, bmi1, bmi2

/proc/cpuinfo:
processor	: 0
vendor_id	: GenuineIntel
cpu family	: 6
model		: 60
model name	: Intel(R) Core(TM) i7-4700HQ CPU @ 2.40GHz
stepping	: 3
microcode	: 0x1e
cpu MHz		: 3199.968
cache size	: 6144 KB
physical id	: 0
siblings	: 8
core id		: 0
cpu cores	: 4
apicid		: 0
initial apicid	: 0
fpu		: yes
fpu_exception	: yes
cpuid level	: 13
wp		: yes
flags		: fpu vme de pse tsc msr pae mce cx8 apic sep mtrr pge mca cmov pat pse36 clflush dts acpi mmx fxsr sse sse2 ss ht tm pbe syscall nx pdpe1gb rdtscp lm constant_tsc arch_perfmon pebs bts rep_good nopl xtopology nonstop_tsc aperfmperf eagerfpu pni pclmulqdq dtes64 monitor ds_cpl vmx est tm2 ssse3 sdbg fma cx16 xtpr pdcm pcid sse4_1 sse4_2 x2apic movbe popcnt tsc_deadline_timer aes xsave avx f16c rdrand lahf_lm abm epb tpr_shadow vnmi flexpriority ept vpid fsgsbase tsc_adjust bmi1 avx2 smep bmi2 erms invpcid xsaveopt dtherm ida arat pln pts
bugs		:
bogomips	: 4789.05
clflush size	: 64
cache_alignment	: 64
address sizes	: 39 bits physical, 48 bits virtual
power management:

processor	: 1
vendor_id	: GenuineIntel
cpu family	: 6
model		: 60
model name	: Intel(R) Core(TM) i7-4700HQ CPU @ 2.40GHz
stepping	: 3
microcode	: 0x1e
cpu MHz		: 3167.625
cache size	: 6144 KB
physical id	: 0
siblings	: 8
core id		: 1
cpu cores	: 4
apicid		: 2
initial apicid	: 2
fpu		: yes
fpu_exception	: yes
cpuid level	: 13
wp		: yes
flags		: fpu vme de pse tsc msr pae mce cx8 apic sep mtrr pge mca cmov pat pse36 clflush dts acpi mmx fxsr sse sse2 ss ht tm pbe syscall nx pdpe1gb rdtscp lm constant_tsc arch_perfmon pebs bts rep_good nopl xtopology nonstop_tsc aperfmperf eagerfpu pni pclmulqdq dtes64 monitor ds_cpl vmx est tm2 ssse3 sdbg fma cx16 xtpr pdcm pcid sse4_1 sse4_2 x2apic movbe popcnt tsc_deadline_timer aes xsave avx f16c rdrand lahf_lm abm epb tpr_shadow vnmi flexpriority ept vpid fsgsbase tsc_adjust bmi1 avx2 smep bmi2 erms invpcid xsaveopt dtherm ida arat pln pts
bugs		:
bogomips	: 4789.05
clflush size	: 64
cache_alignment	: 64
address sizes	: 39 bits physical, 48 bits virtual
power management:

processor	: 2
vendor_id	: GenuineIntel
cpu family	: 6
model		: 60
model name	: Intel(R) Core(TM) i7-4700HQ CPU @ 2.40GHz
stepping	: 3
microcode	: 0x1e
cpu MHz		: 3183.750
cache size	: 6144 KB
physical id	: 0
siblings	: 8
core id		: 2
cpu cores	: 4
apicid		: 4
initial apicid	: 4
fpu		: yes
fpu_exception	: yes
cpuid level	: 13
wp		: yes
flags		: fpu vme de pse tsc msr pae mce cx8 apic sep mtrr pge mca cmov pat pse36 clflush dts acpi mmx fxsr sse sse2 ss ht tm pbe syscall nx pdpe1gb rdtscp lm constant_tsc arch_perfmon pebs bts rep_good nopl xtopology nonstop_tsc aperfmperf eagerfpu pni pclmulqdq dtes64 monitor ds_cpl vmx est tm2 ssse3 sdbg fma cx16 xtpr pdcm pcid sse4_1 sse4_2 x2apic movbe popcnt tsc_deadline_timer aes xsave avx f16c rdrand lahf_lm abm epb tpr_shadow vnmi flexpriority ept vpid fsgsbase tsc_adjust bmi1 avx2 smep bmi2 erms invpcid xsaveopt dtherm ida arat pln pts
bugs		:
bogomips	: 4789.05
clflush size	: 64
cache_alignment	: 64
address sizes	: 39 bits physical, 48 bits virtual
power management:

processor	: 3
vendor_id	: GenuineIntel
cpu family	: 6
model		: 60
model name	: Intel(R) Core(TM) i7-4700HQ CPU @ 2.40GHz
stepping	: 3
microcode	: 0x1e
cpu MHz		: 3199.968
cache size	: 6144 KB
physical id	: 0
siblings	: 8
core id		: 3
cpu cores	: 4
apicid		: 6
initial apicid	: 6
fpu		: yes
fpu_exception	: yes
cpuid level	: 13
wp		: yes
flags		: fpu vme de pse tsc msr pae mce cx8 apic sep mtrr pge mca cmov pat pse36 clflush dts acpi mmx fxsr sse sse2 ss ht tm pbe syscall nx pdpe1gb rdtscp lm constant_tsc arch_perfmon pebs bts rep_good nopl xtopology nonstop_tsc aperfmperf eagerfpu pni pclmulqdq dtes64 monitor ds_cpl vmx est tm2 ssse3 sdbg fma cx16 xtpr pdcm pcid sse4_1 sse4_2 x2apic movbe popcnt tsc_deadline_timer aes xsave avx f16c rdrand lahf_lm abm epb tpr_shadow vnmi flexpriority ept vpid fsgsbase tsc_adjust bmi1 avx2 smep bmi2 erms invpcid xsaveopt dtherm ida arat pln pts
bugs		:
bogomips	: 4789.05
clflush size	: 64
cache_alignment	: 64
address sizes	: 39 bits physical, 48 bits virtual
power management:

processor	: 4
vendor_id	: GenuineIntel
cpu family	: 6
model		: 60
model name	: Intel(R) Core(TM) i7-4700HQ CPU @ 2.40GHz
stepping	: 3
microcode	: 0x1e
cpu MHz		: 3155.250
cache size	: 6144 KB
physical id	: 0
siblings	: 8
core id		: 0
cpu cores	: 4
apicid		: 1
initial apicid	: 1
fpu		: yes
fpu_exception	: yes
cpuid level	: 13
wp		: yes
flags		: fpu vme de pse tsc msr pae mce cx8 apic sep mtrr pge mca cmov pat pse36 clflush dts acpi mmx fxsr sse sse2 ss ht tm pbe syscall nx pdpe1gb rdtscp lm constant_tsc arch_perfmon pebs bts rep_good nopl xtopology nonstop_tsc aperfmperf eagerfpu pni pclmulqdq dtes64 monitor ds_cpl vmx est tm2 ssse3 sdbg fma cx16 xtpr pdcm pcid sse4_1 sse4_2 x2apic movbe popcnt tsc_deadline_timer aes xsave avx f16c rdrand lahf_lm abm epb tpr_shadow vnmi flexpriority ept vpid fsgsbase tsc_adjust bmi1 avx2 smep bmi2 erms invpcid xsaveopt dtherm ida arat pln pts
bugs		:
bogomips	: 4789.05
clflush size	: 64
cache_alignment	: 64
address sizes	: 39 bits physical, 48 bits virtual
power management:

processor	: 5
vendor_id	: GenuineIntel
cpu family	: 6
model		: 60
model name	: Intel(R) Core(TM) i7-4700HQ CPU @ 2.40GHz
stepping	: 3
microcode	: 0x1e
cpu MHz		: 3199.968
cache size	: 6144 KB
physical id	: 0
siblings	: 8
core id		: 1
cpu cores	: 4
apicid		: 3
initial apicid	: 3
fpu		: yes
fpu_exception	: yes
cpuid level	: 13
wp		: yes
flags		: fpu vme de pse tsc msr pae mce cx8 apic sep mtrr pge mca cmov pat pse36 clflush dts acpi mmx fxsr sse sse2 ss ht tm pbe syscall nx pdpe1gb rdtscp lm constant_tsc arch_perfmon pebs bts rep_good nopl xtopology nonstop_tsc aperfmperf eagerfpu pni pclmulqdq dtes64 monitor ds_cpl vmx est tm2 ssse3 sdbg fma cx16 xtpr pdcm pcid sse4_1 sse4_2 x2apic movbe popcnt tsc_deadline_timer aes xsave avx f16c rdrand lahf_lm abm epb tpr_shadow vnmi flexpriority ept vpid fsgsbase tsc_adjust bmi1 avx2 smep bmi2 erms invpcid xsaveopt dtherm ida arat pln pts
bugs		:
bogomips	: 4789.05
clflush size	: 64
cache_alignment	: 64
address sizes	: 39 bits physical, 48 bits virtual
power management:

processor	: 6
vendor_id	: GenuineIntel
cpu family	: 6
model		: 60
model name	: Intel(R) Core(TM) i7-4700HQ CPU @ 2.40GHz
stepping	: 3
microcode	: 0x1e
cpu MHz		: 3197.062
cache size	: 6144 KB
physical id	: 0
siblings	: 8
core id		: 2
cpu cores	: 4
apicid		: 5
initial apicid	: 5
fpu		: yes
fpu_exception	: yes
cpuid level	: 13
wp		: yes
flags		: fpu vme de pse tsc msr pae mce cx8 apic sep mtrr pge mca cmov pat pse36 clflush dts acpi mmx fxsr sse sse2 ss ht tm pbe syscall nx pdpe1gb rdtscp lm constant_tsc arch_perfmon pebs bts rep_good nopl xtopology nonstop_tsc aperfmperf eagerfpu pni pclmulqdq dtes64 monitor ds_cpl vmx est tm2 ssse3 sdbg fma cx16 xtpr pdcm pcid sse4_1 sse4_2 x2apic movbe popcnt tsc_deadline_timer aes xsave avx f16c rdrand lahf_lm abm epb tpr_shadow vnmi flexpriority ept vpid fsgsbase tsc_adjust bmi1 avx2 smep bmi2 erms invpcid xsaveopt dtherm ida arat pln pts
bugs		:
bogomips	: 4789.05
clflush size	: 64
cache_alignment	: 64
address sizes	: 39 bits physical, 48 bits virtual
power management:

processor	: 7
vendor_id	: GenuineIntel
cpu family	: 6
model		: 60
model name	: Intel(R) Core(TM) i7-4700HQ CPU @ 2.40GHz
stepping	: 3
microcode	: 0x1e
cpu MHz		: 3183.656
cache size	: 6144 KB
physical id	: 0
siblings	: 8
core id		: 3
cpu cores	: 4
apicid		: 7
initial apicid	: 7
fpu		: yes
fpu_exception	: yes
cpuid level	: 13
wp		: yes
flags		: fpu vme de pse tsc msr pae mce cx8 apic sep mtrr pge mca cmov pat pse36 clflush dts acpi mmx fxsr sse sse2 ss ht tm pbe syscall nx pdpe1gb rdtscp lm constant_tsc arch_perfmon pebs bts rep_good nopl xtopology nonstop_tsc aperfmperf eagerfpu pni pclmulqdq dtes64 monitor ds_cpl vmx est tm2 ssse3 sdbg fma cx16 xtpr pdcm pcid sse4_1 sse4_2 x2apic movbe popcnt tsc_deadline_timer aes xsave avx f16c rdrand lahf_lm abm epb tpr_shadow vnmi flexpriority ept vpid fsgsbase tsc_adjust bmi1 avx2 smep bmi2 erms invpcid xsaveopt dtherm ida arat pln pts
bugs		:
bogomips	: 4789.05
clflush size	: 64
cache_alignment	: 64
address sizes	: 39 bits physical, 48 bits virtual
power management:



Memory: 4k page, physical 8055332k(746884k free), swap 0k(0k free)

vm_info: Java HotSpot(TM) 64-Bit Server VM (25.101-b13) for linux-amd64 JRE (1.8.0_101-b13), built on Jun 22 2016 02:59:44 by "java_re" with gcc 4.3.0 20080428 (Red Hat 4.3.0-8)

time: Fri Aug 12 15:57:21 2016
elapsed time: 4 seconds (0d 0h 0m 4s)

