#
# A fatal error has been detected by the Java Runtime Environment:
#
#  SIGSEGV (0xb) at pc=0x00007f60fc3bddd8, pid=25044, tid=0x00007f60bed68700
#
# JRE version: Java(TM) SE Runtime Environment (8.0_101-b13) (build 1.8.0_101-b13)
# Java VM: Java HotSpot(TM) 64-Bit Server VM (25.101-b13 mixed mode linux-amd64 compressed oops)
# Problematic frame:
# V  [libjvm.so+0x634dd8]  PhaseIFG::re_insert(unsigned int)+0xf8
#
# Failed to write core dump. Core dumps have been disabled. To enable core dumping, try "ulimit -c unlimited" before starting Java again
#
# If you would like to submit a bug report, please visit:
#   http://bugreport.java.com/bugreport/crash.jsp
#

---------------  T H R E A D  ---------------

Current thread (0x00007f60f40d3800):  JavaThread "C2 CompilerThread0" daemon [_thread_in_native, id=25063, stack(0x00007f60bec68000,0x00007f60bed69000)]

siginfo: si_signo: 11 (SIGSEGV), si_code: 2 (SEGV_ACCERR), si_addr: 0x00007f60fcdbc760

Registers:
RAX=0x0000000001ed8349, RBX=0x00007f60998b7260, RCX=0x00007f60fcdbc760, RDX=0x0000000001ed8349
RSP=0x00007f60bed64520, RBP=0x00007f60bed645a0, RSI=0x000000000000154a, RDI=0x0000000000000001
R8 =0x0000000000000000, R9 =0x0000000000000000, R10=0x0000000000100000, R11=0x0000000000000000
R12=0x0000000000000001, R13=0x0000000000001600, R14=0x00007f60bed647b0, R15=0x0000000000000000
RIP=0x00007f60fc3bddd8, EFLAGS=0x0000000000010202, CSGSFS=0x0000000000000033, ERR=0x0000000000000007
  TRAPNO=0x000000000000000e

Top of Stack: (sp=0x00007f60bed64520)
0x00007f60bed64520:   00007f60bed64530 00000000000000b0
0x00007f60bed64530:   0000154f00000000 00007f6000000003
0x00007f60bed64540:   00007f6091db7160 0000000000000016
0x00007f60bed64550:   00007f60846286d0 000000000000006e
0x00007f60bed64560:   00007f60998be420 00007f60bed645a0
0x00007f60bed64570:   00007f60bed65ef0 00007f6099da5c90
0x00007f60bed64580:   0000000000001600 00007f60bed65ef0
0x00007f60bed64590:   000000000000013f 00007f6099da5c60
0x00007f60bed645a0:   00007f60bed64640 00007f60fc196ae6
0x00007f60bed645b0:   00007f6091d757a0 00007f60bed645d0
0x00007f60bed645c0:   00000000000dbf60 ffffffff0000752f
0x00007f60bed645d0:   00004ccb00000000 00007f6000000008
0x00007f60bed645e0:   00007f6091e7a860 00007f600000006e
0x00007f60bed645f0:   00007f6084628360 000000000000006e
0x00007f60bed64600:   00007f60998be380 000000100000006e
0x00007f60bed64610:   00007f6099ac7140 00007f6099fdf590
0x00007f60bed64620:   0000000000006da1 0000000000000000
0x00007f60bed64630:   00007f60bed65fd8 00007f60bed65fe0
0x00007f60bed64640:   00007f60bed648b0 00007f60fc197f28
0x00007f60bed64650:   0000000000000000 00007f60bed647f0
0x00007f60bed64660:   00007f60bed647b0 00007f60bed64690
0x00007f60bed64670:   00007f60bed64750 00007f60bed64820
0x00007f60bed64680:   00007f60bed65ef0 000000090000069a
0x00007f60bed64690:   00007f60fccda6f0 000000000000000d
0x00007f60bed646a0:   00007f60bed66d80 00007f60bed65ef0
0x00007f60bed646b0:   00007f6000000001 00007f609537eb30
0x00007f60bed646c0:   00007f60bed64730 00007f60fcd0e158
0x00007f60bed646d0:   00007f60bed64710 00007f60fc6a43c5
0x00007f60bed646e0:   0000000cbed647a0 00007f60fc7fd5b6
0x00007f60bed646f0:   0000000000011080 00007f60fc7fd507
0x00007f60bed64700:   00007f60bed64770 00007f60fc06ae05
0x00007f60bed64710:   00007f60bed64770 00007f60fc069144 

Instructions: (pc=0x00007f60fc3bddd8)
0x00007f60fc3bddb8:   8b 43 08 48 8b 55 88 48 8b 0c 10 48 3b 0d 66 6d
0x00007f60fc3bddc8:   93 00 74 40 42 8b 14 b9 89 d0 44 09 e0 44 85 e2
0x00007f60fc3bddd8:   42 89 04 b9 0f 85 6e ff ff ff 83 03 01 8b 55 90
0x00007f60fc3bdde8:   85 d2 0f 85 6b ff ff ff 48 8b 7d 80 e8 a7 5d 00 

Register to memory mapping:

RAX=0x0000000001ed8349 is an unknown value
RBX=0x00007f60998b7260 is an unknown value
RCX=0x00007f60fcdbc760: realpath+0x3b0 in /lib/x86_64-linux-gnu/libc.so.6 at 0x00007f60fcd77000
RDX=0x0000000001ed8349 is an unknown value
RSP=0x00007f60bed64520 is pointing into the stack for thread: 0x00007f60f40d3800
RBP=0x00007f60bed645a0 is pointing into the stack for thread: 0x00007f60f40d3800
RSI=0x000000000000154a is an unknown value
RDI=0x0000000000000001 is an unknown value
R8 =0x0000000000000000 is an unknown value
R9 =0x0000000000000000 is an unknown value
R10=0x0000000000100000 is an unknown value
R11=0x0000000000000000 is an unknown value
R12=0x0000000000000001 is an unknown value
R13=0x0000000000001600 is an unknown value
R14=0x00007f60bed647b0 is pointing into the stack for thread: 0x00007f60f40d3800
R15=0x0000000000000000 is an unknown value


Stack: [0x00007f60bec68000,0x00007f60bed69000],  sp=0x00007f60bed64520,  free space=1009k
Native frames: (J=compiled Java code, j=interpreted, Vv=VM code, C=native code)
V  [libjvm.so+0x634dd8]  PhaseIFG::re_insert(unsigned int)+0xf8
V  [libjvm.so+0x40dae6]  PhaseChaitin::Select()+0x66
V  [libjvm.so+0x40ef28]  PhaseChaitin::Register_Allocate()+0x10d8
V  [libjvm.so+0x4a28e0]  Compile::Code_Gen()+0x260
V  [libjvm.so+0x4a6933]  Compile::Compile(ciEnv*, C2Compiler*, ciMethod*, int, bool, bool, bool)+0x14b3
V  [libjvm.so+0x3f20a8]  C2Compiler::compile_method(ciEnv*, ciMethod*, int)+0x198
V  [libjvm.so+0x4af61a]  CompileBroker::invoke_compiler_on_method(CompileTask*)+0xc9a
V  [libjvm.so+0x4b05c6]  CompileBroker::compiler_thread_loop()+0x5d6
V  [libjvm.so+0xa7343f]  JavaThread::thread_main_inner()+0xdf
V  [libjvm.so+0xa7356c]  JavaThread::run()+0x11c
V  [libjvm.so+0x924698]  java_start(Thread*)+0x108
C  [libpthread.so.0+0x76fa]  start_thread+0xca


Current CompileTask:
C2:   4284 4011       4       org.springframework.asm.ClassReader::readCode (3343 bytes)


---------------  P R O C E S S  ---------------

Java Threads: ( => current thread )
  0x00007f6078379000 JavaThread "localhost-startStop-1" daemon [_thread_in_Java, id=25076, stack(0x00007f607feff000,0x00007f6080000000)]
  0x00007f6084bb9800 JavaThread "Tomcat-startStop-1" daemon [_thread_blocked, id=25075, stack(0x00007f60bcd1a000,0x00007f60bce1b000)]
  0x00007f60f50bd000 JavaThread "main" [_thread_blocked, id=25072, stack(0x00007f60bd837000,0x00007f60bd938000)]
  0x00007f60f47ef800 JavaThread "process reaper" daemon [_thread_blocked, id=25071, stack(0x00007f60be32a000,0x00007f60be363000)]
  0x00007f60f40e6000 JavaThread "Service Thread" daemon [_thread_blocked, id=25067, stack(0x00007f60be864000,0x00007f60be965000)]
  0x00007f60f40da800 JavaThread "C1 CompilerThread3" daemon [_thread_in_native, id=25066, stack(0x00007f60be965000,0x00007f60bea66000)]
  0x00007f60f40d8800 JavaThread "C2 CompilerThread2" daemon [_thread_in_native, id=25065, stack(0x00007f60bea66000,0x00007f60beb67000)]
  0x00007f60f40d6800 JavaThread "C2 CompilerThread1" daemon [_thread_in_native, id=25064, stack(0x00007f60beb67000,0x00007f60bec68000)]
=>0x00007f60f40d3800 JavaThread "C2 CompilerThread0" daemon [_thread_in_native, id=25063, stack(0x00007f60bec68000,0x00007f60bed69000)]
  0x00007f60ac001000 JavaThread "JDWP Command Reader" daemon [_thread_in_native, id=25062, stack(0x00007f60bed69000,0x00007f60bee6a000)]
  0x00007f60f40d1800 JavaThread "JDWP Event Helper Thread" daemon [_thread_blocked, id=25060, stack(0x00007f60bee6a000,0x00007f60bef6b000)]
  0x00007f60f40ce000 JavaThread "JDWP Transport Listener: dt_socket" daemon [_thread_blocked, id=25058, stack(0x00007f60bef6b000,0x00007f60bf06c000)]
  0x00007f60f40c2000 JavaThread "Signal Dispatcher" daemon [_thread_blocked, id=25057, stack(0x00007f60bf270000,0x00007f60bf371000)]
  0x00007f60f408f800 JavaThread "Finalizer" daemon [_thread_blocked, id=25056, stack(0x00007f60bf371000,0x00007f60bf472000)]
  0x00007f60f408b000 JavaThread "Reference Handler" daemon [_thread_blocked, id=25055, stack(0x00007f60bf472000,0x00007f60bf573000)]
  0x00007f60f400d800 JavaThread "main" [_thread_blocked, id=25045, stack(0x00007f60fd874000,0x00007f60fd975000)]

Other Threads:
  0x00007f60f4083800 VMThread [stack: 0x00007f60bf573000,0x00007f60bf674000] [id=25054]
  0x00007f60f40e9000 WatcherThread [stack: 0x00007f60be763000,0x00007f60be864000] [id=25068]

VM state:not at safepoint (normal execution)

VM Mutex/Monitor currently owned by a thread: None

Heap:
 PSYoungGen      total 263680K, used 21315K [0x00000000d7000000, 0x00000000e8d80000, 0x0000000100000000)
  eden space 247808K, 8% used [0x00000000d7000000,0x00000000d84d0f18,0x00000000e6200000)
  from space 15872K, 0% used [0x00000000e6200000,0x00000000e6200000,0x00000000e7180000)
  to   space 19456K, 0% used [0x00000000e7a80000,0x00000000e7a80000,0x00000000e8d80000)
 ParOldGen       total 109056K, used 31903K [0x0000000085000000, 0x000000008ba80000, 0x00000000d7000000)
  object space 109056K, 29% used [0x0000000085000000,0x0000000086f27c30,0x000000008ba80000)
 Metaspace       used 35705K, capacity 36284K, committed 36520K, reserved 1081344K
  class space    used 4351K, capacity 4500K, committed 4520K, reserved 1048576K

Card table byte_map: [0x00007f60f99d5000,0x00007f60f9dae000] byte_map_base: 0x00007f60f95ad000

Marking Bits: (ParMarkBitMap*) 0x00007f60fcd4a120
 Begin Bits: [0x00007f60c0280000, 0x00007f60c2140000)
 End Bits:   [0x00007f60c2140000, 0x00007f60c4000000)

Polling page: 0x00007f60fd999000

CodeCache: size=245760Kb used=14410Kb max_used=16254Kb free=231349Kb
 bounds [0x00007f60e5000000, 0x00007f60e6010000, 0x00007f60f4000000]
 total_blobs=4684 nmethods=4294 adapters=310
 compilation: enabled

Compilation events (10 events):
Event: 4,269 Thread 0x00007f60f40da800 nmethod 4850 0x00007f60e5557b10 code [0x00007f60e5557ca0, 0x00007f60e5558008]
Event: 4,269 Thread 0x00007f60f40da800 4851       1       org.apache.catalina.LifecycleState::isAvailable (5 bytes)
Event: 4,269 Thread 0x00007f60f40da800 nmethod 4851 0x00007f60e5295150 code [0x00007f60e52952a0, 0x00007f60e52953b0]
Event: 4,269 Thread 0x00007f60f40da800 4853       3       org.springframework.boot.context.properties.ConfigurationBeanFactoryMetaData$1::doWith (25 bytes)
Event: 4,270 Thread 0x00007f60f40da800 nmethod 4853 0x00007f60e57445d0 code [0x00007f60e5744760, 0x00007f60e5744b88]
Event: 4,274 Thread 0x00007f60f40da800 4857       3       org.springframework.util.ConcurrentReferenceHashMap::get (37 bytes)
Event: 4,275 Thread 0x00007f60f40da800 nmethod 4857 0x00007f60e5a3ef10 code [0x00007f60e5a3f0e0, 0x00007f60e5a3f8b8]
Event: 4,280 Thread 0x00007f60f40da800 4858       3       org.springframework.context.annotation.CommonAnnotationBeanPostProcessor$1::doWith (196 bytes)
Event: 4,281 Thread 0x00007f60f40d6800 nmethod 4849 0x00007f60e575d0d0 code [0x00007f60e575d2e0, 0x00007f60e575e0c8]
Event: 4,281 Thread 0x00007f60f40d6800 4854       4       java.util.concurrent.ConcurrentHashMap::get (162 bytes)

GC Heap History (10 events):
Event: 2,376 GC heap before
{Heap before GC invocations=7 (full 0):
 PSYoungGen      total 135680K, used 68938K [0x00000000d7000000, 0x00000000dff00000, 0x0000000100000000)
  eden space 126464K, 47% used [0x00000000d7000000,0x00000000dab40448,0x00000000deb80000)
  from space 9216K, 89% used [0x00000000df500000,0x00000000dfd12528,0x00000000dfe00000)
  to   space 9728K, 0% used [0x00000000deb80000,0x00000000deb80000,0x00000000df500000)
 ParOldGen       total 84992K, used 8837K [0x0000000085000000, 0x000000008a300000, 0x00000000d7000000)
  object space 84992K, 10% used [0x0000000085000000,0x00000000858a1638,0x000000008a300000)
 Metaspace       used 20676K, capacity 21152K, committed 21296K, reserved 1069056K
  class space    used 2409K, capacity 2563K, committed 2608K, reserved 1048576K
Event: 2,390 GC heap after
Heap after GC invocations=7 (full 0):
 PSYoungGen      total 136192K, used 9716K [0x00000000d7000000, 0x00000000e8100000, 0x0000000100000000)
  eden space 126464K, 0% used [0x00000000d7000000,0x00000000d7000000,0x00000000deb80000)
  from space 9728K, 99% used [0x00000000deb80000,0x00000000df4fd358,0x00000000df500000)
  to   space 13312K, 0% used [0x00000000e7400000,0x00000000e7400000,0x00000000e8100000)
 ParOldGen       total 84992K, used 13472K [0x0000000085000000, 0x000000008a300000, 0x00000000d7000000)
  object space 84992K, 15% used [0x0000000085000000,0x0000000085d28038,0x000000008a300000)
 Metaspace       used 20676K, capacity 21152K, committed 21296K, reserved 1069056K
  class space    used 2409K, capacity 2563K, committed 2608K, reserved 1048576K
}
Event: 2,390 GC heap before
{Heap before GC invocations=8 (full 1):
 PSYoungGen      total 136192K, used 9716K [0x00000000d7000000, 0x00000000e8100000, 0x0000000100000000)
  eden space 126464K, 0% used [0x00000000d7000000,0x00000000d7000000,0x00000000deb80000)
  from space 9728K, 99% used [0x00000000deb80000,0x00000000df4fd358,0x00000000df500000)
  to   space 13312K, 0% used [0x00000000e7400000,0x00000000e7400000,0x00000000e8100000)
 ParOldGen       total 84992K, used 13472K [0x0000000085000000, 0x000000008a300000, 0x00000000d7000000)
  object space 84992K, 15% used [0x0000000085000000,0x0000000085d28038,0x000000008a300000)
 Metaspace       used 20676K, capacity 21152K, committed 21296K, reserved 1069056K
  class space    used 2409K, capacity 2563K, committed 2608K, reserved 1048576K
Event: 2,462 GC heap after
Heap after GC invocations=8 (full 1):
 PSYoungGen      total 136192K, used 0K [0x00000000d7000000, 0x00000000e8100000, 0x0000000100000000)
  eden space 126464K, 0% used [0x00000000d7000000,0x00000000d7000000,0x00000000deb80000)
  from space 9728K, 0% used [0x00000000deb80000,0x00000000deb80000,0x00000000df500000)
  to   space 13312K, 0% used [0x00000000e7400000,0x00000000e7400000,0x00000000e8100000)
 ParOldGen       total 69632K, used 18809K [0x0000000085000000, 0x0000000089400000, 0x00000000d7000000)
  object space 69632K, 27% used [0x0000000085000000,0x000000008625e618,0x0000000089400000)
 Metaspace       used 20676K, capacity 21152K, committed 21296K, reserved 1069056K
  class space    used 2409K, capacity 2563K, committed 2608K, reserved 1048576K
}
Event: 3,157 GC heap before
{Heap before GC invocations=9 (full 1):
 PSYoungGen      total 136192K, used 126464K [0x00000000d7000000, 0x00000000e8100000, 0x0000000100000000)
  eden space 126464K, 100% used [0x00000000d7000000,0x00000000deb80000,0x00000000deb80000)
  from space 9728K, 0% used [0x00000000deb80000,0x00000000deb80000,0x00000000df500000)
  to   space 13312K, 0% used [0x00000000e7400000,0x00000000e7400000,0x00000000e8100000)
 ParOldGen       total 69632K, used 18809K [0x0000000085000000, 0x0000000089400000, 0x00000000d7000000)
  object space 69632K, 27% used [0x0000000085000000,0x000000008625e618,0x0000000089400000)
 Metaspace       used 29018K, capacity 29598K, committed 29872K, reserved 1075200K
  class space    used 3498K, capacity 3663K, committed 3760K, reserved 1048576K
Event: 3,170 GC heap after
Heap after GC invocations=9 (full 1):
 PSYoungGen      total 207872K, used 13296K [0x00000000d7000000, 0x00000000e8100000, 0x0000000100000000)
  eden space 194560K, 0% used [0x00000000d7000000,0x00000000d7000000,0x00000000e2e00000)
  from space 13312K, 99% used [0x00000000e7400000,0x00000000e80fc178,0x00000000e8100000)
  to   space 15872K, 0% used [0x00000000e6200000,0x00000000e6200000,0x00000000e7180000)
 ParOldGen       total 69632K, used 21474K [0x0000000085000000, 0x0000000089400000, 0x00000000d7000000)
  object space 69632K, 30% used [0x0000000085000000,0x00000000864f89f8,0x0000000089400000)
 Metaspace       used 29018K, capacity 29598K, committed 29872K, reserved 1075200K
  class space    used 3498K, capacity 3663K, committed 3760K, reserved 1048576K
}
Event: 4,018 GC heap before
{Heap before GC invocations=10 (full 1):
 PSYoungGen      total 207872K, used 112630K [0x00000000d7000000, 0x00000000e8100000, 0x0000000100000000)
  eden space 194560K, 51% used [0x00000000d7000000,0x00000000dd101840,0x00000000e2e00000)
  from space 13312K, 99% used [0x00000000e7400000,0x00000000e80fc178,0x00000000e8100000)
  to   space 15872K, 0% used [0x00000000e6200000,0x00000000e6200000,0x00000000e7180000)
 ParOldGen       total 69632K, used 21474K [0x0000000085000000, 0x0000000089400000, 0x00000000d7000000)
  object space 69632K, 30% used [0x0000000085000000,0x00000000864f89f8,0x0000000089400000)
 Metaspace       used 34701K, capacity 35228K, committed 35496K, reserved 1081344K
  class space    used 4233K, capacity 4404K, committed 4520K, reserved 1048576K
Event: 4,034 GC heap after
Heap after GC invocations=10 (full 1):
 PSYoungGen      total 263680K, used 15858K [0x00000000d7000000, 0x00000000e8d80000, 0x0000000100000000)
  eden space 247808K, 0% used [0x00000000d7000000,0x00000000d7000000,0x00000000e6200000)
  from space 15872K, 99% used [0x00000000e6200000,0x00000000e717c918,0x00000000e7180000)
  to   space 19456K, 0% used [0x00000000e7a80000,0x00000000e7a80000,0x00000000e8d80000)
 ParOldGen       total 69632K, used 24632K [0x0000000085000000, 0x0000000089400000, 0x00000000d7000000)
  object space 69632K, 35% used [0x0000000085000000,0x000000008680e000,0x0000000089400000)
 Metaspace       used 34701K, capacity 35228K, committed 35496K, reserved 1081344K
  class space    used 4233K, capacity 4404K, committed 4520K, reserved 1048576K
}
Event: 4,034 GC heap before
{Heap before GC invocations=11 (full 2):
 PSYoungGen      total 263680K, used 15858K [0x00000000d7000000, 0x00000000e8d80000, 0x0000000100000000)
  eden space 247808K, 0% used [0x00000000d7000000,0x00000000d7000000,0x00000000e6200000)
  from space 15872K, 99% used [0x00000000e6200000,0x00000000e717c918,0x00000000e7180000)
  to   space 19456K, 0% used [0x00000000e7a80000,0x00000000e7a80000,0x00000000e8d80000)
 ParOldGen       total 69632K, used 24632K [0x0000000085000000, 0x0000000089400000, 0x00000000d7000000)
  object space 69632K, 35% used [0x0000000085000000,0x000000008680e000,0x0000000089400000)
 Metaspace       used 34701K, capacity 35228K, committed 35496K, reserved 1081344K
  class space    used 4233K, capacity 4404K, committed 4520K, reserved 1048576K
Event: 4,112 GC heap after
Heap after GC invocations=11 (full 2):
 PSYoungGen      total 263680K, used 0K [0x00000000d7000000, 0x00000000e8d80000, 0x0000000100000000)
  eden space 247808K, 0% used [0x00000000d7000000,0x00000000d7000000,0x00000000e6200000)
  from space 15872K, 0% used [0x00000000e6200000,0x00000000e6200000,0x00000000e7180000)
  to   space 19456K, 0% used [0x00000000e7a80000,0x00000000e7a80000,0x00000000e8d80000)
 ParOldGen       total 109056K, used 31903K [0x0000000085000000, 0x000000008ba80000, 0x00000000d7000000)
  object space 109056K, 29% used [0x0000000085000000,0x0000000086f27c30,0x000000008ba80000)
 Metaspace       used 34701K, capacity 35228K, committed 35496K, reserved 1081344K
  class space    used 4233K, capacity 4404K, committed 4520K, reserved 1048576K
}

Deoptimization events (10 events):
Event: 4,174 Thread 0x00007f6078379000 Uncommon trap: reason=bimorphic action=maybe_recompile pc=0x00007f60e529e784 method=java.util.Hashtable.put(Ljava/lang/Object;Ljava/lang/Object;)Ljava/lang/Object; @ 18
Event: 4,174 Thread 0x00007f6078379000 Uncommon trap: reason=bimorphic action=maybe_recompile pc=0x00007f60e5b09e84 method=java.util.Hashtable.get(Ljava/lang/Object;)Ljava/lang/Object; @ 6
Event: 4,174 Thread 0x00007f6078379000 Uncommon trap: reason=bimorphic action=maybe_recompile pc=0x00007f60e529e784 method=java.util.Hashtable.put(Ljava/lang/Object;Ljava/lang/Object;)Ljava/lang/Object; @ 18
Event: 4,175 Thread 0x00007f6078379000 Uncommon trap: reason=class_check action=maybe_recompile pc=0x00007f60e5a27bf0 method=java.util.zip.InflaterInputStream.read([BII)I @ 100
Event: 4,175 Thread 0x00007f6078379000 Uncommon trap: reason=class_check action=maybe_recompile pc=0x00007f60e5a542f8 method=java.lang.Character.toLowerCase(I)I @ 5
Event: 4,176 Thread 0x00007f6078379000 Uncommon trap: reason=class_check action=maybe_recompile pc=0x00007f60e5a27bf0 method=java.util.zip.InflaterInputStream.read([BII)I @ 100
Event: 4,176 Thread 0x00007f6078379000 Uncommon trap: reason=class_check action=maybe_recompile pc=0x00007f60e5a27bf0 method=java.util.zip.InflaterInputStream.read([BII)I @ 100
Event: 4,176 Thread 0x00007f6078379000 Uncommon trap: reason=class_check action=maybe_recompile pc=0x00007f60e5a27bf0 method=java.util.zip.InflaterInputStream.read([BII)I @ 100
Event: 4,252 Thread 0x00007f6078379000 Uncommon trap: reason=unstable_if action=reinterpret pc=0x00007f60e54ec28c method=java.util.Properties$LineReader.readLine()I @ 180
Event: 4,259 Thread 0x00007f6078379000 Uncommon trap: reason=unstable_if action=reinterpret pc=0x00007f60e5cddd9c method=org.springframework.util.ConcurrentReferenceHashMap$Segment.findInChain(Lorg/springframework/util/ConcurrentReferenceHashMap$Reference;Ljava/lang/Object;I)Lorg/springframewo

Internal exceptions (10 events):
Event: 4,276 Thread 0x00007f6078379000 Exception <a 'java/lang/ClassNotFoundException': org/springframework/web/filter/RequestContextFilterCustomizer> (0x00000000d836b4c0) thrown at [/HUDSON3/workspace/8-2-build-linux-amd64/jdk8u101/7261/hotspot/src/share/vm/classfile/systemDictionary.cpp, lin
Event: 4,276 Thread 0x00007f6078379000 Exception <a 'java/lang/ClassNotFoundException': org/springframework/boot/web/filter/OrderedRequestContextFilterCustomizer> (0x00000000d8380830) thrown at [/HUDSON3/workspace/8-2-build-linux-amd64/jdk8u101/7261/hotspot/src/share/vm/classfile/systemDiction
Event: 4,277 Thread 0x00007f6078379000 Exception <a 'java/lang/ClassNotFoundException': org/springframework/core/OrderedCustomizer> (0x00000000d83976e8) thrown at [/HUDSON3/workspace/8-2-build-linux-amd64/jdk8u101/7261/hotspot/src/share/vm/classfile/systemDictionary.cpp, line 210]
Event: 4,277 Thread 0x00007f6078379000 Exception <a 'java/lang/ClassNotFoundException': javax/servlet/FilterCustomizer> (0x00000000d83a3f20) thrown at [/HUDSON3/workspace/8-2-build-linux-amd64/jdk8u101/7261/hotspot/src/share/vm/classfile/systemDictionary.cpp, line 210]
Event: 4,278 Thread 0x00007f6078379000 Exception <a 'java/lang/ClassNotFoundException': org/springframework/beans/factory/BeanNameAwareCustomizer> (0x00000000d83b5518) thrown at [/HUDSON3/workspace/8-2-build-linux-amd64/jdk8u101/7261/hotspot/src/share/vm/classfile/systemDictionary.cpp, line 21
Event: 4,278 Thread 0x00007f6078379000 Exception <a 'java/lang/ClassNotFoundException': org/springframework/context/EnvironmentAwareCustomizer> (0x00000000d83c58a8) thrown at [/HUDSON3/workspace/8-2-build-linux-amd64/jdk8u101/7261/hotspot/src/share/vm/classfile/systemDictionary.cpp, line 210]
Event: 4,278 Thread 0x00007f6078379000 Exception <a 'java/lang/ClassNotFoundException': org/springframework/web/context/ServletContextAwareCustomizer> (0x00000000d83d73e8) thrown at [/HUDSON3/workspace/8-2-build-linux-amd64/jdk8u101/7261/hotspot/src/share/vm/classfile/systemDictionary.cpp, lin
Event: 4,279 Thread 0x00007f6078379000 Exception <a 'java/lang/ClassNotFoundException': org/springframework/beans/factory/InitializingBeanCustomizer> (0x00000000d83e8cb0) thrown at [/HUDSON3/workspace/8-2-build-linux-amd64/jdk8u101/7261/hotspot/src/share/vm/classfile/systemDictionary.cpp, line
Event: 4,279 Thread 0x00007f6078379000 Exception <a 'java/lang/ClassNotFoundException': org/springframework/beans/factory/DisposableBeanCustomizer> (0x00000000d83f9480) thrown at [/HUDSON3/workspace/8-2-build-linux-amd64/jdk8u101/7261/hotspot/src/share/vm/classfile/systemDictionary.cpp, line 2
Event: 4,280 Thread 0x00007f6078379000 Exception <a 'java/lang/ClassNotFoundException': java/lang/ObjectCustomizer> (0x00000000d840c130) thrown at [/HUDSON3/workspace/8-2-build-linux-amd64/jdk8u101/7261/hotspot/src/share/vm/classfile/systemDictionary.cpp, line 210]

Events (10 events):
Event: 4,280 Thread 0x00007f6078379000 DEOPT PACKING pc=0x00007f60e5c1a1c4 sp=0x00007f607fffc8a0
Event: 4,280 Thread 0x00007f6078379000 DEOPT UNPACKING pc=0x00007f60e5047633 sp=0x00007f607fffc618 mode 1
Event: 4,280 loading class org/springframework/boot/autoconfigure/web/WebMvcAutoConfigurationCustomizer
Event: 4,280 loading class org/springframework/boot/autoconfigure/web/WebMvcAutoConfigurationCustomizer done
Event: 4,280 Thread 0x00007f6078379000 DEOPT PACKING pc=0x00007f60e563906c sp=0x00007f607fffc060
Event: 4,280 Thread 0x00007f6078379000 DEOPT UNPACKING pc=0x00007f60e5047633 sp=0x00007f607fffbe00 mode 1
Event: 4,280 Thread 0x00007f6078379000 DEOPT PACKING pc=0x00007f60e5567414 sp=0x00007f607fffc150
Event: 4,280 Thread 0x00007f6078379000 DEOPT UNPACKING pc=0x00007f60e5047633 sp=0x00007f607fffbd78 mode 1
Event: 4,281 Thread 0x00007f6078379000 DEOPT PACKING pc=0x00007f60e53a1084 sp=0x00007f607fffc9c0
Event: 4,281 Thread 0x00007f6078379000 DEOPT UNPACKING pc=0x00007f60e5047633 sp=0x00007f607fffc758 mode 1


Dynamic libraries:
00400000-00401000 r-xp 00000000 08:04 1187000                            /usr/lib/jvm/java-8-oracle/bin/java
00600000-00601000 rw-p 00000000 08:04 1187000                            /usr/lib/jvm/java-8-oracle/bin/java
01557000-01578000 rw-p 00000000 00:00 0                                  [heap]
85000000-8ba80000 rw-p 00000000 00:00 0 
8ba80000-d7000000 ---p 00000000 00:00 0 
d7000000-e8d80000 rw-p 00000000 00:00 0 
e8d80000-100000000 ---p 00000000 00:00 0 
100000000-10046a000 rw-p 00000000 00:00 0 
10046a000-140000000 ---p 00000000 00:00 0 
7f6074000000-7f6074040000 rw-p 00000000 00:00 0 
7f6074040000-7f6078000000 ---p 00000000 00:00 0 
7f6078000000-7f6078380000 rw-p 00000000 00:00 0 
7f6078380000-7f607c000000 ---p 00000000 00:00 0 
7f607feff000-7f607ff02000 ---p 00000000 00:00 0 
7f607ff02000-7f6080000000 rw-p 00000000 00:00 0 
7f6080000000-7f6080021000 rw-p 00000000 00:00 0 
7f6080021000-7f6084000000 ---p 00000000 00:00 0 
7f6084000000-7f6084bc9000 rw-p 00000000 00:00 0 
7f6084bc9000-7f6088000000 ---p 00000000 00:00 0 
7f6088000000-7f6088021000 rw-p 00000000 00:00 0 
7f6088021000-7f608c000000 ---p 00000000 00:00 0 
7f608c000000-7f608c021000 rw-p 00000000 00:00 0 
7f608c021000-7f6090000000 ---p 00000000 00:00 0 
7f6090000000-7f60921b7000 rw-p 00000000 00:00 0 
7f60921b7000-7f6094000000 ---p 00000000 00:00 0 
7f6094000000-7f6095706000 rw-p 00000000 00:00 0 
7f6095706000-7f6098000000 ---p 00000000 00:00 0 
7f6098000000-7f609a176000 rw-p 00000000 00:00 0 
7f609a176000-7f609c000000 ---p 00000000 00:00 0 
7f609c000000-7f609d0a1000 rw-p 00000000 00:00 0 
7f609d0a1000-7f60a0000000 ---p 00000000 00:00 0 
7f60a0000000-7f60a007e000 rw-p 00000000 00:00 0 
7f60a007e000-7f60a4000000 ---p 00000000 00:00 0 
7f60a4000000-7f60a4021000 rw-p 00000000 00:00 0 
7f60a4021000-7f60a8000000 ---p 00000000 00:00 0 
7f60a8000000-7f60a8021000 rw-p 00000000 00:00 0 
7f60a8021000-7f60ac000000 ---p 00000000 00:00 0 
7f60ac000000-7f60ac021000 rw-p 00000000 00:00 0 
7f60ac021000-7f60b0000000 ---p 00000000 00:00 0 
7f60b0000000-7f60b0021000 rw-p 00000000 00:00 0 
7f60b0021000-7f60b4000000 ---p 00000000 00:00 0 
7f60b4000000-7f60b4021000 rw-p 00000000 00:00 0 
7f60b4021000-7f60b8000000 ---p 00000000 00:00 0 
7f60b8000000-7f60b8021000 rw-p 00000000 00:00 0 
7f60b8021000-7f60bc000000 ---p 00000000 00:00 0 
7f60bc084000-7f60bc1c4000 rw-p 00000000 00:00 0 
7f60bc1c4000-7f60bc284000 ---p 00000000 00:00 0 
7f60bc284000-7f60bc484000 rw-p 00000000 00:00 0 
7f60bc484000-7f60bc684000 rw-p 00000000 00:00 0 
7f60bc684000-7f60bc884000 rw-p 00000000 00:00 0 
7f60bc884000-7f60bc91a000 r--s 01102000 08:04 1187155                    /usr/lib/jvm/java-8-oracle/jre/lib/ext/jfxrt.jar
7f60bc91a000-7f60bcb1a000 rw-p 00000000 00:00 0 
7f60bcb1a000-7f60bcd1a000 rw-p 00000000 00:00 0 
7f60bcd1a000-7f60bcd1d000 ---p 00000000 00:00 0 
7f60bcd1d000-7f60bce1b000 rw-p 00000000 00:00 0 
7f60bce1b000-7f60bce24000 r-xp 00000000 08:04 1187116                    /usr/lib/jvm/java-8-oracle/jre/lib/amd64/libmanagement.so
7f60bce24000-7f60bd023000 ---p 00009000 08:04 1187116                    /usr/lib/jvm/java-8-oracle/jre/lib/amd64/libmanagement.so
7f60bd023000-7f60bd024000 rw-p 00008000 08:04 1187116                    /usr/lib/jvm/java-8-oracle/jre/lib/amd64/libmanagement.so
7f60bd024000-7f60bd224000 rw-p 00000000 00:00 0 
7f60bd224000-7f60bd424000 rw-p 00000000 00:00 0 
7f60bd424000-7f60bd624000 rw-p 00000000 00:00 0 
7f60bd624000-7f60bd627000 r--s 0001b000 08:04 5380490                    /home/jaeger/.m2/repository/junit/junit/3.8.2/junit-3.8.2.jar
7f60bd627000-7f60bd635000 r--s 0008f000 08:04 5380459                    /home/jaeger/.m2/repository/com/google/collections/google-collections/1.0/google-collections-1.0.jar
7f60bd635000-7f60bd636000 r--s 0000a000 08:04 5380457                    /home/jaeger/.m2/repository/commons-logging/commons-logging-api/1.1/commons-logging-api-1.1.jar
7f60bd636000-7f60bd63d000 r--s 00051000 08:04 5506017                    /home/jaeger/.m2/repository/log4j/log4j/1.2.12/log4j-1.2.12.jar
7f60bd63d000-7f60bd641000 r--s 0001d000 08:04 5380456                    /home/jaeger/.m2/repository/org/apache/xbean/xbean-reflect/3.4/xbean-reflect-3.4.jar
7f60bd641000-7f60bd643000 r--s 00000000 08:04 5506012                    /home/jaeger/.m2/repository/org/codehaus/plexus/plexus-compiler-manager/2.2/plexus-compiler-manager-2.2.jar
7f60bd643000-7f60bd645000 r--s 00005000 08:04 5506009                    /home/jaeger/.m2/repository/org/codehaus/plexus/plexus-compiler-api/2.2/plexus-compiler-api-2.2.jar
7f60bd645000-7f60bd647000 r--s 00000000 08:04 5380450                    /home/jaeger/.m2/repository/org/codehaus/plexus/plexus-component-annotations/1.5.5/plexus-component-annotations-1.5.5.jar
7f60bd647000-7f60bd649000 r--s 00002000 08:04 5506011                    /home/jaeger/.m2/repository/org/apache/maven/shared/maven-shared-incremental/1.1/maven-shared-incremental-1.1.jar
7f60bd649000-7f60bd64b000 r--s 00006000 08:04 5380428                    /home/jaeger/.m2/repository/com/google/code/findbugs/jsr305/2.0.1/jsr305-2.0.1.jar
7f60bd64b000-7f60bd64e000 r--s 00023000 08:04 5380489                    /home/jaeger/.m2/repository/org/apache/maven/shared/maven-shared-utils/0.1/maven-shared-utils-0.1.jar
7f60bd6a4000-7f60bd6b7000 r--s 00345000 08:04 1187303                    /usr/lib/jvm/java-8-oracle/jre/lib/resources.jar
7f60bd6b7000-7f60bd6bc000 r--s 002f9000 08:04 1187027                    /usr/lib/jvm/java-8-oracle/jre/lib/charsets.jar
7f60bd6bc000-7f60bd6bd000 r--p 00000000 08:04 1450506                    /usr/share/locale-langpack/en_GB/LC_MESSAGES/libc.mo
7f60bd6bd000-7f60bd6bf000 r--s 0000f000 08:04 5251567                    /home/jaeger/.m2/repository/org/jboss/logging/jboss-logging/3.3.0.Final/jboss-logging-3.3.0.Final.jar
7f60bd6bf000-7f60bd6c0000 r--s 00000000 08:04 3807555                    /home/jaeger/.m2/repository/org/springframework/boot/spring-boot-starter-data-mongodb/1.4.0.RELEASE/spring-boot-starter-data-mongodb-1.4.0.RELEASE.jar
7f60bd6c0000-7f60bd6c9000 r--s 00054000 08:04 3940755                    /home/jaeger/.m2/repository/org/springframework/spring-aop/4.3.2.RELEASE/spring-aop-4.3.2.RELEASE.jar
7f60bd6c9000-7f60bd6cb000 r--s 00004000 08:04 4330842                    /home/jaeger/.m2/repository/org/slf4j/log4j-over-slf4j/1.7.21/log4j-over-slf4j-1.7.21.jar
7f60bd6cb000-7f60bd6cd000 r--s 00003000 08:04 4201245                    /home/jaeger/.m2/repository/org/slf4j/jcl-over-slf4j/1.7.21/jcl-over-slf4j-1.7.21.jar
7f60bd6cd000-7f60bd6df000 r--s 0011b000 08:04 4859855                    /home/jaeger/.m2/repository/com/fasterxml/jackson/core/jackson-databind/2.8.1/jackson-databind-2.8.1.jar
7f60bd6df000-7f60bd6eb000 r--s 000a6000 08:04 5379325                    /home/jaeger/.m2/repository/net/sourceforge/jexcelapi/jxl/2.6.12/jxl-2.6.12.jar
7f60bd6eb000-7f60bd6ef000 r--s 0000c000 08:04 4069629                    /home/jaeger/.m2/repository/javax/validation/validation-api/1.1.0.Final/validation-api-1.1.0.Final.jar
7f60bd6ef000-7f60bd6f9000 r--s 00069000 08:04 4069627                    /home/jaeger/.m2/repository/ch/qos/logback/logback-core/1.1.7/logback-core-1.1.7.jar
7f60bd6f9000-7f60bd6fe000 r--s 0003c000 08:04 3940751                    /home/jaeger/.m2/repository/org/springframework/spring-expression/4.3.2.RELEASE/spring-expression-4.3.2.RELEASE.jar
7f60bd6fe000-7f60bd70d000 r--s 0008f000 08:04 3807557                    /home/jaeger/.m2/repository/org/springframework/boot/spring-boot/1.4.0.RELEASE/spring-boot-1.4.0.RELEASE.jar
7f60bd70d000-7f60bd714000 r--s 00044000 08:04 3940746                    /home/jaeger/.m2/repository/ch/qos/logback/logback-classic/1.1.7/logback-classic-1.1.7.jar
7f60bd714000-7f60bd71c000 r--s 0003a000 08:04 4726339                    /home/jaeger/.m2/repository/org/springframework/spring-tx/4.3.2.RELEASE/spring-tx-4.3.2.RELEASE.jar
7f60bd71c000-7f60bd721000 r--s 00036000 08:04 4990212                    /home/jaeger/.m2/repository/org/apache/tomcat/embed/tomcat-embed-websocket/8.5.4/tomcat-embed-websocket-8.5.4.jar
7f60bd721000-7f60bd722000 r--s 00000000 08:04 3807556                    /home/jaeger/.m2/repository/org/springframework/boot/spring-boot-starter/1.4.0.RELEASE/spring-boot-starter-1.4.0.RELEASE.jar
7f60bd722000-7f60bd733000 r--s 00098000 08:04 4726341                    /home/jaeger/.m2/repository/org/springframework/data/spring-data-commons/1.12.2.RELEASE/spring-data-commons-1.12.2.RELEASE.jar
7f60bd733000-7f60bd73a000 r--s 00053000 08:04 5379327                    /home/jaeger/.m2/repository/log4j/log4j/1.2.14/log4j-1.2.14.jar
7f60bd73a000-7f60bd73d000 r--s 0000b000 08:04 5251570                    /home/jaeger/.m2/repository/com/fasterxml/jackson/core/jackson-annotations/2.8.1/jackson-annotations-2.8.1.jar
7f60bd73d000-7f60bd73f000 r--s 00009000 08:04 4201243                    /home/jaeger/.m2/repository/org/slf4j/slf4j-api/1.7.21/slf4j-api-1.7.21.jar
7f60bd73f000-7f60bd74c000 r--s 000ac000 08:04 3940750                    /home/jaeger/.m2/repository/org/springframework/spring-beans/4.3.2.RELEASE/spring-beans-4.3.2.RELEASE.jar
7f60bd74c000-7f60bd75e000 r--s 000ce000 08:04 5251575                    /home/jaeger/.m2/repository/org/springframework/spring-webmvc/4.3.2.RELEASE/spring-webmvc-4.3.2.RELEASE.jar
7f60bd75e000-7f60bd75f000 r--s 00000000 08:04 3940743                    /home/jaeger/.m2/repository/org/springframework/boot/spring-boot-starter-logging/1.4.0.RELEASE/spring-boot-starter-logging-1.4.0.RELEASE.jar
7f60bd75f000-7f60bd760000 r--s 00000000 08:04 4859851                    /home/jaeger/.m2/repository/org/springframework/boot/spring-boot-starter-web/1.4.0.RELEASE/spring-boot-starter-web-1.4.0.RELEASE.jar
7f60bd760000-7f60bd772000 r--s 000cd000 08:04 4464566                    /home/jaeger/.m2/repository/org/mongodb/mongodb-driver-core/3.2.2/mongodb-driver-core-3.2.2.jar
7f60bd772000-7f60bd777000 r--s 00033000 08:04 4591165                    /home/jaeger/.m2/repository/org/mongodb/bson/3.2.2/bson-3.2.2.jar
7f60bd777000-7f60bd77d000 r--s 0003d000 08:04 4330844                    /home/jaeger/.m2/repository/org/yaml/snakeyaml/1.17/snakeyaml-1.17.jar
7f60bd77d000-7f60bd79a000 r--s 000c7000 08:04 3940744                    /home/jaeger/.m2/repository/org/springframework/boot/spring-boot-autoconfigure/1.4.0.RELEASE/spring-boot-autoconfigure-1.4.0.RELEASE.jar
7f60bd79a000-7f60bd79b000 r--s 00000000 08:04 4859852                    /home/jaeger/.m2/repository/org/springframework/boot/spring-boot-starter-tomcat/1.4.0.RELEASE/spring-boot-starter-tomcat-1.4.0.RELEASE.jar
7f60bd79b000-7f60bd7ab000 r--s 0009c000 08:04 3807560                    /home/jaeger/.m2/repository/org/springframework/data/spring-data-mongodb/1.9.2.RELEASE/spring-data-mongodb-1.9.2.RELEASE.jar
7f60bd7ab000-7f60bd7c4000 r--s 000fc000 08:04 3940749                    /home/jaeger/.m2/repository/org/springframework/spring-context/4.3.2.RELEASE/spring-context-4.3.2.RELEASE.jar
7f60bd7c4000-7f60bd7ca000 r--s 0004f000 08:04 4464565                    /home/jaeger/.m2/repository/org/mongodb/mongodb-driver/3.2.2/mongodb-driver-3.2.2.jar
7f60bd7ca000-7f60bd7f3000 r--s 002af000 08:04 4990210                    /home/jaeger/.m2/repository/org/apache/tomcat/embed/tomcat-embed-core/8.5.4/tomcat-embed-core-8.5.4.jar
7f60bd7f3000-7f60bd7f8000 r--s 00036000 08:04 4990211                    /home/jaeger/.m2/repository/org/apache/tomcat/embed/tomcat-embed-el/8.5.4/tomcat-embed-el-8.5.4.jar
7f60bd7f8000-7f60bd7fa000 r--s 0000e000 08:04 4330846                    /home/jaeger/.m2/repository/com/fasterxml/classmate/1.3.1/classmate-1.3.1.jar
7f60bd7fa000-7f60bd80f000 r--s 00141000 08:04 4726343                    /home/jaeger/.m2/repository/org/projectlombok/lombok/1.16.10/lombok-1.16.10.jar
7f60bd80f000-7f60bd81f000 r--s 0009c000 08:04 5251566                    /home/jaeger/.m2/repository/org/hibernate/hibernate-validator/5.2.4.Final/hibernate-validator-5.2.4.Final.jar
7f60bd81f000-7f60bd821000 r--s 00000000 08:04 4330840                    /home/jaeger/.m2/repository/org/slf4j/jul-to-slf4j/1.7.21/jul-to-slf4j-1.7.21.jar
7f60bd821000-7f60bd833000 r--s 000b5000 08:04 5251573                    /home/jaeger/.m2/repository/org/springframework/spring-web/4.3.2.RELEASE/spring-web-4.3.2.RELEASE.jar
7f60bd833000-7f60bd837000 r--s 00041000 08:04 5251572                    /home/jaeger/.m2/repository/com/fasterxml/jackson/core/jackson-core/2.8.1/jackson-core-2.8.1.jar
7f60bd837000-7f60bd83a000 ---p 00000000 00:00 0 
7f60bd83a000-7f60bd938000 rw-p 00000000 00:00 0 
7f60bd938000-7f60bd963000 r--s 001fc000 08:04 5380475                    /home/jaeger/.m2/repository/com/google/guava/guava/18.0/guava-18.0.jar
7f60bd963000-7f60bd964000 r--s 00008000 08:04 5505219                    /home/jaeger/.m2/repository/asm/asm-util/3.2/asm-util-3.2.jar
7f60bd964000-7f60bd965000 r--s 00004000 08:04 5505218                    /home/jaeger/.m2/repository/asm/asm-analysis/3.2/asm-analysis-3.2.jar
7f60bd965000-7f60bd968000 r--s 00013000 08:04 5505216                    /home/jaeger/.m2/repository/commons-io/commons-io/1.3.2/commons-io-1.3.2.jar
7f60bd968000-7f60bd969000 r--s 00002000 08:04 5505214                    /home/jaeger/.m2/repository/org/vafer/jdependency/0.7/jdependency-0.7.jar
7f60bd969000-7f60bd96c000 r--s 0000c000 08:04 5505211                    /home/jaeger/.m2/repository/org/apache/maven/shared/maven-dependency-tree/2.1/maven-dependency-tree-2.1.jar
7f60bd96c000-7f60bd96f000 r--s 00023000 08:04 5505209                    /home/jaeger/.m2/repository/org/jdom/jdom/1.1/jdom-1.1.jar
7f60bd96f000-7f60bd971000 r--s 00004000 08:04 5505208                    /home/jaeger/.m2/repository/asm/asm-tree/3.3.1/asm-tree-3.3.1.jar
7f60bd971000-7f60bd973000 r--s 00008000 08:04 5505205                    /home/jaeger/.m2/repository/asm/asm-commons/3.3.1/asm-commons-3.3.1.jar
7f60bd973000-7f60bd974000 r--s 0000a000 08:04 5505204                    /home/jaeger/.m2/repository/asm/asm/3.3.1/asm-3.3.1.jar
7f60bd974000-7f60bd97f000 r--s 00069000 08:04 5505203                    /home/jaeger/.m2/repository/org/sonatype/sisu/sisu-guice/2.1.7/sisu-guice-2.1.7-noaop.jar
7f60bd97f000-7f60bd984000 r--s 00021000 08:04 5505202                    /home/jaeger/.m2/repository/org/sonatype/sisu/sisu-inject-bean/1.4.2/sisu-inject-bean-1.4.2.jar
7f60bd984000-7f60bd986000 r--s 00017000 08:04 5380470                    /home/jaeger/.m2/repository/org/apache/maven/plugins/maven-shade-plugin/2.2/maven-shade-plugin-2.2.jar
7f60bd986000-7f60bd98a000 r--s 00038000 08:04 5380467                    /home/jaeger/.m2/repository/org/codehaus/plexus/plexus-utils/3.0.20/plexus-utils-3.0.20.jar
7f60bd98a000-7f60bd991000 r--s 00056000 08:04 5380466                    /home/jaeger/.m2/repository/org/apache/commons/commons-compress/1.9/commons-compress-1.9.jar
7f60bd991000-7f60bd995000 r--s 0000f000 08:04 5380463                    /home/jaeger/.m2/repository/org/codehaus/plexus/plexus-io/2.3.2/plexus-io-2.3.2.jar
7f60bd995000-7f60bd999000 r--s 0001f000 08:04 5380461                    /home/jaeger/.m2/repository/org/codehaus/plexus/plexus-archiver/2.8.1/plexus-archiver-2.8.1.jar
7f60bd999000-7f60bd99b000 r--s 00009000 08:04 5379316                    /home/jaeger/.m2/repository/org/hamcrest/hamcrest-core/1.3/hamcrest-core-1.3.jar
7f60bd99b000-7f60bd9a3000 r--s 00045000 08:04 5379300                    /home/jaeger/.m2/repository/junit/junit/4.12/junit-4.12.jar
7f60bd9a3000-7f60bd9ac000 r--s 0006f000 08:04 5380455                    /home/jaeger/.m2/repository/log4j/log4j/1.2.17/log4j-1.2.17.jar
7f60bd9ac000-7f60bd9ae000 r--s 00006000 08:04 5380451                    /home/jaeger/.m2/repository/org/apache/maven/shared/maven-common-artifact-filters/1.4/maven-common-artifact-filters-1.4.jar
7f60bd9ae000-7f60bd9b0000 r--s 00002000 08:04 5379794                    /home/jaeger/.m2/repository/org/sonatype/plexus/plexus-cipher/1.4/plexus-cipher-1.4.jar
7f60bd9b0000-7f60bd9b1000 r--s 00006000 08:04 5379792                    /home/jaeger/.m2/repository/org/sonatype/plexus/plexus-sec-dispatcher/1.3/plexus-sec-dispatcher-1.3.jar
7f60bd9b1000-7f60bd9b7000 r--s 00042000 08:04 5380447                    /home/jaeger/.m2/repository/org/eclipse/sisu/org.eclipse.sisu.inject/0.0.0.M5/org.eclipse.sisu.inject-0.0.0.M5.jar
7f60bd9b7000-7f60bd9b9000 r--s 00000000 08:04 5380448                    /home/jaeger/.m2/repository/aopalliance/aopalliance/1.0/aopalliance-1.0.jar
7f60bd9b9000-7f60bd9c1000 r--s 00050000 08:04 5380445                    /home/jaeger/.m2/repository/org/sonatype/sisu/sisu-guice/3.1.0/sisu-guice-3.1.0-no_aop.jar
7f60bd9c1000-7f60bd9c2000 r--s 00000000 08:04 3940787                    /home/jaeger/.m2/repository/javax/inject/javax.inject/1/javax.inject-1.jar
7f60bd9c2000-7f60bd9c3000 r--s 00001000 08:04 3940785                    /home/jaeger/.m2/repository/javax/annotation/jsr250-api/1.0/jsr250-api-1.0.jar
7f60bd9c3000-7f60bd9c6000 r--s 00008000 08:04 3940784                    /home/jaeger/.m2/repository/javax/enterprise/cdi-api/1.0/cdi-api-1.0.jar
7f60bd9c6000-7f60bd9cc000 r--s 0002a000 08:04 5380441                    /home/jaeger/.m2/repository/org/eclipse/sisu/org.eclipse.sisu.plexus/0.0.0.M5/org.eclipse.sisu.plexus-0.0.0.M5.jar
7f60bd9cc000-7f60bd9d0000 r--s 00020000 08:04 5380439                    /home/jaeger/.m2/repository/org/eclipse/aether/aether-util/1.0.2.v20150114/aether-util-1.0.2.v20150114.jar
7f60bd9d0000-7f60bd9d5000 r--s 0001d000 08:04 5380438                    /home/jaeger/.m2/repository/org/eclipse/aether/aether-api/1.0.2.v20150114/aether-api-1.0.2.v20150114.jar
7f60bd9d5000-7f60bd9d9000 r--s 00027000 08:04 5380434                    /home/jaeger/.m2/repository/org/eclipse/aether/aether-impl/1.0.2.v20150114/aether-impl-1.0.2.v20150114.jar
7f60bd9d9000-7f60bd9db000 r--s 00006000 08:04 5380435                    /home/jaeger/.m2/repository/org/eclipse/aether/aether-spi/1.0.2.v20150114/aether-spi-1.0.2.v20150114.jar
7f60bd9db000-7f60bd9de000 r--s 0000d000 08:04 5380433                    /home/jaeger/.m2/repository/org/codehaus/plexus/plexus-interpolation/1.21/plexus-interpolation-1.21.jar
7f60bd9de000-7f60bd9e2000 r--s 00026000 08:04 5380429                    /home/jaeger/.m2/repository/org/apache/maven/shared/maven-shared-utils/0.7/maven-shared-utils-0.7.jar
7f60bd9e2000-7f60bd9e3000 r--s 00005000 08:04 5380427                    /home/jaeger/.m2/repository/org/apache/maven/maven-archiver/2.6/maven-archiver-2.6.jar
7f60bd9e3000-7f60bd9e5000 r--s 0000e000 08:04 5380426                    /home/jaeger/.m2/repository/commons-logging/commons-logging/1.2/commons-logging-1.2.jar
7f60bd9e5000-7f60bd9fc000 r--s 000f9000 08:04 3807563                    /home/jaeger/.m2/repository/org/springframework/spring-core/4.3.2.RELEASE/spring-core-4.3.2.RELEASE.jar
7f60bd9fc000-7f60bd9ff000 r--s 00020000 08:04 5380425                    /home/jaeger/.m2/repository/org/springframework/boot/spring-boot-loader-tools/1.4.0.RELEASE/spring-boot-loader-tools-1.4.0.RELEASE.jar
7f60bd9ff000-7f60bda01000 r--s 0000e000 08:04 5251605                    /home/jaeger/.m2/repository/org/springframework/boot/spring-boot-maven-plugin/1.4.0.RELEASE/spring-boot-maven-plugin-1.4.0.RELEASE.jar
7f60bda01000-7f60bdc01000 rw-p 00000000 00:00 0 
7f60bdc01000-7f60bdc12000 r-xp 00000000 08:04 1187105                    /usr/lib/jvm/java-8-oracle/jre/lib/amd64/libnio.so
7f60bdc12000-7f60bde11000 ---p 00011000 08:04 1187105                    /usr/lib/jvm/java-8-oracle/jre/lib/amd64/libnio.so
7f60bde11000-7f60bde12000 rw-p 00010000 08:04 1187105                    /usr/lib/jvm/java-8-oracle/jre/lib/amd64/libnio.so
7f60bde12000-7f60be113000 rw-p 00000000 00:00 0 
7f60be113000-7f60be129000 r-xp 00000000 08:04 1187082                    /usr/lib/jvm/java-8-oracle/jre/lib/amd64/libnet.so
7f60be129000-7f60be329000 ---p 00016000 08:04 1187082                    /usr/lib/jvm/java-8-oracle/jre/lib/amd64/libnet.so
7f60be329000-7f60be32a000 rw-p 00016000 08:04 1187082                    /usr/lib/jvm/java-8-oracle/jre/lib/amd64/libnet.so
7f60be32a000-7f60be32d000 ---p 00000000 00:00 0 
7f60be32d000-7f60be563000 rw-p 00000000 00:00 0 
7f60be563000-7f60be763000 rw-p 00000000 00:00 0 
7f60be763000-7f60be764000 ---p 00000000 00:00 0 
7f60be764000-7f60be864000 rw-p 00000000 00:00 0 
7f60be864000-7f60be867000 ---p 00000000 00:00 0 
7f60be867000-7f60be965000 rw-p 00000000 00:00 0 
7f60be965000-7f60be968000 ---p 00000000 00:00 0 
7f60be968000-7f60bea66000 rw-p 00000000 00:00 0 
7f60bea66000-7f60bea69000 ---p 00000000 00:00 0 
7f60bea69000-7f60beb67000 rw-p 00000000 00:00 0 
7f60beb67000-7f60beb6a000 ---p 00000000 00:00 0 
7f60beb6a000-7f60bec68000 rw-p 00000000 00:00 0 
7f60bec68000-7f60bec6b000 ---p 00000000 00:00 0 
7f60bec6b000-7f60bed69000 rw-p 00000000 00:00 0 
7f60bed69000-7f60bed6c000 ---p 00000000 00:00 0 
7f60bed6c000-7f60bee6a000 rw-p 00000000 00:00 0 
7f60bee6a000-7f60bee6d000 ---p 00000000 00:00 0 
7f60bee6d000-7f60bef6b000 rw-p 00000000 00:00 0 
7f60bef6b000-7f60bef6e000 ---p 00000000 00:00 0 
7f60bef6e000-7f60bf06c000 rw-p 00000000 00:00 0 
7f60bf06c000-7f60bf070000 r-xp 00000000 08:04 1187121                    /usr/lib/jvm/java-8-oracle/jre/lib/amd64/libdt_socket.so
7f60bf070000-7f60bf26f000 ---p 00004000 08:04 1187121                    /usr/lib/jvm/java-8-oracle/jre/lib/amd64/libdt_socket.so
7f60bf26f000-7f60bf270000 rw-p 00003000 08:04 1187121                    /usr/lib/jvm/java-8-oracle/jre/lib/amd64/libdt_socket.so
7f60bf270000-7f60bf273000 ---p 00000000 00:00 0 
7f60bf273000-7f60bf371000 rw-p 00000000 00:00 0 
7f60bf371000-7f60bf374000 ---p 00000000 00:00 0 
7f60bf374000-7f60bf472000 rw-p 00000000 00:00 0 
7f60bf472000-7f60bf475000 ---p 00000000 00:00 0 
7f60bf475000-7f60bf573000 rw-p 00000000 00:00 0 
7f60bf573000-7f60bf574000 ---p 00000000 00:00 0 
7f60bf574000-7f60c4000000 rw-p 00000000 00:00 0 
7f60c4000000-7f60c4021000 rw-p 00000000 00:00 0 
7f60c4021000-7f60c8000000 ---p 00000000 00:00 0 
7f60c8000000-7f60c8021000 rw-p 00000000 00:00 0 
7f60c8021000-7f60cc000000 ---p 00000000 00:00 0 
7f60cc000000-7f60cc021000 rw-p 00000000 00:00 0 
7f60cc021000-7f60d0000000 ---p 00000000 00:00 0 
7f60d0000000-7f60d0021000 rw-p 00000000 00:00 0 
7f60d0021000-7f60d4000000 ---p 00000000 00:00 0 
7f60d4000000-7f60d4021000 rw-p 00000000 00:00 0 
7f60d4021000-7f60d8000000 ---p 00000000 00:00 0 
7f60d8000000-7f60d8021000 rw-p 00000000 00:00 0 
7f60d8021000-7f60dc000000 ---p 00000000 00:00 0 
7f60dc000000-7f60dc021000 rw-p 00000000 00:00 0 
7f60dc021000-7f60e0000000 ---p 00000000 00:00 0 
7f60e0000000-7f60e0021000 rw-p 00000000 00:00 0 
7f60e0021000-7f60e4000000 ---p 00000000 00:00 0 
7f60e4000000-7f60e4001000 r--s 00004000 08:04 5506016                    /home/jaeger/.m2/repository/org/codehaus/plexus/plexus-compiler-javac/2.2/plexus-compiler-javac-2.2.jar
7f60e4001000-7f60e4005000 r--s 00030000 08:04 5506010                    /home/jaeger/.m2/repository/org/codehaus/plexus/plexus-utils/1.5.1/plexus-utils-1.5.1.jar
7f60e4005000-7f60e4007000 r--s 00009000 08:04 5505378                    /home/jaeger/.m2/repository/org/apache/maven/plugins/maven-compiler-plugin/3.1/maven-compiler-plugin-3.1.jar
7f60e4007000-7f60e4009000 r--s 0000d000 08:04 5505324                    /home/jaeger/.m2/repository/org/codehaus/plexus/plexus-interpolation/1.13/plexus-interpolation-1.13.jar
7f60e4009000-7f60e400a000 r--s 00001000 08:04 5505323                    /home/jaeger/.m2/repository/org/sonatype/plexus/plexus-build-api/0.0.4/plexus-build-api-0.0.4.jar
7f60e400a000-7f60e400c000 r--s 00009000 08:04 5505319                    /home/jaeger/.m2/repository/org/apache/maven/shared/maven-filtering/1.1/maven-filtering-1.1.jar
7f60e400c000-7f60e4010000 r--s 00033000 08:04 5505320                    /home/jaeger/.m2/repository/org/codehaus/plexus/plexus-utils/2.0.5/plexus-utils-2.0.5.jar
7f60e4010000-7f60e4013000 r--s 0001b000 08:04 5379801                    /home/jaeger/.m2/repository/junit/junit/3.8.1/junit-3.8.1.jar
7f60e4013000-7f60e4015000 r--s 00002000 08:04 5379803                    /home/jaeger/.m2/repository/org/codehaus/plexus/plexus-interactivity-api/1.0-alpha-4/plexus-interactivity-api-1.0-alpha-4.jar
7f60e4015000-7f60e4017000 r--s 00006000 08:04 5505318                    /home/jaeger/.m2/repository/commons-cli/commons-cli/1.0/commons-cli-1.0.jar
7f60e4017000-7f60e4018000 r--s 00001000 08:04 5380481                    /home/jaeger/.m2/repository/org/apache/maven/doxia/doxia-sink-api/1.0-alpha-7/doxia-sink-api-1.0-alpha-7.jar
7f60e4018000-7f60e4019000 r--s 00002000 08:04 5380482                    /home/jaeger/.m2/repository/org/apache/maven/reporting/maven-reporting-api/2.0.6/maven-reporting-api-2.0.6.jar
7f60e4019000-7f60e401b000 r--s 00006000 08:04 5505266                    /home/jaeger/.m2/repository/org/apache/maven/plugins/maven-resources-plugin/2.6/maven-resources-plugin-2.6.jar
7f60e401b000-7f60e401c000 r--p 00000000 00:00 0 
7f60e401c000-7f60e4020000 r--s 00097000 08:04 1187026                    /usr/lib/jvm/java-8-oracle/jre/lib/jsse.jar
7f60e4020000-7f60e4024000 r--s 0001c000 08:04 4720424                    /home/jaeger/İndirilenler/idea-IU-162.1447.26/plugins/maven/lib/maven3/lib/aether-util-1.13.1.jar
7f60e4024000-7f60e4025000 r--s 0000a000 08:04 4720434                    /home/jaeger/İndirilenler/idea-IU-162.1447.26/plugins/maven/lib/maven3/lib/maven-embedder-3.0.5.jar
7f60e4025000-7f60e4026000 r--s 00003000 08:04 4720423                    /home/jaeger/İndirilenler/idea-IU-162.1447.26/plugins/maven/lib/maven3/lib/aether-spi-1.13.1.jar
7f60e4026000-7f60e4028000 r--s 0000c000 08:04 4720430                    /home/jaeger/İndirilenler/idea-IU-162.1447.26/plugins/maven/lib/maven3/lib/maven-aether-provider-3.0.5.jar
7f60e4028000-7f60e4029000 r--s 00002000 08:04 4720450                    /home/jaeger/İndirilenler/idea-IU-162.1447.26/plugins/maven/lib/maven3/lib/wagon-file-2.8.jar
7f60e4029000-7f60e402b000 r--s 0000b000 08:04 4720453                    /home/jaeger/İndirilenler/idea-IU-162.1447.26/plugins/maven/lib/maven3/lib/wagon-provider-api-2.8.jar
7f60e402b000-7f60e402d000 r--s 00002000 08:04 4720441                    /home/jaeger/İndirilenler/idea-IU-162.1447.26/plugins/maven/lib/maven3/lib/plexus-cipher-1.7.jar
7f60e402d000-7f60e4035000 r--s 00050000 08:04 4720447                    /home/jaeger/İndirilenler/idea-IU-162.1447.26/plugins/maven/lib/maven3/lib/sisu-guice-3.1.0-no_aop.jar
7f60e4035000-7f60e4037000 r--s 00000000 08:04 4720442                    /home/jaeger/İndirilenler/idea-IU-162.1447.26/plugins/maven/lib/maven3/lib/plexus-component-annotations-1.5.5.jar
7f60e4037000-7f60e4039000 r--s 00009000 08:04 4720425                    /home/jaeger/İndirilenler/idea-IU-162.1447.26/plugins/maven/lib/maven3/lib/commons-cli-1.2.jar
7f60e4039000-7f60e403b000 r--s 00006000 08:04 4720421                    /home/jaeger/İndirilenler/idea-IU-162.1447.26/plugins/maven/lib/maven3/lib/aether-connector-wagon-1.13.1.jar
7f60e403b000-7f60e403e000 r--s 0001d000 08:04 4720422                    /home/jaeger/İndirilenler/idea-IU-162.1447.26/plugins/maven/lib/maven3/lib/aether-impl-1.13.1.jar
7f60e403e000-7f60e4042000 r--s 00027000 08:04 4720426                    /home/jaeger/İndirilenler/idea-IU-162.1447.26/plugins/maven/lib/maven3/lib/commons-io-2.2.jar
7f60e4042000-7f60e4047000 r--s 00041000 08:04 4720427                    /home/jaeger/İndirilenler/idea-IU-162.1447.26/plugins/maven/lib/maven3/lib/commons-lang-2.6.jar
7f60e4047000-7f60e4075000 r--s 001fa000 08:04 4720451                    /home/jaeger/İndirilenler/idea-IU-162.1447.26/plugins/maven/lib/maven3/lib/wagon-http-2.8-shaded.jar
7f60e4075000-7f60e4079000 r--s 00021000 08:04 4720436                    /home/jaeger/İndirilenler/idea-IU-162.1447.26/plugins/maven/lib/maven3/lib/maven-model-builder-3.0.5.jar
7f60e4079000-7f60e407c000 r--s 00008000 08:04 4720440                    /home/jaeger/İndirilenler/idea-IU-162.1447.26/plugins/maven/lib/maven3/lib/maven-settings-builder-3.0.5.jar
7f60e407c000-7f60e4083000 r--s 00040000 08:04 4720448                    /home/jaeger/İndirilenler/idea-IU-162.1447.26/plugins/maven/lib/maven3/lib/sisu-inject-bean-2.3.0.jar
7f60e4083000-7f60e4085000 r--s 00026000 08:04 4720435                    /home/jaeger/İndirilenler/idea-IU-162.1447.26/plugins/maven/lib/maven3/lib/maven-model-3.0.5.jar
7f60e4085000-7f60e4088000 r--s 00013000 08:04 4720420                    /home/jaeger/İndirilenler/idea-IU-162.1447.26/plugins/maven/lib/maven3/lib/aether-api-1.13.1.jar
7f60e4088000-7f60e408c000 r--s 00033000 08:04 4720445                    /home/jaeger/İndirilenler/idea-IU-162.1447.26/plugins/maven/lib/maven3/lib/plexus-utils-2.0.6.jar
7f60e408c000-7f60e408e000 r--s 0000b000 08:04 4720431                    /home/jaeger/İndirilenler/idea-IU-162.1447.26/plugins/maven/lib/maven3/lib/maven-artifact-3.0.5.jar
7f60e408e000-7f60e4090000 r--s 00006000 08:04 4720438                    /home/jaeger/İndirilenler/idea-IU-162.1447.26/plugins/maven/lib/maven3/lib/maven-repository-metadata-3.0.5.jar
7f60e4090000-7f60e40af000 r--s 00152000 08:04 4720446                    /home/jaeger/İndirilenler/idea-IU-162.1447.26/plugins/maven/lib/maven3/lib/sisu-guava-0.9.9.jar
7f60e40af000-7f60e5000000 rw-p 00000000 00:00 0 
7f60e5000000-7f60e6010000 rwxp 00000000 00:00 0 
7f60e6010000-7f60f4000000 ---p 00000000 00:00 0 
7f60f4000000-7f60f5124000 rw-p 00000000 00:00 0 
7f60f5124000-7f60f8000000 ---p 00000000 00:00 0 
7f60f8000000-7f60f8001000 r--s 00006000 08:04 4720444                    /home/jaeger/İndirilenler/idea-IU-162.1447.26/plugins/maven/lib/maven3/lib/plexus-sec-dispatcher-1.3.jar
7f60f8001000-7f60f8116000 rw-p 00000000 00:00 0 
7f60f8116000-7f60f82ef000 r--s 03d29000 08:04 1187074                    /usr/lib/jvm/java-8-oracle/jre/lib/rt.jar
7f60f82ef000-7f60f8f3d000 rw-p 00000000 00:00 0 
7f60f8f3d000-7f60f8f3e000 ---p 00000000 00:00 0 
7f60f8f3e000-7f60f903e000 rw-p 00000000 00:00 0 
7f60f903e000-7f60f903f000 ---p 00000000 00:00 0 
7f60f903f000-7f60f913f000 rw-p 00000000 00:00 0 
7f60f913f000-7f60f9140000 ---p 00000000 00:00 0 
7f60f9140000-7f60f9240000 rw-p 00000000 00:00 0 
7f60f9240000-7f60f9241000 ---p 00000000 00:00 0 
7f60f9241000-7f60f9341000 rw-p 00000000 00:00 0 
7f60f9341000-7f60f9342000 ---p 00000000 00:00 0 
7f60f9342000-7f60f9442000 rw-p 00000000 00:00 0 
7f60f9442000-7f60f9443000 ---p 00000000 00:00 0 
7f60f9443000-7f60f9543000 rw-p 00000000 00:00 0 
7f60f9543000-7f60f9544000 ---p 00000000 00:00 0 
7f60f9544000-7f60f9644000 rw-p 00000000 00:00 0 
7f60f9644000-7f60f9645000 ---p 00000000 00:00 0 
7f60f9645000-7f60f977b000 rw-p 00000000 00:00 0 
7f60f977b000-7f60f99d5000 ---p 00000000 00:00 0 
7f60f99d5000-7f60f9a0b000 rw-p 00000000 00:00 0 
7f60f9a0b000-7f60f9c65000 ---p 00000000 00:00 0 
7f60f9c65000-7f60f9cf4000 rw-p 00000000 00:00 0 
7f60f9cf4000-7f60f9dad000 ---p 00000000 00:00 0 
7f60f9dad000-7f60f9def000 rw-p 00000000 00:00 0 
7f60f9def000-7f60fa16e000 ---p 00000000 00:00 0 
7f60fa16e000-7f60fa188000 r-xp 00000000 08:04 1187103                    /usr/lib/jvm/java-8-oracle/jre/lib/amd64/libzip.so
7f60fa188000-7f60fa388000 ---p 0001a000 08:04 1187103                    /usr/lib/jvm/java-8-oracle/jre/lib/amd64/libzip.so
7f60fa388000-7f60fa389000 rw-p 0001a000 08:04 1187103                    /usr/lib/jvm/java-8-oracle/jre/lib/amd64/libzip.so
7f60fa389000-7f60fa394000 r-xp 00000000 08:04 5247706                    /lib/x86_64-linux-gnu/libnss_files-2.23.so
7f60fa394000-7f60fa593000 ---p 0000b000 08:04 5247706                    /lib/x86_64-linux-gnu/libnss_files-2.23.so
7f60fa593000-7f60fa594000 r--p 0000a000 08:04 5247706                    /lib/x86_64-linux-gnu/libnss_files-2.23.so
7f60fa594000-7f60fa595000 rw-p 0000b000 08:04 5247706                    /lib/x86_64-linux-gnu/libnss_files-2.23.so
7f60fa595000-7f60fa59b000 rw-p 00000000 00:00 0 
7f60fa59b000-7f60fa5a6000 r-xp 00000000 08:04 5247716                    /lib/x86_64-linux-gnu/libnss_nis-2.23.so
7f60fa5a6000-7f60fa7a5000 ---p 0000b000 08:04 5247716                    /lib/x86_64-linux-gnu/libnss_nis-2.23.so
7f60fa7a5000-7f60fa7a6000 r--p 0000a000 08:04 5247716                    /lib/x86_64-linux-gnu/libnss_nis-2.23.so
7f60fa7a6000-7f60fa7a7000 rw-p 0000b000 08:04 5247716                    /lib/x86_64-linux-gnu/libnss_nis-2.23.so
7f60fa7a7000-7f60fa7bd000 r-xp 00000000 08:04 5247700                    /lib/x86_64-linux-gnu/libnsl-2.23.so
7f60fa7bd000-7f60fa9bc000 ---p 00016000 08:04 5247700                    /lib/x86_64-linux-gnu/libnsl-2.23.so
7f60fa9bc000-7f60fa9bd000 r--p 00015000 08:04 5247700                    /lib/x86_64-linux-gnu/libnsl-2.23.so
7f60fa9bd000-7f60fa9be000 rw-p 00016000 08:04 5247700                    /lib/x86_64-linux-gnu/libnsl-2.23.so
7f60fa9be000-7f60fa9c0000 rw-p 00000000 00:00 0 
7f60fa9c0000-7f60fa9c8000 r-xp 00000000 08:04 5247702                    /lib/x86_64-linux-gnu/libnss_compat-2.23.so
7f60fa9c8000-7f60fabc7000 ---p 00008000 08:04 5247702                    /lib/x86_64-linux-gnu/libnss_compat-2.23.so
7f60fabc7000-7f60fabc8000 r--p 00007000 08:04 5247702                    /lib/x86_64-linux-gnu/libnss_compat-2.23.so
7f60fabc8000-7f60fabc9000 rw-p 00008000 08:04 5247702                    /lib/x86_64-linux-gnu/libnss_compat-2.23.so
7f60fabc9000-7f60fb000000 r--p 00000000 08:04 400955                     /usr/lib/locale/locale-archive
7f60fb000000-7f60fb002000 r-xp 00000000 08:04 1187111                    /usr/lib/jvm/java-8-oracle/jre/lib/amd64/libnpt.so
7f60fb002000-7f60fb202000 ---p 00002000 08:04 1187111                    /usr/lib/jvm/java-8-oracle/jre/lib/amd64/libnpt.so
7f60fb202000-7f60fb203000 rw-p 00002000 08:04 1187111                    /usr/lib/jvm/java-8-oracle/jre/lib/amd64/libnpt.so
7f60fb203000-7f60fb23c000 r-xp 00000000 08:04 1187079                    /usr/lib/jvm/java-8-oracle/jre/lib/amd64/libjdwp.so
7f60fb23c000-7f60fb43b000 ---p 00039000 08:04 1187079                    /usr/lib/jvm/java-8-oracle/jre/lib/amd64/libjdwp.so
7f60fb43b000-7f60fb43d000 rw-p 00038000 08:04 1187079                    /usr/lib/jvm/java-8-oracle/jre/lib/amd64/libjdwp.so
7f60fb43d000-7f60fb467000 r-xp 00000000 08:04 1187129                    /usr/lib/jvm/java-8-oracle/jre/lib/amd64/libjava.so
7f60fb467000-7f60fb667000 ---p 0002a000 08:04 1187129                    /usr/lib/jvm/java-8-oracle/jre/lib/amd64/libjava.so
7f60fb667000-7f60fb669000 rw-p 0002a000 08:04 1187129                    /usr/lib/jvm/java-8-oracle/jre/lib/amd64/libjava.so
7f60fb669000-7f60fb676000 r-xp 00000000 08:04 1187083                    /usr/lib/jvm/java-8-oracle/jre/lib/amd64/libverify.so
7f60fb676000-7f60fb876000 ---p 0000d000 08:04 1187083                    /usr/lib/jvm/java-8-oracle/jre/lib/amd64/libverify.so
7f60fb876000-7f60fb878000 rw-p 0000d000 08:04 1187083                    /usr/lib/jvm/java-8-oracle/jre/lib/amd64/libverify.so
7f60fb878000-7f60fb87f000 r-xp 00000000 08:04 5247761                    /lib/x86_64-linux-gnu/librt-2.23.so
7f60fb87f000-7f60fba7e000 ---p 00007000 08:04 5247761                    /lib/x86_64-linux-gnu/librt-2.23.so
7f60fba7e000-7f60fba7f000 r--p 00006000 08:04 5247761                    /lib/x86_64-linux-gnu/librt-2.23.so
7f60fba7f000-7f60fba80000 rw-p 00007000 08:04 5247761                    /lib/x86_64-linux-gnu/librt-2.23.so
7f60fba80000-7f60fbb88000 r-xp 00000000 08:04 5247677                    /lib/x86_64-linux-gnu/libm-2.23.so
7f60fbb88000-7f60fbd87000 ---p 00108000 08:04 5247677                    /lib/x86_64-linux-gnu/libm-2.23.so
7f60fbd87000-7f60fbd88000 r--p 00107000 08:04 5247677                    /lib/x86_64-linux-gnu/libm-2.23.so
7f60fbd88000-7f60fbd89000 rw-p 00108000 08:04 5247677                    /lib/x86_64-linux-gnu/libm-2.23.so
7f60fbd89000-7f60fca54000 r-xp 00000000 08:04 1187133                    /usr/lib/jvm/java-8-oracle/jre/lib/amd64/server/libjvm.so
7f60fca54000-7f60fcc53000 ---p 00ccb000 08:04 1187133                    /usr/lib/jvm/java-8-oracle/jre/lib/amd64/server/libjvm.so
7f60fcc53000-7f60fcd2c000 rw-p 00cca000 08:04 1187133                    /usr/lib/jvm/java-8-oracle/jre/lib/amd64/server/libjvm.so
7f60fcd2c000-7f60fcd77000 rw-p 00000000 00:00 0 
7f60fcd77000-7f60fcf37000 r-xp 00000000 08:04 5247607                    /lib/x86_64-linux-gnu/libc-2.23.so
7f60fcf37000-7f60fd136000 ---p 001c0000 08:04 5247607                    /lib/x86_64-linux-gnu/libc-2.23.so
7f60fd136000-7f60fd13a000 r--p 001bf000 08:04 5247607                    /lib/x86_64-linux-gnu/libc-2.23.so
7f60fd13a000-7f60fd13c000 rw-p 001c3000 08:04 5247607                    /lib/x86_64-linux-gnu/libc-2.23.so
7f60fd13c000-7f60fd140000 rw-p 00000000 00:00 0 
7f60fd140000-7f60fd143000 r-xp 00000000 08:04 5247631                    /lib/x86_64-linux-gnu/libdl-2.23.so
7f60fd143000-7f60fd342000 ---p 00003000 08:04 5247631                    /lib/x86_64-linux-gnu/libdl-2.23.so
7f60fd342000-7f60fd343000 r--p 00002000 08:04 5247631                    /lib/x86_64-linux-gnu/libdl-2.23.so
7f60fd343000-7f60fd344000 rw-p 00003000 08:04 5247631                    /lib/x86_64-linux-gnu/libdl-2.23.so
7f60fd344000-7f60fd359000 r-xp 00000000 08:04 1186110                    /usr/lib/jvm/java-8-oracle/lib/amd64/jli/libjli.so
7f60fd359000-7f60fd559000 ---p 00015000 08:04 1186110                    /usr/lib/jvm/java-8-oracle/lib/amd64/jli/libjli.so
7f60fd559000-7f60fd55a000 rw-p 00015000 08:04 1186110                    /usr/lib/jvm/java-8-oracle/lib/amd64/jli/libjli.so
7f60fd55a000-7f60fd572000 r-xp 00000000 08:04 5247753                    /lib/x86_64-linux-gnu/libpthread-2.23.so
7f60fd572000-7f60fd771000 ---p 00018000 08:04 5247753                    /lib/x86_64-linux-gnu/libpthread-2.23.so
7f60fd771000-7f60fd772000 r--p 00017000 08:04 5247753                    /lib/x86_64-linux-gnu/libpthread-2.23.so
7f60fd772000-7f60fd773000 rw-p 00018000 08:04 5247753                    /lib/x86_64-linux-gnu/libpthread-2.23.so
7f60fd773000-7f60fd777000 rw-p 00000000 00:00 0 
7f60fd777000-7f60fd79d000 r-xp 00000000 08:04 5247579                    /lib/x86_64-linux-gnu/ld-2.23.so
7f60fd79d000-7f60fd79f000 r--s 0000a000 08:04 4720439                    /home/jaeger/İndirilenler/idea-IU-162.1447.26/plugins/maven/lib/maven3/lib/maven-settings-3.0.5.jar
7f60fd79f000-7f60fd7a1000 r--s 0000d000 08:04 4720443                    /home/jaeger/İndirilenler/idea-IU-162.1447.26/plugins/maven/lib/maven3/lib/plexus-interpolation-1.14.jar
7f60fd7a1000-7f60fd7a3000 r--s 0000b000 08:04 4720437                    /home/jaeger/İndirilenler/idea-IU-162.1447.26/plugins/maven/lib/maven3/lib/maven-plugin-api-3.0.5.jar
7f60fd7a3000-7f60fd7a9000 r--s 0002c000 08:04 4720449                    /home/jaeger/İndirilenler/idea-IU-162.1447.26/plugins/maven/lib/maven3/lib/sisu-inject-plexus-2.3.0.jar
7f60fd7a9000-7f60fd874000 rw-p 00000000 00:00 0 
7f60fd874000-7f60fd877000 ---p 00000000 00:00 0 
7f60fd877000-7f60fd979000 rw-p 00000000 00:00 0 
7f60fd979000-7f60fd97a000 r--s 00002000 08:04 4720452                    /home/jaeger/İndirilenler/idea-IU-162.1447.26/plugins/maven/lib/maven3/lib/wagon-http-shared-2.8.jar
7f60fd97a000-7f60fd986000 r--s 0007d000 08:04 4720433                    /home/jaeger/İndirilenler/idea-IU-162.1447.26/plugins/maven/lib/maven3/lib/maven-core-3.0.5.jar
7f60fd986000-7f60fd98c000 r--s 0003f000 08:04 4720432                    /home/jaeger/İndirilenler/idea-IU-162.1447.26/plugins/maven/lib/maven3/lib/maven-compat-3.0.5.jar
7f60fd98c000-7f60fd98e000 r--s 0001e000 08:04 4329495                    /home/jaeger/İndirilenler/idea-IU-162.1447.26/lib/idea_rt.jar
7f60fd98e000-7f60fd990000 r--s 0000a000 08:04 4720416                    /home/jaeger/İndirilenler/idea-IU-162.1447.26/plugins/maven/lib/maven3/boot/plexus-classworlds-2.4.jar
7f60fd990000-7f60fd998000 rw-s 00000000 08:04 1973822                    /tmp/hsperfdata_jaeger/25044
7f60fd998000-7f60fd999000 rw-p 00000000 00:00 0 
7f60fd999000-7f60fd99a000 r--p 00000000 00:00 0 
7f60fd99a000-7f60fd99c000 rw-p 00000000 00:00 0 
7f60fd99c000-7f60fd99d000 r--p 00025000 08:04 5247579                    /lib/x86_64-linux-gnu/ld-2.23.so
7f60fd99d000-7f60fd99e000 rw-p 00026000 08:04 5247579                    /lib/x86_64-linux-gnu/ld-2.23.so
7f60fd99e000-7f60fd99f000 rw-p 00000000 00:00 0 
7ffe9b399000-7ffe9b3ba000 rw-p 00000000 00:00 0                          [stack]
7ffe9b3ef000-7ffe9b3f1000 r--p 00000000 00:00 0                          [vvar]
7ffe9b3f1000-7ffe9b3f3000 r-xp 00000000 00:00 0                          [vdso]
ffffffffff600000-ffffffffff601000 r-xp 00000000 00:00 0                  [vsyscall]

VM Arguments:
jvm_args: -agentlib:jdwp=transport=dt_socket,address=127.0.0.1:40577,suspend=y,server=n -Dmaven.home=/home/jaeger/İndirilenler/idea-IU-162.1447.26/plugins/maven/lib/maven3 -Dclassworlds.conf=/home/jaeger/İndirilenler/idea-IU-162.1447.26/plugins/maven/lib/maven3/bin/m2.conf -Dfile.encoding=UTF-8 
java_command: org.codehaus.classworlds.Launcher -Didea.version=2016.2.1 spring-boot:run
java_class_path (initial): /home/jaeger/İndirilenler/idea-IU-162.1447.26/plugins/maven/lib/maven3/boot/plexus-classworlds-2.4.jar:/home/jaeger/İndirilenler/idea-IU-162.1447.26/lib/idea_rt.jar
Launcher Type: SUN_STANDARD

Environment Variables:
PATH=/usr/local/sbin:/usr/local/bin:/usr/sbin:/usr/bin:/sbin:/bin:/usr/games:/usr/local/games"JAVA_HOME=/usr/lib/jvm/java-8-oracle
USERNAME=jaeger
LD_LIBRARY_PATH=/home/jaeger/İndirilenler/idea-IU-162.1447.26/bin:
SHELL=/bin/bash
DISPLAY=:0.0

Signal Handlers:
SIGSEGV: [libjvm.so+0xac4790], sa_mask[0]=11111111011111111101111111111110, sa_flags=SA_RESTART|SA_SIGINFO
SIGBUS: [libjvm.so+0xac4790], sa_mask[0]=11111111011111111101111111111110, sa_flags=SA_RESTART|SA_SIGINFO
SIGFPE: [libjvm.so+0x91f140], sa_mask[0]=11111111011111111101111111111110, sa_flags=SA_RESTART|SA_SIGINFO
SIGPIPE: [libjvm.so+0x91f140], sa_mask[0]=11111111011111111101111111111110, sa_flags=SA_RESTART|SA_SIGINFO
SIGXFSZ: [libjvm.so+0x91f140], sa_mask[0]=11111111011111111101111111111110, sa_flags=SA_RESTART|SA_SIGINFO
SIGILL: [libjvm.so+0x91f140], sa_mask[0]=11111111011111111101111111111110, sa_flags=SA_RESTART|SA_SIGINFO
SIGUSR1: SIG_DFL, sa_mask[0]=00000000000000000000000000000000, sa_flags=none
SIGUSR2: [libjvm.so+0x920770], sa_mask[0]=00100000000000000000000000000000, sa_flags=SA_RESTART|SA_SIGINFO
SIGHUP: [libjvm.so+0x921b70], sa_mask[0]=11111111011111111101111111111110, sa_flags=SA_RESTART|SA_SIGINFO
SIGINT: [libjvm.so+0x921b70], sa_mask[0]=11111111011111111101111111111110, sa_flags=SA_RESTART|SA_SIGINFO
SIGTERM: [libjvm.so+0x921b70], sa_mask[0]=11111111011111111101111111111110, sa_flags=SA_RESTART|SA_SIGINFO
SIGQUIT: [libjvm.so+0x921b70], sa_mask[0]=11111111011111111101111111111110, sa_flags=SA_RESTART|SA_SIGINFO


---------------  S Y S T E M  ---------------

OS:DISTRIB_ID=LinuxMint
DISTRIB_RELEASE=18
DISTRIB_CODENAME=sarah
DISTRIB_DESCRIPTION="Linux Mint 18 Sarah"

uname:Linux 4.4.0-34-generic #53-Ubuntu SMP Wed Jul 27 16:06:39 UTC 2016 x86_64
libc:glibc 2.23 NPTL 2.23 
rlimit: STACK 8192k, CORE 0k, NPROC 31307, NOFILE 65536, AS infinity
load average:1,83 0,70 0,49

/proc/meminfo:
MemTotal:        8055332 kB
MemFree:          742032 kB
MemAvailable:    2108228 kB
Buffers:           76288 kB
Cached:          1761480 kB
SwapCached:            0 kB
Active:          6032640 kB
Inactive:         998856 kB
Active(anon):    5235096 kB
Inactive(anon):   266332 kB
Active(file):     797544 kB
Inactive(file):   732524 kB
Unevictable:         100 kB
Mlocked:             100 kB
SwapTotal:             0 kB
SwapFree:              0 kB
Dirty:             26584 kB
Writeback:             0 kB
AnonPages:       5195844 kB
Mapped:           717896 kB
Shmem:            307700 kB
Slab:             158692 kB
SReclaimable:     113084 kB
SUnreclaim:        45608 kB
KernelStack:       14352 kB
PageTables:        47156 kB
NFS_Unstable:          0 kB
Bounce:                0 kB
WritebackTmp:          0 kB
CommitLimit:     4027664 kB
Committed_AS:    9825140 kB
VmallocTotal:   34359738367 kB
VmallocUsed:           0 kB
VmallocChunk:          0 kB
HardwareCorrupted:     0 kB
AnonHugePages:   3192832 kB
CmaTotal:              0 kB
CmaFree:               0 kB
HugePages_Total:       0
HugePages_Free:        0
HugePages_Rsvd:        0
HugePages_Surp:        0
Hugepagesize:       2048 kB
DirectMap4k:      200144 kB
DirectMap2M:     8069120 kB
DirectMap1G:           0 kB


CPU:total 8 (4 cores per cpu, 2 threads per core) family 6 model 60 stepping 3, cmov, cx8, fxsr, mmx, sse, sse2, sse3, ssse3, sse4.1, sse4.2, popcnt, avx, avx2, aes, clmul, erms, lzcnt, ht, tsc, tscinvbit, bmi1, bmi2

/proc/cpuinfo:
processor	: 0
vendor_id	: GenuineIntel
cpu family	: 6
model		: 60
model name	: Intel(R) Core(TM) i7-4700HQ CPU @ 2.40GHz
stepping	: 3
microcode	: 0x1e
cpu MHz		: 3199.968
cache size	: 6144 KB
physical id	: 0
siblings	: 8
core id		: 0
cpu cores	: 4
apicid		: 0
initial apicid	: 0
fpu		: yes
fpu_exception	: yes
cpuid level	: 13
wp		: yes
flags		: fpu vme de pse tsc msr pae mce cx8 apic sep mtrr pge mca cmov pat pse36 clflush dts acpi mmx fxsr sse sse2 ss ht tm pbe syscall nx pdpe1gb rdtscp lm constant_tsc arch_perfmon pebs bts rep_good nopl xtopology nonstop_tsc aperfmperf eagerfpu pni pclmulqdq dtes64 monitor ds_cpl vmx est tm2 ssse3 sdbg fma cx16 xtpr pdcm pcid sse4_1 sse4_2 x2apic movbe popcnt tsc_deadline_timer aes xsave avx f16c rdrand lahf_lm abm epb tpr_shadow vnmi flexpriority ept vpid fsgsbase tsc_adjust bmi1 avx2 smep bmi2 erms invpcid xsaveopt dtherm ida arat pln pts
bugs		:
bogomips	: 4789.05
clflush size	: 64
cache_alignment	: 64
address sizes	: 39 bits physical, 48 bits virtual
power management:

processor	: 1
vendor_id	: GenuineIntel
cpu family	: 6
model		: 60
model name	: Intel(R) Core(TM) i7-4700HQ CPU @ 2.40GHz
stepping	: 3
microcode	: 0x1e
cpu MHz		: 3199.968
cache size	: 6144 KB
physical id	: 0
siblings	: 8
core id		: 1
cpu cores	: 4
apicid		: 2
initial apicid	: 2
fpu		: yes
fpu_exception	: yes
cpuid level	: 13
wp		: yes
flags		: fpu vme de pse tsc msr pae mce cx8 apic sep mtrr pge mca cmov pat pse36 clflush dts acpi mmx fxsr sse sse2 ss ht tm pbe syscall nx pdpe1gb rdtscp lm constant_tsc arch_perfmon pebs bts rep_good nopl xtopology nonstop_tsc aperfmperf eagerfpu pni pclmulqdq dtes64 monitor ds_cpl vmx est tm2 ssse3 sdbg fma cx16 xtpr pdcm pcid sse4_1 sse4_2 x2apic movbe popcnt tsc_deadline_timer aes xsave avx f16c rdrand lahf_lm abm epb tpr_shadow vnmi flexpriority ept vpid fsgsbase tsc_adjust bmi1 avx2 smep bmi2 erms invpcid xsaveopt dtherm ida arat pln pts
bugs		:
bogomips	: 4789.05
clflush size	: 64
cache_alignment	: 64
address sizes	: 39 bits physical, 48 bits virtual
power management:

processor	: 2
vendor_id	: GenuineIntel
cpu family	: 6
model		: 60
model name	: Intel(R) Core(TM) i7-4700HQ CPU @ 2.40GHz
stepping	: 3
microcode	: 0x1e
cpu MHz		: 3199.968
cache size	: 6144 KB
physical id	: 0
siblings	: 8
core id		: 2
cpu cores	: 4
apicid		: 4
initial apicid	: 4
fpu		: yes
fpu_exception	: yes
cpuid level	: 13
wp		: yes
flags		: fpu vme de pse tsc msr pae mce cx8 apic sep mtrr pge mca cmov pat pse36 clflush dts acpi mmx fxsr sse sse2 ss ht tm pbe syscall nx pdpe1gb rdtscp lm constant_tsc arch_perfmon pebs bts rep_good nopl xtopology nonstop_tsc aperfmperf eagerfpu pni pclmulqdq dtes64 monitor ds_cpl vmx est tm2 ssse3 sdbg fma cx16 xtpr pdcm pcid sse4_1 sse4_2 x2apic movbe popcnt tsc_deadline_timer aes xsave avx f16c rdrand lahf_lm abm epb tpr_shadow vnmi flexpriority ept vpid fsgsbase tsc_adjust bmi1 avx2 smep bmi2 erms invpcid xsaveopt dtherm ida arat pln pts
bugs		:
bogomips	: 4789.05
clflush size	: 64
cache_alignment	: 64
address sizes	: 39 bits physical, 48 bits virtual
power management:

processor	: 3
vendor_id	: GenuineIntel
cpu family	: 6
model		: 60
model name	: Intel(R) Core(TM) i7-4700HQ CPU @ 2.40GHz
stepping	: 3
microcode	: 0x1e
cpu MHz		: 3199.968
cache size	: 6144 KB
physical id	: 0
siblings	: 8
core id		: 3
cpu cores	: 4
apicid		: 6
initial apicid	: 6
fpu		: yes
fpu_exception	: yes
cpuid level	: 13
wp		: yes
flags		: fpu vme de pse tsc msr pae mce cx8 apic sep mtrr pge mca cmov pat pse36 clflush dts acpi mmx fxsr sse sse2 ss ht tm pbe syscall nx pdpe1gb rdtscp lm constant_tsc arch_perfmon pebs bts rep_good nopl xtopology nonstop_tsc aperfmperf eagerfpu pni pclmulqdq dtes64 monitor ds_cpl vmx est tm2 ssse3 sdbg fma cx16 xtpr pdcm pcid sse4_1 sse4_2 x2apic movbe popcnt tsc_deadline_timer aes xsave avx f16c rdrand lahf_lm abm epb tpr_shadow vnmi flexpriority ept vpid fsgsbase tsc_adjust bmi1 avx2 smep bmi2 erms invpcid xsaveopt dtherm ida arat pln pts
bugs		:
bogomips	: 4789.05
clflush size	: 64
cache_alignment	: 64
address sizes	: 39 bits physical, 48 bits virtual
power management:

processor	: 4
vendor_id	: GenuineIntel
cpu family	: 6
model		: 60
model name	: Intel(R) Core(TM) i7-4700HQ CPU @ 2.40GHz
stepping	: 3
microcode	: 0x1e
cpu MHz		: 3199.968
cache size	: 6144 KB
physical id	: 0
siblings	: 8
core id		: 0
cpu cores	: 4
apicid		: 1
initial apicid	: 1
fpu		: yes
fpu_exception	: yes
cpuid level	: 13
wp		: yes
flags		: fpu vme de pse tsc msr pae mce cx8 apic sep mtrr pge mca cmov pat pse36 clflush dts acpi mmx fxsr sse sse2 ss ht tm pbe syscall nx pdpe1gb rdtscp lm constant_tsc arch_perfmon pebs bts rep_good nopl xtopology nonstop_tsc aperfmperf eagerfpu pni pclmulqdq dtes64 monitor ds_cpl vmx est tm2 ssse3 sdbg fma cx16 xtpr pdcm pcid sse4_1 sse4_2 x2apic movbe popcnt tsc_deadline_timer aes xsave avx f16c rdrand lahf_lm abm epb tpr_shadow vnmi flexpriority ept vpid fsgsbase tsc_adjust bmi1 avx2 smep bmi2 erms invpcid xsaveopt dtherm ida arat pln pts
bugs		:
bogomips	: 4789.05
clflush size	: 64
cache_alignment	: 64
address sizes	: 39 bits physical, 48 bits virtual
power management:

processor	: 5
vendor_id	: GenuineIntel
cpu family	: 6
model		: 60
model name	: Intel(R) Core(TM) i7-4700HQ CPU @ 2.40GHz
stepping	: 3
microcode	: 0x1e
cpu MHz		: 3199.968
cache size	: 6144 KB
physical id	: 0
siblings	: 8
core id		: 1
cpu cores	: 4
apicid		: 3
initial apicid	: 3
fpu		: yes
fpu_exception	: yes
cpuid level	: 13
wp		: yes
flags		: fpu vme de pse tsc msr pae mce cx8 apic sep mtrr pge mca cmov pat pse36 clflush dts acpi mmx fxsr sse sse2 ss ht tm pbe syscall nx pdpe1gb rdtscp lm constant_tsc arch_perfmon pebs bts rep_good nopl xtopology nonstop_tsc aperfmperf eagerfpu pni pclmulqdq dtes64 monitor ds_cpl vmx est tm2 ssse3 sdbg fma cx16 xtpr pdcm pcid sse4_1 sse4_2 x2apic movbe popcnt tsc_deadline_timer aes xsave avx f16c rdrand lahf_lm abm epb tpr_shadow vnmi flexpriority ept vpid fsgsbase tsc_adjust bmi1 avx2 smep bmi2 erms invpcid xsaveopt dtherm ida arat pln pts
bugs		:
bogomips	: 4789.05
clflush size	: 64
cache_alignment	: 64
address sizes	: 39 bits physical, 48 bits virtual
power management:

processor	: 6
vendor_id	: GenuineIntel
cpu family	: 6
model		: 60
model name	: Intel(R) Core(TM) i7-4700HQ CPU @ 2.40GHz
stepping	: 3
microcode	: 0x1e
cpu MHz		: 3199.968
cache size	: 6144 KB
physical id	: 0
siblings	: 8
core id		: 2
cpu cores	: 4
apicid		: 5
initial apicid	: 5
fpu		: yes
fpu_exception	: yes
cpuid level	: 13
wp		: yes
flags		: fpu vme de pse tsc msr pae mce cx8 apic sep mtrr pge mca cmov pat pse36 clflush dts acpi mmx fxsr sse sse2 ss ht tm pbe syscall nx pdpe1gb rdtscp lm constant_tsc arch_perfmon pebs bts rep_good nopl xtopology nonstop_tsc aperfmperf eagerfpu pni pclmulqdq dtes64 monitor ds_cpl vmx est tm2 ssse3 sdbg fma cx16 xtpr pdcm pcid sse4_1 sse4_2 x2apic movbe popcnt tsc_deadline_timer aes xsave avx f16c rdrand lahf_lm abm epb tpr_shadow vnmi flexpriority ept vpid fsgsbase tsc_adjust bmi1 avx2 smep bmi2 erms invpcid xsaveopt dtherm ida arat pln pts
bugs		:
bogomips	: 4789.05
clflush size	: 64
cache_alignment	: 64
address sizes	: 39 bits physical, 48 bits virtual
power management:

processor	: 7
vendor_id	: GenuineIntel
cpu family	: 6
model		: 60
model name	: Intel(R) Core(TM) i7-4700HQ CPU @ 2.40GHz
stepping	: 3
microcode	: 0x1e
cpu MHz		: 3199.968
cache size	: 6144 KB
physical id	: 0
siblings	: 8
core id		: 3
cpu cores	: 4
apicid		: 7
initial apicid	: 7
fpu		: yes
fpu_exception	: yes
cpuid level	: 13
wp		: yes
flags		: fpu vme de pse tsc msr pae mce cx8 apic sep mtrr pge mca cmov pat pse36 clflush dts acpi mmx fxsr sse sse2 ss ht tm pbe syscall nx pdpe1gb rdtscp lm constant_tsc arch_perfmon pebs bts rep_good nopl xtopology nonstop_tsc aperfmperf eagerfpu pni pclmulqdq dtes64 monitor ds_cpl vmx est tm2 ssse3 sdbg fma cx16 xtpr pdcm pcid sse4_1 sse4_2 x2apic movbe popcnt tsc_deadline_timer aes xsave avx f16c rdrand lahf_lm abm epb tpr_shadow vnmi flexpriority ept vpid fsgsbase tsc_adjust bmi1 avx2 smep bmi2 erms invpcid xsaveopt dtherm ida arat pln pts
bugs		:
bogomips	: 4789.05
clflush size	: 64
cache_alignment	: 64
address sizes	: 39 bits physical, 48 bits virtual
power management:



Memory: 4k page, physical 8055332k(742032k free), swap 0k(0k free)

vm_info: Java HotSpot(TM) 64-Bit Server VM (25.101-b13) for linux-amd64 JRE (1.8.0_101-b13), built on Jun 22 2016 02:59:44 by "java_re" with gcc 4.3.0 20080428 (Red Hat 4.3.0-8)

time: Fri Aug 12 15:57:31 2016
elapsed time: 4 seconds (0d 0h 0m 4s)

